{"C:\\Users\\jerry_c\\.gemini\\antigravity\\scratch\\liqui-moly-chatbot\\lib\\agent-prompts.js": {"path":"C:\\Users\\jerry_c\\.gemini\\antigravity\\scratch\\liqui-moly-chatbot\\lib\\agent-prompts.js","statementMap":{"0":{"start":{"line":31,"column":4},"end":{"line":31,"column":34}},"1":{"start":{"line":34,"column":20},"end":{"line":43,"column":1}},"2":{"start":{"line":51,"column":17},"end":{"line":51,"column":28}},"3":{"start":{"line":52,"column":28},"end":{"line":52,"column":50}},"4":{"start":{"line":53,"column":27},"end":{"line":54,"column":50}},"5":{"start":{"line":58,"column":39},"end":{"line":59,"column":63}},"6":{"start":{"line":60,"column":28},"end":{"line":60,"column":50}},"7":{"start":{"line":63,"column":4},"end":{"line":65,"column":5}},"8":{"start":{"line":64,"column":8},"end":{"line":64,"column":39}},"9":{"start":{"line":68,"column":4},"end":{"line":70,"column":5}},"10":{"start":{"line":69,"column":8},"end":{"line":69,"column":36}},"11":{"start":{"line":73,"column":4},"end":{"line":75,"column":5}},"12":{"start":{"line":74,"column":8},"end":{"line":74,"column":33}},"13":{"start":{"line":78,"column":4},"end":{"line":80,"column":5}},"14":{"start":{"line":79,"column":8},"end":{"line":79,"column":35}},"15":{"start":{"line":83,"column":4},"end":{"line":85,"column":5}},"16":{"start":{"line":84,"column":8},"end":{"line":84,"column":36}},"17":{"start":{"line":88,"column":4},"end":{"line":91,"column":5}},"18":{"start":{"line":89,"column":8},"end":{"line":89,"column":92}},"19":{"start":{"line":90,"column":8},"end":{"line":90,"column":36}},"20":{"start":{"line":94,"column":4},"end":{"line":103,"column":5}},"21":{"start":{"line":95,"column":8},"end":{"line":97,"column":9}},"22":{"start":{"line":96,"column":12},"end":{"line":96,"column":48}},"23":{"start":{"line":99,"column":8},"end":{"line":101,"column":9}},"24":{"start":{"line":100,"column":12},"end":{"line":100,"column":39}},"25":{"start":{"line":102,"column":8},"end":{"line":102,"column":39}},"26":{"start":{"line":106,"column":4},"end":{"line":106,"column":31}},"27":{"start":{"line":113,"column":4},"end":{"line":113,"column":35}},"28":{"start":{"line":120,"column":4},"end":{"line":120,"column":35}},"29":{"start":{"line":132,"column":25},"end":{"line":132,"column":53}},"30":{"start":{"line":133,"column":22},"end":{"line":133,"column":57}},"31":{"start":{"line":134,"column":29},"end":{"line":134,"column":75}},"32":{"start":{"line":135,"column":31},"end":{"line":135,"column":97}},"33":{"start":{"line":138,"column":4},"end":{"line":177,"column":5}},"34":{"start":{"line":139,"column":29},"end":{"line":139,"column":110}},"35":{"start":{"line":140,"column":8},"end":{"line":176,"column":92}},"36":{"start":{"line":180,"column":4},"end":{"line":209,"column":32}},"37":{"start":{"line":219,"column":21},"end":{"line":219,"column":23}},"38":{"start":{"line":221,"column":4},"end":{"line":221,"column":37}},"39":{"start":{"line":222,"column":4},"end":{"line":222,"column":37}},"40":{"start":{"line":226,"column":23},"end":{"line":226,"column":88}},"41":{"start":{"line":227,"column":20},"end":{"line":227,"column":22}},"42":{"start":{"line":229,"column":4},"end":{"line":234,"column":5}},"43":{"start":{"line":231,"column":8},"end":{"line":231,"column":42}},"44":{"start":{"line":232,"column":11},"end":{"line":234,"column":5}},"45":{"start":{"line":233,"column":8},"end":{"line":233,"column":33}},"46":{"start":{"line":237,"column":4},"end":{"line":241,"column":7}},"47":{"start":{"line":238,"column":8},"end":{"line":238,"column":51}},"48":{"start":{"line":238,"column":38},"end":{"line":238,"column":51}},"49":{"start":{"line":239,"column":26},"end":{"line":239,"column":44}},"50":{"start":{"line":240,"column":8},"end":{"line":240,"column":77}},"51":{"start":{"line":243,"column":4},"end":{"line":275,"column":5}},"52":{"start":{"line":245,"column":8},"end":{"line":270,"column":33}},"53":{"start":{"line":249,"column":24},"end":{"line":249,"column":35}},"54":{"start":{"line":263,"column":12},"end":{"line":265,"column":13}},"55":{"start":{"line":264,"column":16},"end":{"line":264,"column":45}},"56":{"start":{"line":266,"column":12},"end":{"line":266,"column":48}},"57":{"start":{"line":273,"column":8},"end":{"line":273,"column":107}},"58":{"start":{"line":274,"column":8},"end":{"line":274,"column":52}},"59":{"start":{"line":274,"column":36},"end":{"line":274,"column":37}},"60":{"start":{"line":278,"column":31},"end":{"line":278,"column":55}},"61":{"start":{"line":279,"column":4},"end":{"line":281,"column":5}},"62":{"start":{"line":280,"column":8},"end":{"line":280,"column":42}},"63":{"start":{"line":284,"column":4},"end":{"line":284,"column":49}},"64":{"start":{"line":287,"column":4},"end":{"line":289,"column":5}},"65":{"start":{"line":288,"column":8},"end":{"line":288,"column":74}},"66":{"start":{"line":292,"column":4},"end":{"line":294,"column":5}},"67":{"start":{"line":293,"column":8},"end":{"line":293,"column":52}},"68":{"start":{"line":297,"column":4},"end":{"line":297,"column":101}},"69":{"start":{"line":299,"column":4},"end":{"line":299,"column":48}},"70":{"start":{"line":299,"column":32},"end":{"line":299,"column":33}},"71":{"start":{"line":310,"column":21},"end":{"line":310,"column":23}},"72":{"start":{"line":312,"column":4},"end":{"line":312,"column":37}},"73":{"start":{"line":313,"column":4},"end":{"line":313,"column":37}},"74":{"start":{"line":316,"column":23},"end":{"line":316,"column":42}},"75":{"start":{"line":317,"column":24},"end":{"line":317,"column":49}},"76":{"start":{"line":320,"column":27},"end":{"line":324,"column":5}},"77":{"start":{"line":327,"column":25},"end":{"line":327,"column":82}},"78":{"start":{"line":328,"column":24},"end":{"line":331,"column":5}},"79":{"start":{"line":334,"column":20},"end":{"line":338,"column":12}},"80":{"start":{"line":341,"column":31},"end":{"line":341,"column":55}},"81":{"start":{"line":342,"column":4},"end":{"line":344,"column":5}},"82":{"start":{"line":343,"column":8},"end":{"line":343,"column":42}},"83":{"start":{"line":347,"column":4},"end":{"line":351,"column":8}},"84":{"start":{"line":354,"column":26},"end":{"line":354,"column":86}},"85":{"start":{"line":355,"column":4},"end":{"line":357,"column":5}},"86":{"start":{"line":356,"column":8},"end":{"line":356,"column":64}},"87":{"start":{"line":360,"column":4},"end":{"line":362,"column":5}},"88":{"start":{"line":361,"column":8},"end":{"line":361,"column":52}},"89":{"start":{"line":366,"column":4},"end":{"line":369,"column":8}},"90":{"start":{"line":371,"column":4},"end":{"line":371,"column":48}},"91":{"start":{"line":371,"column":32},"end":{"line":371,"column":33}},"92":{"start":{"line":380,"column":4},"end":{"line":387,"column":28}},"93":{"start":{"line":396,"column":25},"end":{"line":396,"column":53}},"94":{"start":{"line":397,"column":22},"end":{"line":397,"column":57}},"95":{"start":{"line":398,"column":28},"end":{"line":398,"column":70}},"96":{"start":{"line":401,"column":4},"end":{"line":422,"column":31}},"97":{"start":{"line":430,"column":21},"end":{"line":430,"column":23}},"98":{"start":{"line":432,"column":4},"end":{"line":432,"column":37}},"99":{"start":{"line":433,"column":4},"end":{"line":433,"column":37}},"100":{"start":{"line":436,"column":4},"end":{"line":439,"column":26}},"101":{"start":{"line":441,"column":4},"end":{"line":443,"column":5}},"102":{"start":{"line":442,"column":8},"end":{"line":442,"column":52}},"103":{"start":{"line":445,"column":4},"end":{"line":445,"column":48}},"104":{"start":{"line":445,"column":32},"end":{"line":445,"column":33}},"105":{"start":{"line":455,"column":21},"end":{"line":455,"column":23}},"106":{"start":{"line":457,"column":4},"end":{"line":457,"column":37}},"107":{"start":{"line":458,"column":4},"end":{"line":458,"column":37}},"108":{"start":{"line":461,"column":31},"end":{"line":461,"column":55}},"109":{"start":{"line":462,"column":4},"end":{"line":464,"column":5}},"110":{"start":{"line":463,"column":8},"end":{"line":463,"column":42}},"111":{"start":{"line":467,"column":28},"end":{"line":467,"column":50}},"112":{"start":{"line":468,"column":4},"end":{"line":470,"column":5}},"113":{"start":{"line":469,"column":8},"end":{"line":469,"column":50}},"114":{"start":{"line":473,"column":4},"end":{"line":475,"column":5}},"115":{"start":{"line":474,"column":8},"end":{"line":474,"column":96}},"116":{"start":{"line":477,"column":4},"end":{"line":482,"column":20}},"117":{"start":{"line":485,"column":30},"end":{"line":485,"column":75}},"118":{"start":{"line":487,"column":4},"end":{"line":501,"column":5}},"119":{"start":{"line":488,"column":8},"end":{"line":488,"column":52}},"120":{"start":{"line":490,"column":8},"end":{"line":490,"column":106}},"121":{"start":{"line":493,"column":8},"end":{"line":498,"column":54}},"122":{"start":{"line":500,"column":8},"end":{"line":500,"column":107}},"123":{"start":{"line":503,"column":4},"end":{"line":503,"column":48}},"124":{"start":{"line":503,"column":32},"end":{"line":503,"column":33}},"125":{"start":{"line":510,"column":4},"end":{"line":510,"column":33}},"126":{"start":{"line":510,"column":23},"end":{"line":510,"column":33}},"127":{"start":{"line":512,"column":18},"end":{"line":512,"column":53}},"128":{"start":{"line":514,"column":4},"end":{"line":516,"column":5}},"129":{"start":{"line":515,"column":8},"end":{"line":515,"column":40}},"130":{"start":{"line":518,"column":4},"end":{"line":520,"column":5}},"131":{"start":{"line":519,"column":8},"end":{"line":519,"column":60}},"132":{"start":{"line":522,"column":4},"end":{"line":527,"column":5}},"133":{"start":{"line":523,"column":8},"end":{"line":523,"column":35}},"134":{"start":{"line":524,"column":8},"end":{"line":526,"column":9}},"135":{"start":{"line":525,"column":12},"end":{"line":525,"column":92}},"136":{"start":{"line":529,"column":4},"end":{"line":529,"column":19}},"137":{"start":{"line":541,"column":4},"end":{"line":541,"column":26}},"138":{"start":{"line":541,"column":16},"end":{"line":541,"column":26}},"139":{"start":{"line":543,"column":18},"end":{"line":543,"column":27}},"140":{"start":{"line":545,"column":4},"end":{"line":550,"column":5}},"141":{"start":{"line":546,"column":8},"end":{"line":546,"column":32}},"142":{"start":{"line":547,"column":8},"end":{"line":549,"column":9}},"143":{"start":{"line":548,"column":12},"end":{"line":548,"column":56}},"144":{"start":{"line":552,"column":4},"end":{"line":557,"column":5}},"145":{"start":{"line":553,"column":8},"end":{"line":553,"column":30}},"146":{"start":{"line":554,"column":8},"end":{"line":556,"column":9}},"147":{"start":{"line":555,"column":12},"end":{"line":555,"column":82}},"148":{"start":{"line":559,"column":4},"end":{"line":559,"column":19}},"149":{"start":{"line":566,"column":4},"end":{"line":566,"column":49}},"150":{"start":{"line":566,"column":39},"end":{"line":566,"column":49}},"151":{"start":{"line":568,"column":18},"end":{"line":570,"column":16}},"152":{"start":{"line":569,"column":8},"end":{"line":569,"column":67}},"153":{"start":{"line":572,"column":4},"end":{"line":575,"column":16}},"154":{"start":{"line":587,"column":4},"end":{"line":609,"column":5}},"155":{"start":{"line":589,"column":12},"end":{"line":589,"column":47}},"156":{"start":{"line":592,"column":12},"end":{"line":592,"column":69}},"157":{"start":{"line":595,"column":12},"end":{"line":595,"column":74}},"158":{"start":{"line":598,"column":12},"end":{"line":598,"column":41}},"159":{"start":{"line":601,"column":12},"end":{"line":601,"column":44}},"160":{"start":{"line":604,"column":12},"end":{"line":604,"column":52}},"161":{"start":{"line":608,"column":12},"end":{"line":608,"column":73}},"162":{"start":{"line":612,"column":0},"end":{"line":624,"column":2}}},"fnMap":{"0":{"name":"selectAgent","decl":{"start":{"line":50,"column":9},"end":{"line":50,"column":20}},"loc":{"start":{"line":50,"column":29},"end":{"line":107,"column":1}},"line":50},"1":{"name":"getLanguageRule","decl":{"start":{"line":112,"column":9},"end":{"line":112,"column":24}},"loc":{"start":{"line":112,"column":27},"end":{"line":114,"column":1}},"line":112},"2":{"name":"getCoreIdentity","decl":{"start":{"line":119,"column":9},"end":{"line":119,"column":24}},"loc":{"start":{"line":119,"column":27},"end":{"line":121,"column":1}},"line":119},"3":{"name":"buildGreetingPrompt","decl":{"start":{"line":131,"column":9},"end":{"line":131,"column":28}},"loc":{"start":{"line":131,"column":44},"end":{"line":210,"column":1}},"line":131},"4":{"name":"buildOilPrompt","decl":{"start":{"line":218,"column":9},"end":{"line":218,"column":23}},"loc":{"start":{"line":218,"column":59},"end":{"line":300,"column":1}},"line":218},"5":{"name":"(anonymous_5)","decl":{"start":{"line":237,"column":33},"end":{"line":237,"column":34}},"loc":{"start":{"line":237,"column":41},"end":{"line":241,"column":5}},"line":237},"6":{"name":"(anonymous_6)","decl":{"start":{"line":249,"column":16},"end":{"line":249,"column":17}},"loc":{"start":{"line":249,"column":24},"end":{"line":249,"column":35}},"line":249},"7":{"name":"(anonymous_7)","decl":{"start":{"line":261,"column":16},"end":{"line":261,"column":17}},"loc":{"start":{"line":261,"column":31},"end":{"line":267,"column":9}},"line":261},"8":{"name":"(anonymous_8)","decl":{"start":{"line":274,"column":31},"end":{"line":274,"column":32}},"loc":{"start":{"line":274,"column":36},"end":{"line":274,"column":37}},"line":274},"9":{"name":"(anonymous_9)","decl":{"start":{"line":299,"column":27},"end":{"line":299,"column":28}},"loc":{"start":{"line":299,"column":32},"end":{"line":299,"column":33}},"line":299},"10":{"name":"buildAdditivePrompt","decl":{"start":{"line":309,"column":9},"end":{"line":309,"column":28}},"loc":{"start":{"line":309,"column":64},"end":{"line":372,"column":1}},"line":309},"11":{"name":"(anonymous_11)","decl":{"start":{"line":371,"column":27},"end":{"line":371,"column":28}},"loc":{"start":{"line":371,"column":32},"end":{"line":371,"column":33}},"line":371},"12":{"name":"buildPurchasePrompt","decl":{"start":{"line":378,"column":9},"end":{"line":378,"column":28}},"loc":{"start":{"line":378,"column":31},"end":{"line":388,"column":1}},"line":378},"13":{"name":"buildCooperationPrompt","decl":{"start":{"line":395,"column":9},"end":{"line":395,"column":31}},"loc":{"start":{"line":395,"column":34},"end":{"line":423,"column":1}},"line":395},"14":{"name":"buildPricePrompt","decl":{"start":{"line":429,"column":9},"end":{"line":429,"column":25}},"loc":{"start":{"line":429,"column":42},"end":{"line":446,"column":1}},"line":429},"15":{"name":"(anonymous_15)","decl":{"start":{"line":445,"column":27},"end":{"line":445,"column":28}},"loc":{"start":{"line":445,"column":32},"end":{"line":445,"column":33}},"line":445},"16":{"name":"buildGeneralPrompt","decl":{"start":{"line":454,"column":9},"end":{"line":454,"column":27}},"loc":{"start":{"line":454,"column":63},"end":{"line":504,"column":1}},"line":454},"17":{"name":"(anonymous_17)","decl":{"start":{"line":503,"column":27},"end":{"line":503,"column":28}},"loc":{"start":{"line":503,"column":32},"end":{"line":503,"column":33}},"line":503},"18":{"name":"buildCategorySpecSection","decl":{"start":{"line":509,"column":9},"end":{"line":509,"column":33}},"loc":{"start":{"line":509,"column":65},"end":{"line":530,"column":1}},"line":509},"19":{"name":"buildCertificationCompact","decl":{"start":{"line":540,"column":9},"end":{"line":540,"column":34}},"loc":{"start":{"line":540,"column":42},"end":{"line":560,"column":1}},"line":540},"20":{"name":"buildAdditiveMatchSection","decl":{"start":{"line":565,"column":9},"end":{"line":565,"column":34}},"loc":{"start":{"line":565,"column":50},"end":{"line":576,"column":1}},"line":565},"21":{"name":"(anonymous_21)","decl":{"start":{"line":568,"column":42},"end":{"line":568,"column":43}},"loc":{"start":{"line":569,"column":8},"end":{"line":569,"column":67}},"line":569},"22":{"name":"buildAgentPrompt","decl":{"start":{"line":586,"column":9},"end":{"line":586,"column":25}},"loc":{"start":{"line":586,"column":72},"end":{"line":610,"column":1}},"line":586}},"branchMap":{"0":{"loc":{"start":{"line":53,"column":27},"end":{"line":54,"column":50}},"type":"binary-expr","locations":[{"start":{"line":53,"column":27},"end":{"line":53,"column":67}},{"start":{"line":54,"column":8},"end":{"line":54,"column":50}}],"line":53},"1":{"loc":{"start":{"line":58,"column":39},"end":{"line":59,"column":63}},"type":"binary-expr","locations":[{"start":{"line":58,"column":39},"end":{"line":58,"column":81}},{"start":{"line":59,"column":8},"end":{"line":59,"column":63}}],"line":58},"2":{"loc":{"start":{"line":63,"column":4},"end":{"line":65,"column":5}},"type":"if","locations":[{"start":{"line":63,"column":4},"end":{"line":65,"column":5}},{"start":{},"end":{}}],"line":63},"3":{"loc":{"start":{"line":68,"column":4},"end":{"line":70,"column":5}},"type":"if","locations":[{"start":{"line":68,"column":4},"end":{"line":70,"column":5}},{"start":{},"end":{}}],"line":68},"4":{"loc":{"start":{"line":73,"column":4},"end":{"line":75,"column":5}},"type":"if","locations":[{"start":{"line":73,"column":4},"end":{"line":75,"column":5}},{"start":{},"end":{}}],"line":73},"5":{"loc":{"start":{"line":78,"column":4},"end":{"line":80,"column":5}},"type":"if","locations":[{"start":{"line":78,"column":4},"end":{"line":80,"column":5}},{"start":{},"end":{}}],"line":78},"6":{"loc":{"start":{"line":78,"column":8},"end":{"line":78,"column":85}},"type":"binary-expr","locations":[{"start":{"line":78,"column":8},"end":{"line":78,"column":48}},{"start":{"line":78,"column":52},"end":{"line":78,"column":85}}],"line":78},"7":{"loc":{"start":{"line":83,"column":4},"end":{"line":85,"column":5}},"type":"if","locations":[{"start":{"line":83,"column":4},"end":{"line":85,"column":5}},{"start":{},"end":{}}],"line":83},"8":{"loc":{"start":{"line":83,"column":8},"end":{"line":83,"column":84}},"type":"binary-expr","locations":[{"start":{"line":83,"column":8},"end":{"line":83,"column":34}},{"start":{"line":83,"column":38},"end":{"line":83,"column":53}},{"start":{"line":83,"column":57},"end":{"line":83,"column":84}}],"line":83},"9":{"loc":{"start":{"line":88,"column":4},"end":{"line":91,"column":5}},"type":"if","locations":[{"start":{"line":88,"column":4},"end":{"line":91,"column":5}},{"start":{},"end":{}}],"line":88},"10":{"loc":{"start":{"line":94,"column":4},"end":{"line":103,"column":5}},"type":"if","locations":[{"start":{"line":94,"column":4},"end":{"line":103,"column":5}},{"start":{},"end":{}}],"line":94},"11":{"loc":{"start":{"line":94,"column":8},"end":{"line":94,"column":71}},"type":"binary-expr","locations":[{"start":{"line":94,"column":8},"end":{"line":94,"column":41}},{"start":{"line":94,"column":45},"end":{"line":94,"column":71}}],"line":94},"12":{"loc":{"start":{"line":95,"column":8},"end":{"line":97,"column":9}},"type":"if","locations":[{"start":{"line":95,"column":8},"end":{"line":97,"column":9}},{"start":{},"end":{}}],"line":95},"13":{"loc":{"start":{"line":99,"column":8},"end":{"line":101,"column":9}},"type":"if","locations":[{"start":{"line":99,"column":8},"end":{"line":101,"column":9}},{"start":{},"end":{}}],"line":99},"14":{"loc":{"start":{"line":99,"column":12},"end":{"line":99,"column":71}},"type":"binary-expr","locations":[{"start":{"line":99,"column":12},"end":{"line":99,"column":27}},{"start":{"line":99,"column":31},"end":{"line":99,"column":71}}],"line":99},"15":{"loc":{"start":{"line":131,"column":29},"end":{"line":131,"column":42}},"type":"default-arg","locations":[{"start":{"line":131,"column":38},"end":{"line":131,"column":42}}],"line":131},"16":{"loc":{"start":{"line":135,"column":31},"end":{"line":135,"column":97}},"type":"binary-expr","locations":[{"start":{"line":135,"column":31},"end":{"line":135,"column":68}},{"start":{"line":135,"column":72},"end":{"line":135,"column":97}}],"line":135},"17":{"loc":{"start":{"line":138,"column":4},"end":{"line":177,"column":5}},"type":"if","locations":[{"start":{"line":138,"column":4},"end":{"line":177,"column":5}},{"start":{},"end":{}}],"line":138},"18":{"loc":{"start":{"line":139,"column":29},"end":{"line":139,"column":110}},"type":"binary-expr","locations":[{"start":{"line":139,"column":29},"end":{"line":139,"column":49}},{"start":{"line":139,"column":53},"end":{"line":139,"column":100}},{"start":{"line":139,"column":104},"end":{"line":139,"column":110}}],"line":139},"19":{"loc":{"start":{"line":201,"column":10},"end":{"line":201,"column":68}},"type":"binary-expr","locations":[{"start":{"line":201,"column":10},"end":{"line":201,"column":36}},{"start":{"line":201,"column":40},"end":{"line":201,"column":68}}],"line":201},"20":{"loc":{"start":{"line":226,"column":23},"end":{"line":226,"column":88}},"type":"binary-expr","locations":[{"start":{"line":226,"column":23},"end":{"line":226,"column":44}},{"start":{"line":226,"column":48},"end":{"line":226,"column":82}},{"start":{"line":226,"column":86},"end":{"line":226,"column":88}}],"line":226},"21":{"loc":{"start":{"line":229,"column":4},"end":{"line":234,"column":5}},"type":"if","locations":[{"start":{"line":229,"column":4},"end":{"line":234,"column":5}},{"start":{"line":232,"column":11},"end":{"line":234,"column":5}}],"line":229},"22":{"loc":{"start":{"line":229,"column":8},"end":{"line":229,"column":63}},"type":"binary-expr","locations":[{"start":{"line":229,"column":8},"end":{"line":229,"column":40}},{"start":{"line":229,"column":44},"end":{"line":229,"column":63}}],"line":229},"23":{"loc":{"start":{"line":232,"column":11},"end":{"line":234,"column":5}},"type":"if","locations":[{"start":{"line":232,"column":11},"end":{"line":234,"column":5}},{"start":{},"end":{}}],"line":232},"24":{"loc":{"start":{"line":238,"column":8},"end":{"line":238,"column":51}},"type":"if","locations":[{"start":{"line":238,"column":8},"end":{"line":238,"column":51}},{"start":{},"end":{}}],"line":238},"25":{"loc":{"start":{"line":240,"column":15},"end":{"line":240,"column":76}},"type":"binary-expr","locations":[{"start":{"line":240,"column":15},"end":{"line":240,"column":40}},{"start":{"line":240,"column":44},"end":{"line":240,"column":76}}],"line":240},"26":{"loc":{"start":{"line":243,"column":4},"end":{"line":275,"column":5}},"type":"if","locations":[{"start":{"line":243,"column":4},"end":{"line":275,"column":5}},{"start":{},"end":{}}],"line":243},"27":{"loc":{"start":{"line":260,"column":11},"end":{"line":260,"column":39}},"type":"binary-expr","locations":[{"start":{"line":260,"column":11},"end":{"line":260,"column":31}},{"start":{"line":260,"column":35},"end":{"line":260,"column":39}}],"line":260},"28":{"loc":{"start":{"line":263,"column":12},"end":{"line":265,"column":13}},"type":"if","locations":[{"start":{"line":263,"column":12},"end":{"line":265,"column":13}},{"start":{},"end":{}}],"line":263},"29":{"loc":{"start":{"line":263,"column":16},"end":{"line":263,"column":79}},"type":"binary-expr","locations":[{"start":{"line":263,"column":16},"end":{"line":263,"column":35}},{"start":{"line":263,"column":39},"end":{"line":263,"column":57}},{"start":{"line":263,"column":61},"end":{"line":263,"column":79}}],"line":263},"30":{"loc":{"start":{"line":279,"column":4},"end":{"line":281,"column":5}},"type":"if","locations":[{"start":{"line":279,"column":4},"end":{"line":281,"column":5}},{"start":{},"end":{}}],"line":279},"31":{"loc":{"start":{"line":287,"column":4},"end":{"line":289,"column":5}},"type":"if","locations":[{"start":{"line":287,"column":4},"end":{"line":289,"column":5}},{"start":{},"end":{}}],"line":287},"32":{"loc":{"start":{"line":292,"column":4},"end":{"line":294,"column":5}},"type":"if","locations":[{"start":{"line":292,"column":4},"end":{"line":294,"column":5}},{"start":{},"end":{}}],"line":292},"33":{"loc":{"start":{"line":321,"column":8},"end":{"line":323,"column":32}},"type":"binary-expr","locations":[{"start":{"line":321,"column":8},"end":{"line":321,"column":27}},{"start":{"line":322,"column":8},"end":{"line":322,"column":28}},{"start":{"line":323,"column":8},"end":{"line":323,"column":32}}],"line":321},"34":{"loc":{"start":{"line":327,"column":25},"end":{"line":327,"column":82}},"type":"binary-expr","locations":[{"start":{"line":327,"column":25},"end":{"line":327,"column":45}},{"start":{"line":327,"column":49},"end":{"line":327,"column":82}}],"line":327},"35":{"loc":{"start":{"line":328,"column":24},"end":{"line":331,"column":5}},"type":"binary-expr","locations":[{"start":{"line":328,"column":24},"end":{"line":328,"column":36}},{"start":{"line":328,"column":40},"end":{"line":331,"column":5}}],"line":328},"36":{"loc":{"start":{"line":329,"column":8},"end":{"line":330,"column":24}},"type":"binary-expr","locations":[{"start":{"line":329,"column":8},"end":{"line":329,"column":29}},{"start":{"line":330,"column":8},"end":{"line":330,"column":24}}],"line":329},"37":{"loc":{"start":{"line":334,"column":20},"end":{"line":338,"column":12}},"type":"binary-expr","locations":[{"start":{"line":334,"column":20},"end":{"line":334,"column":67}},{"start":{"line":335,"column":8},"end":{"line":335,"column":47}},{"start":{"line":336,"column":8},"end":{"line":336,"column":35}},{"start":{"line":337,"column":8},"end":{"line":337,"column":30}},{"start":{"line":338,"column":8},"end":{"line":338,"column":12}}],"line":334},"38":{"loc":{"start":{"line":342,"column":4},"end":{"line":344,"column":5}},"type":"if","locations":[{"start":{"line":342,"column":4},"end":{"line":344,"column":5}},{"start":{},"end":{}}],"line":342},"39":{"loc":{"start":{"line":354,"column":26},"end":{"line":354,"column":86}},"type":"binary-expr","locations":[{"start":{"line":354,"column":26},"end":{"line":354,"column":52}},{"start":{"line":354,"column":56},"end":{"line":354,"column":86}}],"line":354},"40":{"loc":{"start":{"line":355,"column":4},"end":{"line":357,"column":5}},"type":"if","locations":[{"start":{"line":355,"column":4},"end":{"line":357,"column":5}},{"start":{},"end":{}}],"line":355},"41":{"loc":{"start":{"line":355,"column":8},"end":{"line":355,"column":48}},"type":"binary-expr","locations":[{"start":{"line":355,"column":8},"end":{"line":355,"column":30}},{"start":{"line":355,"column":34},"end":{"line":355,"column":48}}],"line":355},"42":{"loc":{"start":{"line":360,"column":4},"end":{"line":362,"column":5}},"type":"if","locations":[{"start":{"line":360,"column":4},"end":{"line":362,"column":5}},{"start":{},"end":{}}],"line":360},"43":{"loc":{"start":{"line":360,"column":8},"end":{"line":360,"column":40}},"type":"binary-expr","locations":[{"start":{"line":360,"column":8},"end":{"line":360,"column":22}},{"start":{"line":360,"column":26},"end":{"line":360,"column":40}}],"line":360},"44":{"loc":{"start":{"line":415,"column":2},"end":{"line":415,"column":217}},"type":"binary-expr","locations":[{"start":{"line":415,"column":2},"end":{"line":415,"column":17}},{"start":{"line":415,"column":21},"end":{"line":415,"column":217}}],"line":415},"45":{"loc":{"start":{"line":441,"column":4},"end":{"line":443,"column":5}},"type":"if","locations":[{"start":{"line":441,"column":4},"end":{"line":443,"column":5}},{"start":{},"end":{}}],"line":441},"46":{"loc":{"start":{"line":462,"column":4},"end":{"line":464,"column":5}},"type":"if","locations":[{"start":{"line":462,"column":4},"end":{"line":464,"column":5}},{"start":{},"end":{}}],"line":462},"47":{"loc":{"start":{"line":468,"column":4},"end":{"line":470,"column":5}},"type":"if","locations":[{"start":{"line":468,"column":4},"end":{"line":470,"column":5}},{"start":{},"end":{}}],"line":468},"48":{"loc":{"start":{"line":468,"column":8},"end":{"line":468,"column":85}},"type":"binary-expr","locations":[{"start":{"line":468,"column":8},"end":{"line":468,"column":48}},{"start":{"line":468,"column":52},"end":{"line":468,"column":85}}],"line":468},"49":{"loc":{"start":{"line":473,"column":4},"end":{"line":475,"column":5}},"type":"if","locations":[{"start":{"line":473,"column":4},"end":{"line":475,"column":5}},{"start":{},"end":{}}],"line":473},"50":{"loc":{"start":{"line":485,"column":30},"end":{"line":485,"column":75}},"type":"binary-expr","locations":[{"start":{"line":485,"column":30},"end":{"line":485,"column":44}},{"start":{"line":485,"column":48},"end":{"line":485,"column":75}}],"line":485},"51":{"loc":{"start":{"line":487,"column":4},"end":{"line":501,"column":5}},"type":"if","locations":[{"start":{"line":487,"column":4},"end":{"line":501,"column":5}},{"start":{"line":491,"column":11},"end":{"line":501,"column":5}}],"line":487},"52":{"loc":{"start":{"line":510,"column":4},"end":{"line":510,"column":33}},"type":"if","locations":[{"start":{"line":510,"column":4},"end":{"line":510,"column":33}},{"start":{},"end":{}}],"line":510},"53":{"loc":{"start":{"line":512,"column":24},"end":{"line":512,"column":47}},"type":"binary-expr","locations":[{"start":{"line":512,"column":24},"end":{"line":512,"column":39}},{"start":{"line":512,"column":43},"end":{"line":512,"column":47}}],"line":512},"54":{"loc":{"start":{"line":514,"column":4},"end":{"line":516,"column":5}},"type":"if","locations":[{"start":{"line":514,"column":4},"end":{"line":516,"column":5}},{"start":{},"end":{}}],"line":514},"55":{"loc":{"start":{"line":518,"column":4},"end":{"line":520,"column":5}},"type":"if","locations":[{"start":{"line":518,"column":4},"end":{"line":520,"column":5}},{"start":{},"end":{}}],"line":518},"56":{"loc":{"start":{"line":522,"column":4},"end":{"line":527,"column":5}},"type":"if","locations":[{"start":{"line":522,"column":4},"end":{"line":527,"column":5}},{"start":{},"end":{}}],"line":522},"57":{"loc":{"start":{"line":541,"column":4},"end":{"line":541,"column":26}},"type":"if","locations":[{"start":{"line":541,"column":4},"end":{"line":541,"column":26}},{"start":{},"end":{}}],"line":541},"58":{"loc":{"start":{"line":545,"column":4},"end":{"line":550,"column":5}},"type":"if","locations":[{"start":{"line":545,"column":4},"end":{"line":550,"column":5}},{"start":{},"end":{}}],"line":545},"59":{"loc":{"start":{"line":552,"column":4},"end":{"line":557,"column":5}},"type":"if","locations":[{"start":{"line":552,"column":4},"end":{"line":557,"column":5}},{"start":{},"end":{}}],"line":552},"60":{"loc":{"start":{"line":555,"column":39},"end":{"line":555,"column":79}},"type":"binary-expr","locations":[{"start":{"line":555,"column":39},"end":{"line":555,"column":73}},{"start":{"line":555,"column":77},"end":{"line":555,"column":79}}],"line":555},"61":{"loc":{"start":{"line":566,"column":4},"end":{"line":566,"column":49}},"type":"if","locations":[{"start":{"line":566,"column":4},"end":{"line":566,"column":49}},{"start":{},"end":{}}],"line":566},"62":{"loc":{"start":{"line":569,"column":30},"end":{"line":569,"column":65}},"type":"binary-expr","locations":[{"start":{"line":569,"column":30},"end":{"line":569,"column":56}},{"start":{"line":569,"column":60},"end":{"line":569,"column":65}}],"line":569},"63":{"loc":{"start":{"line":587,"column":4},"end":{"line":609,"column":5}},"type":"switch","locations":[{"start":{"line":588,"column":8},"end":{"line":589,"column":47}},{"start":{"line":591,"column":8},"end":{"line":592,"column":69}},{"start":{"line":594,"column":8},"end":{"line":595,"column":74}},{"start":{"line":597,"column":8},"end":{"line":598,"column":41}},{"start":{"line":600,"column":8},"end":{"line":601,"column":44}},{"start":{"line":603,"column":8},"end":{"line":604,"column":52}},{"start":{"line":606,"column":8},"end":{"line":606,"column":33}},{"start":{"line":607,"column":8},"end":{"line":608,"column":73}}],"line":587}},"s":{"0":0,"1":0,"2":0,"3":0,"4":0,"5":0,"6":0,"7":0,"8":0,"9":0,"10":0,"11":0,"12":0,"13":0,"14":0,"15":0,"16":0,"17":0,"18":0,"19":0,"20":0,"21":0,"22":0,"23":0,"24":0,"25":0,"26":0,"27":0,"28":0,"29":0,"30":0,"31":0,"32":0,"33":0,"34":0,"35":0,"36":0,"37":0,"38":0,"39":0,"40":0,"41":0,"42":0,"43":0,"44":0,"45":0,"46":0,"47":0,"48":0,"49":0,"50":0,"51":0,"52":0,"53":0,"54":0,"55":0,"56":0,"57":0,"58":0,"59":0,"60":0,"61":0,"62":0,"63":0,"64":0,"65":0,"66":0,"67":0,"68":0,"69":0,"70":0,"71":0,"72":0,"73":0,"74":0,"75":0,"76":0,"77":0,"78":0,"79":0,"80":0,"81":0,"82":0,"83":0,"84":0,"85":0,"86":0,"87":0,"88":0,"89":0,"90":0,"91":0,"92":0,"93":0,"94":0,"95":0,"96":0,"97":0,"98":0,"99":0,"100":0,"101":0,"102":0,"103":0,"104":0,"105":0,"106":0,"107":0,"108":0,"109":0,"110":0,"111":0,"112":0,"113":0,"114":0,"115":0,"116":0,"117":0,"118":0,"119":0,"120":0,"121":0,"122":0,"123":0,"124":0,"125":0,"126":0,"127":0,"128":0,"129":0,"130":0,"131":0,"132":0,"133":0,"134":0,"135":0,"136":0,"137":0,"138":0,"139":0,"140":0,"141":0,"142":0,"143":0,"144":0,"145":0,"146":0,"147":0,"148":0,"149":0,"150":0,"151":0,"152":0,"153":0,"154":0,"155":0,"156":0,"157":0,"158":0,"159":0,"160":0,"161":0,"162":0},"f":{"0":0,"1":0,"2":0,"3":0,"4":0,"5":0,"6":0,"7":0,"8":0,"9":0,"10":0,"11":0,"12":0,"13":0,"14":0,"15":0,"16":0,"17":0,"18":0,"19":0,"20":0,"21":0,"22":0},"b":{"0":[0,0],"1":[0,0],"2":[0,0],"3":[0,0],"4":[0,0],"5":[0,0],"6":[0,0],"7":[0,0],"8":[0,0,0],"9":[0,0],"10":[0,0],"11":[0,0],"12":[0,0],"13":[0,0],"14":[0,0],"15":[0],"16":[0,0],"17":[0,0],"18":[0,0,0],"19":[0,0],"20":[0,0,0],"21":[0,0],"22":[0,0],"23":[0,0],"24":[0,0],"25":[0,0],"26":[0,0],"27":[0,0],"28":[0,0],"29":[0,0,0],"30":[0,0],"31":[0,0],"32":[0,0],"33":[0,0,0],"34":[0,0],"35":[0,0],"36":[0,0],"37":[0,0,0,0,0],"38":[0,0],"39":[0,0],"40":[0,0],"41":[0,0],"42":[0,0],"43":[0,0],"44":[0,0],"45":[0,0],"46":[0,0],"47":[0,0],"48":[0,0],"49":[0,0],"50":[0,0],"51":[0,0],"52":[0,0],"53":[0,0],"54":[0,0],"55":[0,0],"56":[0,0],"57":[0,0],"58":[0,0],"59":[0,0],"60":[0,0],"61":[0,0],"62":[0,0],"63":[0,0,0,0,0,0,0,0]}}
,"C:\\Users\\jerry_c\\.gemini\\antigravity\\scratch\\liqui-moly-chatbot\\lib\\certification-matcher.js": {"path":"C:\\Users\\jerry_c\\.gemini\\antigravity\\scratch\\liqui-moly-chatbot\\lib\\certification-matcher.js","statementMap":{"0":{"start":{"line":15,"column":21},"end":{"line":15,"column":49}},"1":{"start":{"line":18,"column":29},"end":{"line":18,"column":33}},"2":{"start":{"line":19,"column":24},"end":{"line":19,"column":28}},"3":{"start":{"line":27,"column":30},"end":{"line":27,"column":66}},"4":{"start":{"line":28,"column":28},"end":{"line":28,"column":58}},"5":{"start":{"line":30,"column":23},"end":{"line":30,"column":83}},"6":{"start":{"line":33,"column":26},"end":{"line":40,"column":1}},"7":{"start":{"line":49,"column":4},"end":{"line":49,"column":28}},"8":{"start":{"line":49,"column":15},"end":{"line":49,"column":28}},"9":{"start":{"line":50,"column":4},"end":{"line":50,"column":65}},"10":{"start":{"line":50,"column":45},"end":{"line":50,"column":63}},"11":{"start":{"line":60,"column":4},"end":{"line":60,"column":28}},"12":{"start":{"line":60,"column":15},"end":{"line":60,"column":28}},"13":{"start":{"line":61,"column":18},"end":{"line":61,"column":36}},"14":{"start":{"line":63,"column":4},"end":{"line":66,"column":29}},"15":{"start":{"line":75,"column":4},"end":{"line":75,"column":24}},"16":{"start":{"line":75,"column":15},"end":{"line":75,"column":24}},"17":{"start":{"line":76,"column":23},"end":{"line":76,"column":42}},"18":{"start":{"line":80,"column":24},"end":{"line":80,"column":88}},"19":{"start":{"line":81,"column":4},"end":{"line":87,"column":5}},"20":{"start":{"line":82,"column":27},"end":{"line":82,"column":59}},"21":{"start":{"line":83,"column":20},"end":{"line":83,"column":60}},"22":{"start":{"line":84,"column":8},"end":{"line":86,"column":9}},"23":{"start":{"line":85,"column":12},"end":{"line":85,"column":54}},"24":{"start":{"line":90,"column":27},"end":{"line":90,"column":91}},"25":{"start":{"line":91,"column":4},"end":{"line":97,"column":5}},"26":{"start":{"line":92,"column":27},"end":{"line":92,"column":65}},"27":{"start":{"line":93,"column":20},"end":{"line":93,"column":58}},"28":{"start":{"line":94,"column":8},"end":{"line":96,"column":9}},"29":{"start":{"line":95,"column":12},"end":{"line":95,"column":52}},"30":{"start":{"line":100,"column":23},"end":{"line":100,"column":57}},"31":{"start":{"line":101,"column":4},"end":{"line":115,"column":5}},"32":{"start":{"line":102,"column":24},"end":{"line":102,"column":37}},"33":{"start":{"line":103,"column":24},"end":{"line":103,"column":43}},"34":{"start":{"line":104,"column":25},"end":{"line":104,"column":49}},"35":{"start":{"line":106,"column":20},"end":{"line":106,"column":52}},"36":{"start":{"line":107,"column":8},"end":{"line":109,"column":9}},"37":{"start":{"line":108,"column":12},"end":{"line":108,"column":47}},"38":{"start":{"line":111,"column":24},"end":{"line":111,"column":62}},"39":{"start":{"line":112,"column":8},"end":{"line":114,"column":9}},"40":{"start":{"line":113,"column":12},"end":{"line":113,"column":51}},"41":{"start":{"line":117,"column":4},"end":{"line":117,"column":13}},"42":{"start":{"line":124,"column":4},"end":{"line":128,"column":5}},"43":{"start":{"line":125,"column":26},"end":{"line":125,"column":65}},"44":{"start":{"line":126,"column":8},"end":{"line":126,"column":77}},"45":{"start":{"line":127,"column":8},"end":{"line":127,"column":78}},"46":{"start":{"line":129,"column":4},"end":{"line":129,"column":34}},"47":{"start":{"line":136,"column":4},"end":{"line":138,"column":5}},"48":{"start":{"line":137,"column":8},"end":{"line":137,"column":65}},"49":{"start":{"line":139,"column":4},"end":{"line":139,"column":29}},"50":{"start":{"line":151,"column":4},"end":{"line":159,"column":6}},"51":{"start":{"line":176,"column":19},"end":{"line":176,"column":42}},"52":{"start":{"line":177,"column":4},"end":{"line":177,"column":41}},"53":{"start":{"line":179,"column":4},"end":{"line":181,"column":5}},"54":{"start":{"line":180,"column":8},"end":{"line":180,"column":22}},"55":{"start":{"line":183,"column":30},"end":{"line":183,"column":52}},"56":{"start":{"line":184,"column":30},"end":{"line":184,"column":58}},"57":{"start":{"line":186,"column":4},"end":{"line":186,"column":102}},"58":{"start":{"line":189,"column":18},"end":{"line":189,"column":78}},"59":{"start":{"line":190,"column":4},"end":{"line":196,"column":5}},"60":{"start":{"line":191,"column":8},"end":{"line":191,"column":104}},"61":{"start":{"line":192,"column":8},"end":{"line":192,"column":30}},"62":{"start":{"line":193,"column":8},"end":{"line":193,"column":34}},"63":{"start":{"line":194,"column":8},"end":{"line":194,"column":40}},"64":{"start":{"line":195,"column":8},"end":{"line":195,"column":22}},"65":{"start":{"line":199,"column":4},"end":{"line":199,"column":86}},"66":{"start":{"line":202,"column":4},"end":{"line":228,"column":5}},"67":{"start":{"line":203,"column":8},"end":{"line":203,"column":50}},"68":{"start":{"line":203,"column":41},"end":{"line":203,"column":50}},"69":{"start":{"line":206,"column":8},"end":{"line":227,"column":9}},"70":{"start":{"line":207,"column":38},"end":{"line":207,"column":64}},"71":{"start":{"line":210,"column":33},"end":{"line":212,"column":13}},"72":{"start":{"line":211,"column":16},"end":{"line":211,"column":54}},"73":{"start":{"line":214,"column":12},"end":{"line":226,"column":13}},"74":{"start":{"line":216,"column":16},"end":{"line":216,"column":87}},"75":{"start":{"line":217,"column":16},"end":{"line":225,"column":17}},"76":{"start":{"line":218,"column":20},"end":{"line":218,"column":151}},"77":{"start":{"line":219,"column":20},"end":{"line":219,"column":42}},"78":{"start":{"line":220,"column":20},"end":{"line":220,"column":46}},"79":{"start":{"line":221,"column":20},"end":{"line":221,"column":50}},"80":{"start":{"line":222,"column":20},"end":{"line":222,"column":44}},"81":{"start":{"line":223,"column":20},"end":{"line":223,"column":115}},"82":{"start":{"line":224,"column":20},"end":{"line":224,"column":34}},"83":{"start":{"line":231,"column":4},"end":{"line":231,"column":95}},"84":{"start":{"line":232,"column":4},"end":{"line":232,"column":91}},"85":{"start":{"line":233,"column":4},"end":{"line":233,"column":18}},"86":{"start":{"line":247,"column":27},"end":{"line":247,"column":55}},"87":{"start":{"line":248,"column":4},"end":{"line":248,"column":87}},"88":{"start":{"line":250,"column":28},"end":{"line":269,"column":6}},"89":{"start":{"line":251,"column":8},"end":{"line":251,"column":34}},"90":{"start":{"line":251,"column":21},"end":{"line":251,"column":34}},"91":{"start":{"line":254,"column":32},"end":{"line":254,"column":55}},"92":{"start":{"line":257,"column":26},"end":{"line":259,"column":9}},"93":{"start":{"line":258,"column":12},"end":{"line":258,"column":72}},"94":{"start":{"line":258,"column":44},"end":{"line":258,"column":71}},"95":{"start":{"line":260,"column":8},"end":{"line":260,"column":37}},"96":{"start":{"line":260,"column":24},"end":{"line":260,"column":37}},"97":{"start":{"line":263,"column":8},"end":{"line":267,"column":9}},"98":{"start":{"line":264,"column":26},"end":{"line":264,"column":59}},"99":{"start":{"line":265,"column":31},"end":{"line":265,"column":60}},"100":{"start":{"line":266,"column":12},"end":{"line":266,"column":58}},"101":{"start":{"line":266,"column":45},"end":{"line":266,"column":58}},"102":{"start":{"line":268,"column":8},"end":{"line":268,"column":20}},"103":{"start":{"line":271,"column":4},"end":{"line":276,"column":5}},"104":{"start":{"line":272,"column":8},"end":{"line":272,"column":96}},"105":{"start":{"line":273,"column":8},"end":{"line":275,"column":11}},"106":{"start":{"line":274,"column":12},"end":{"line":274,"column":101}},"107":{"start":{"line":278,"column":4},"end":{"line":278,"column":27}},"108":{"start":{"line":297,"column":19},"end":{"line":304,"column":5}},"109":{"start":{"line":306,"column":4},"end":{"line":308,"column":5}},"110":{"start":{"line":307,"column":8},"end":{"line":307,"column":22}},"111":{"start":{"line":310,"column":27},"end":{"line":310,"column":55}},"112":{"start":{"line":311,"column":4},"end":{"line":311,"column":138}},"113":{"start":{"line":314,"column":4},"end":{"line":321,"column":5}},"114":{"start":{"line":315,"column":22},"end":{"line":315,"column":88}},"115":{"start":{"line":316,"column":8},"end":{"line":320,"column":9}},"116":{"start":{"line":317,"column":12},"end":{"line":317,"column":127}},"117":{"start":{"line":318,"column":12},"end":{"line":318,"column":38}},"118":{"start":{"line":319,"column":12},"end":{"line":319,"column":26}},"119":{"start":{"line":324,"column":18},"end":{"line":324,"column":70}},"120":{"start":{"line":325,"column":4},"end":{"line":334,"column":5}},"121":{"start":{"line":326,"column":8},"end":{"line":326,"column":122}},"122":{"start":{"line":327,"column":8},"end":{"line":327,"column":34}},"123":{"start":{"line":328,"column":8},"end":{"line":328,"column":35}},"124":{"start":{"line":329,"column":8},"end":{"line":329,"column":42}},"125":{"start":{"line":330,"column":8},"end":{"line":332,"column":9}},"126":{"start":{"line":331,"column":12},"end":{"line":331,"column":139}},"127":{"start":{"line":333,"column":8},"end":{"line":333,"column":22}},"128":{"start":{"line":337,"column":26},"end":{"line":337,"column":78}},"129":{"start":{"line":338,"column":4},"end":{"line":345,"column":5}},"130":{"start":{"line":339,"column":8},"end":{"line":339,"column":49}},"131":{"start":{"line":340,"column":8},"end":{"line":340,"column":35}},"132":{"start":{"line":341,"column":8},"end":{"line":341,"column":45}},"133":{"start":{"line":342,"column":8},"end":{"line":342,"column":49}},"134":{"start":{"line":343,"column":8},"end":{"line":343,"column":49}},"135":{"start":{"line":344,"column":8},"end":{"line":344,"column":22}},"136":{"start":{"line":348,"column":4},"end":{"line":348,"column":72}},"137":{"start":{"line":349,"column":4},"end":{"line":349,"column":52}},"138":{"start":{"line":350,"column":4},"end":{"line":350,"column":18}},"139":{"start":{"line":366,"column":19},"end":{"line":374,"column":5}},"140":{"start":{"line":376,"column":4},"end":{"line":378,"column":5}},"141":{"start":{"line":377,"column":8},"end":{"line":377,"column":22}},"142":{"start":{"line":380,"column":4},"end":{"line":380,"column":126}},"143":{"start":{"line":383,"column":18},"end":{"line":383,"column":51}},"144":{"start":{"line":384,"column":18},"end":{"line":384,"column":51}},"145":{"start":{"line":386,"column":4},"end":{"line":386,"column":124}},"146":{"start":{"line":388,"column":4},"end":{"line":483,"column":5}},"147":{"start":{"line":392,"column":26},"end":{"line":392,"column":98}},"148":{"start":{"line":394,"column":8},"end":{"line":397,"column":10}},"149":{"start":{"line":399,"column":11},"end":{"line":483,"column":5}},"150":{"start":{"line":403,"column":8},"end":{"line":403,"column":43}},"151":{"start":{"line":406,"column":32},"end":{"line":406,"column":40}},"152":{"start":{"line":407,"column":8},"end":{"line":414,"column":9}},"153":{"start":{"line":408,"column":12},"end":{"line":412,"column":15}},"154":{"start":{"line":409,"column":30},"end":{"line":409,"column":63}},"155":{"start":{"line":410,"column":35},"end":{"line":410,"column":73}},"156":{"start":{"line":411,"column":16},"end":{"line":411,"column":50}},"157":{"start":{"line":413,"column":12},"end":{"line":413,"column":123}},"158":{"start":{"line":417,"column":28},"end":{"line":420,"column":10}},"159":{"start":{"line":418,"column":12},"end":{"line":418,"column":38}},"160":{"start":{"line":418,"column":25},"end":{"line":418,"column":38}},"161":{"start":{"line":419,"column":12},"end":{"line":419,"column":46}},"162":{"start":{"line":422,"column":8},"end":{"line":426,"column":9}},"163":{"start":{"line":423,"column":12},"end":{"line":423,"column":79}},"164":{"start":{"line":425,"column":12},"end":{"line":425,"column":92}},"165":{"start":{"line":429,"column":31},"end":{"line":433,"column":10}},"166":{"start":{"line":430,"column":30},"end":{"line":430,"column":56}},"167":{"start":{"line":431,"column":30},"end":{"line":431,"column":56}},"168":{"start":{"line":432,"column":12},"end":{"line":432,"column":41}},"169":{"start":{"line":436,"column":34},"end":{"line":436,"column":67}},"170":{"start":{"line":437,"column":35},"end":{"line":437,"column":78}},"171":{"start":{"line":439,"column":8},"end":{"line":439,"column":128}},"172":{"start":{"line":441,"column":8},"end":{"line":472,"column":9}},"173":{"start":{"line":443,"column":12},"end":{"line":443,"column":45}},"174":{"start":{"line":444,"column":12},"end":{"line":444,"column":39}},"175":{"start":{"line":445,"column":12},"end":{"line":445,"column":49}},"176":{"start":{"line":448,"column":31},"end":{"line":448,"column":73}},"177":{"start":{"line":449,"column":12},"end":{"line":449,"column":41}},"178":{"start":{"line":450,"column":12},"end":{"line":450,"column":114}},"179":{"start":{"line":452,"column":12},"end":{"line":452,"column":102}},"180":{"start":{"line":453,"column":12},"end":{"line":453,"column":26}},"181":{"start":{"line":457,"column":33},"end":{"line":461,"column":14}},"182":{"start":{"line":458,"column":35},"end":{"line":458,"column":56}},"183":{"start":{"line":459,"column":38},"end":{"line":459,"column":66}},"184":{"start":{"line":460,"column":16},"end":{"line":460,"column":58}},"185":{"start":{"line":463,"column":12},"end":{"line":467,"column":13}},"186":{"start":{"line":464,"column":16},"end":{"line":464,"column":47}},"187":{"start":{"line":465,"column":16},"end":{"line":465,"column":111}},"188":{"start":{"line":466,"column":16},"end":{"line":466,"column":30}},"189":{"start":{"line":470,"column":12},"end":{"line":470,"column":45}},"190":{"start":{"line":471,"column":12},"end":{"line":471,"column":26}},"191":{"start":{"line":478,"column":30},"end":{"line":478,"column":102}},"192":{"start":{"line":479,"column":8},"end":{"line":482,"column":10}},"193":{"start":{"line":492,"column":4},"end":{"line":492,"column":25}},"194":{"start":{"line":492,"column":15},"end":{"line":492,"column":25}},"195":{"start":{"line":495,"column":21},"end":{"line":495,"column":57}},"196":{"start":{"line":496,"column":4},"end":{"line":498,"column":5}},"197":{"start":{"line":497,"column":8},"end":{"line":497,"column":50}},"198":{"start":{"line":501,"column":23},"end":{"line":501,"column":69}},"199":{"start":{"line":502,"column":4},"end":{"line":504,"column":5}},"200":{"start":{"line":503,"column":8},"end":{"line":503,"column":57}},"201":{"start":{"line":506,"column":4},"end":{"line":506,"column":16}},"202":{"start":{"line":517,"column":4},"end":{"line":517,"column":34}},"203":{"start":{"line":517,"column":22},"end":{"line":517,"column":34}},"204":{"start":{"line":519,"column":25},"end":{"line":519,"column":42}},"205":{"start":{"line":520,"column":4},"end":{"line":520,"column":62}},"206":{"start":{"line":520,"column":50},"end":{"line":520,"column":62}},"207":{"start":{"line":522,"column":21},"end":{"line":522,"column":43}},"208":{"start":{"line":523,"column":19},"end":{"line":523,"column":21}},"209":{"start":{"line":526,"column":4},"end":{"line":528,"column":5}},"210":{"start":{"line":527,"column":8},"end":{"line":527,"column":59}},"211":{"start":{"line":531,"column":4},"end":{"line":533,"column":5}},"212":{"start":{"line":532,"column":8},"end":{"line":532,"column":42}},"213":{"start":{"line":535,"column":4},"end":{"line":535,"column":58}},"214":{"start":{"line":545,"column":4},"end":{"line":557,"column":5}},"215":{"start":{"line":546,"column":8},"end":{"line":550,"column":10}},"216":{"start":{"line":552,"column":8},"end":{"line":556,"column":10}},"217":{"start":{"line":566,"column":21},"end":{"line":575,"column":1}},"218":{"start":{"line":578,"column":29},"end":{"line":584,"column":1}},"219":{"start":{"line":597,"column":4},"end":{"line":597,"column":25}},"220":{"start":{"line":597,"column":15},"end":{"line":597,"column":25}},"221":{"start":{"line":598,"column":21},"end":{"line":598,"column":61}},"222":{"start":{"line":601,"column":4},"end":{"line":609,"column":5}},"223":{"start":{"line":602,"column":8},"end":{"line":608,"column":9}},"224":{"start":{"line":605,"column":12},"end":{"line":607,"column":13}},"225":{"start":{"line":606,"column":16},"end":{"line":606,"column":65}},"226":{"start":{"line":611,"column":4},"end":{"line":611,"column":22}},"227":{"start":{"line":620,"column":4},"end":{"line":620,"column":25}},"228":{"start":{"line":620,"column":15},"end":{"line":620,"column":25}},"229":{"start":{"line":622,"column":27},"end":{"line":622,"column":67}},"230":{"start":{"line":623,"column":21},"end":{"line":623,"column":46}},"231":{"start":{"line":626,"column":21},"end":{"line":626,"column":46}},"232":{"start":{"line":627,"column":4},"end":{"line":627,"column":27}},"233":{"start":{"line":630,"column":4},"end":{"line":634,"column":5}},"234":{"start":{"line":631,"column":8},"end":{"line":633,"column":9}},"235":{"start":{"line":632,"column":12},"end":{"line":632,"column":66}},"236":{"start":{"line":636,"column":4},"end":{"line":636,"column":25}},"237":{"start":{"line":645,"column":4},"end":{"line":645,"column":30}},"238":{"start":{"line":645,"column":20},"end":{"line":645,"column":30}},"239":{"start":{"line":646,"column":4},"end":{"line":646,"column":53}},"240":{"start":{"line":656,"column":4},"end":{"line":656,"column":27}},"241":{"start":{"line":656,"column":15},"end":{"line":656,"column":27}},"242":{"start":{"line":658,"column":25},"end":{"line":663,"column":5}},"243":{"start":{"line":665,"column":4},"end":{"line":673,"column":5}},"244":{"start":{"line":666,"column":22},"end":{"line":666,"column":41}},"245":{"start":{"line":667,"column":8},"end":{"line":672,"column":9}},"246":{"start":{"line":668,"column":12},"end":{"line":671,"column":14}},"247":{"start":{"line":675,"column":4},"end":{"line":675,"column":16}},"248":{"start":{"line":686,"column":4},"end":{"line":686,"column":24}},"249":{"start":{"line":686,"column":15},"end":{"line":686,"column":24}},"250":{"start":{"line":687,"column":14},"end":{"line":687,"column":33}},"251":{"start":{"line":690,"column":4},"end":{"line":690,"column":60}},"252":{"start":{"line":690,"column":50},"end":{"line":690,"column":60}},"253":{"start":{"line":693,"column":4},"end":{"line":693,"column":39}},"254":{"start":{"line":693,"column":30},"end":{"line":693,"column":39}},"255":{"start":{"line":695,"column":4},"end":{"line":695,"column":13}},"256":{"start":{"line":701,"column":0},"end":{"line":726,"column":2}}},"fnMap":{"0":{"name":"isOEMCertification","decl":{"start":{"line":48,"column":9},"end":{"line":48,"column":27}},"loc":{"start":{"line":48,"column":34},"end":{"line":51,"column":1}},"line":48},"1":{"name":"(anonymous_1)","decl":{"start":{"line":50,"column":34},"end":{"line":50,"column":35}},"loc":{"start":{"line":50,"column":45},"end":{"line":50,"column":63}},"line":50},"2":{"name":"isAPICertification","decl":{"start":{"line":59,"column":9},"end":{"line":59,"column":27}},"loc":{"start":{"line":59,"column":34},"end":{"line":67,"column":1}},"line":59},"3":{"name":"getAPICertPriority","decl":{"start":{"line":74,"column":9},"end":{"line":74,"column":27}},"loc":{"start":{"line":74,"column":34},"end":{"line":118,"column":1}},"line":74},"4":{"name":"getCertCompatibility","decl":{"start":{"line":123,"column":9},"end":{"line":123,"column":29}},"loc":{"start":{"line":123,"column":32},"end":{"line":130,"column":1}},"line":123},"5":{"name":"getVehicleSpecs","decl":{"start":{"line":135,"column":9},"end":{"line":135,"column":24}},"loc":{"start":{"line":135,"column":27},"end":{"line":140,"column":1}},"line":135},"6":{"name":"createCertMatchResult","decl":{"start":{"line":150,"column":9},"end":{"line":150,"column":30}},"loc":{"start":{"line":150,"column":33},"end":{"line":160,"column":1}},"line":150},"7":{"name":"searchWithCertUpgrade","decl":{"start":{"line":175,"column":9},"end":{"line":175,"column":30}},"loc":{"start":{"line":175,"column":74},"end":{"line":234,"column":1}},"line":175},"8":{"name":"(anonymous_8)","decl":{"start":{"line":210,"column":53},"end":{"line":210,"column":54}},"loc":{"start":{"line":211,"column":16},"end":{"line":211,"column":54}},"line":211},"9":{"name":"filterProductsByCert","decl":{"start":{"line":245,"column":9},"end":{"line":245,"column":29}},"loc":{"start":{"line":245,"column":71},"end":{"line":280,"column":1}},"line":245},"10":{"name":"(anonymous_10)","decl":{"start":{"line":250,"column":44},"end":{"line":250,"column":45}},"loc":{"start":{"line":250,"column":49},"end":{"line":269,"column":5}},"line":250},"11":{"name":"(anonymous_11)","decl":{"start":{"line":257,"column":46},"end":{"line":257,"column":47}},"loc":{"start":{"line":258,"column":12},"end":{"line":258,"column":72}},"line":258},"12":{"name":"(anonymous_12)","decl":{"start":{"line":258,"column":33},"end":{"line":258,"column":34}},"loc":{"start":{"line":258,"column":44},"end":{"line":258,"column":71}},"line":258},"13":{"name":"(anonymous_13)","decl":{"start":{"line":273,"column":37},"end":{"line":273,"column":38}},"loc":{"start":{"line":273,"column":42},"end":{"line":275,"column":9}},"line":273},"14":{"name":"searchWithViscosityFallback","decl":{"start":{"line":296,"column":9},"end":{"line":296,"column":36}},"loc":{"start":{"line":296,"column":82},"end":{"line":351,"column":1}},"line":296},"15":{"name":"searchWithCertPriority","decl":{"start":{"line":365,"column":9},"end":{"line":365,"column":31}},"loc":{"start":{"line":365,"column":77},"end":{"line":484,"column":1}},"line":365},"16":{"name":"(anonymous_16)","decl":{"start":{"line":408,"column":48},"end":{"line":408,"column":49}},"loc":{"start":{"line":408,"column":53},"end":{"line":412,"column":13}},"line":408},"17":{"name":"(anonymous_17)","decl":{"start":{"line":417,"column":53},"end":{"line":417,"column":54}},"loc":{"start":{"line":417,"column":58},"end":{"line":420,"column":9}},"line":417},"18":{"name":"(anonymous_18)","decl":{"start":{"line":429,"column":48},"end":{"line":429,"column":49}},"loc":{"start":{"line":429,"column":58},"end":{"line":433,"column":9}},"line":429},"19":{"name":"(anonymous_19)","decl":{"start":{"line":457,"column":55},"end":{"line":457,"column":56}},"loc":{"start":{"line":457,"column":60},"end":{"line":461,"column":13}},"line":457},"20":{"name":"extractAPICertName","decl":{"start":{"line":491,"column":9},"end":{"line":491,"column":27}},"loc":{"start":{"line":491,"column":34},"end":{"line":507,"column":1}},"line":491},"21":{"name":"getCertificationForVehicle","decl":{"start":{"line":516,"column":9},"end":{"line":516,"column":35}},"loc":{"start":{"line":516,"column":49},"end":{"line":536,"column":1}},"line":516},"22":{"name":"getJasoCertification","decl":{"start":{"line":544,"column":9},"end":{"line":544,"column":29}},"loc":{"start":{"line":544,"column":41},"end":{"line":558,"column":1}},"line":544},"23":{"name":"normalizeCert","decl":{"start":{"line":596,"column":9},"end":{"line":596,"column":22}},"loc":{"start":{"line":596,"column":49},"end":{"line":612,"column":1}},"line":596},"24":{"name":"getCertVariants","decl":{"start":{"line":619,"column":9},"end":{"line":619,"column":24}},"loc":{"start":{"line":619,"column":31},"end":{"line":637,"column":1}},"line":619},"25":{"name":"normalizeViscosity","decl":{"start":{"line":644,"column":9},"end":{"line":644,"column":27}},"loc":{"start":{"line":644,"column":39},"end":{"line":647,"column":1}},"line":644},"26":{"name":"detectCertification","decl":{"start":{"line":655,"column":9},"end":{"line":655,"column":28}},"loc":{"start":{"line":655,"column":35},"end":{"line":676,"column":1}},"line":655},"27":{"name":"getScooterCertScore","decl":{"start":{"line":685,"column":9},"end":{"line":685,"column":28}},"loc":{"start":{"line":685,"column":35},"end":{"line":696,"column":1}},"line":685}},"branchMap":{"0":{"loc":{"start":{"line":49,"column":4},"end":{"line":49,"column":28}},"type":"if","locations":[{"start":{"line":49,"column":4},"end":{"line":49,"column":28}},{"start":{},"end":{}}],"line":49},"1":{"loc":{"start":{"line":60,"column":4},"end":{"line":60,"column":28}},"type":"if","locations":[{"start":{"line":60,"column":4},"end":{"line":60,"column":28}},{"start":{},"end":{}}],"line":60},"2":{"loc":{"start":{"line":63,"column":11},"end":{"line":66,"column":28}},"type":"binary-expr","locations":[{"start":{"line":63,"column":11},"end":{"line":63,"column":38}},{"start":{"line":64,"column":8},"end":{"line":64,"column":35}},{"start":{"line":65,"column":8},"end":{"line":65,"column":33}},{"start":{"line":66,"column":8},"end":{"line":66,"column":28}}],"line":63},"3":{"loc":{"start":{"line":75,"column":4},"end":{"line":75,"column":24}},"type":"if","locations":[{"start":{"line":75,"column":4},"end":{"line":75,"column":24}},{"start":{},"end":{}}],"line":75},"4":{"loc":{"start":{"line":81,"column":4},"end":{"line":87,"column":5}},"type":"if","locations":[{"start":{"line":81,"column":4},"end":{"line":87,"column":5}},{"start":{},"end":{}}],"line":81},"5":{"loc":{"start":{"line":82,"column":27},"end":{"line":82,"column":59}},"type":"binary-expr","locations":[{"start":{"line":82,"column":27},"end":{"line":82,"column":41}},{"start":{"line":82,"column":45},"end":{"line":82,"column":59}}],"line":82},"6":{"loc":{"start":{"line":84,"column":8},"end":{"line":86,"column":9}},"type":"if","locations":[{"start":{"line":84,"column":8},"end":{"line":86,"column":9}},{"start":{},"end":{}}],"line":84},"7":{"loc":{"start":{"line":91,"column":4},"end":{"line":97,"column":5}},"type":"if","locations":[{"start":{"line":91,"column":4},"end":{"line":97,"column":5}},{"start":{},"end":{}}],"line":91},"8":{"loc":{"start":{"line":92,"column":27},"end":{"line":92,"column":65}},"type":"binary-expr","locations":[{"start":{"line":92,"column":27},"end":{"line":92,"column":44}},{"start":{"line":92,"column":48},"end":{"line":92,"column":65}}],"line":92},"9":{"loc":{"start":{"line":94,"column":8},"end":{"line":96,"column":9}},"type":"if","locations":[{"start":{"line":94,"column":8},"end":{"line":96,"column":9}},{"start":{},"end":{}}],"line":94},"10":{"loc":{"start":{"line":101,"column":4},"end":{"line":115,"column":5}},"type":"if","locations":[{"start":{"line":101,"column":4},"end":{"line":115,"column":5}},{"start":{},"end":{}}],"line":101},"11":{"loc":{"start":{"line":103,"column":24},"end":{"line":103,"column":43}},"type":"binary-expr","locations":[{"start":{"line":103,"column":24},"end":{"line":103,"column":37}},{"start":{"line":103,"column":41},"end":{"line":103,"column":43}}],"line":103},"12":{"loc":{"start":{"line":107,"column":8},"end":{"line":109,"column":9}},"type":"if","locations":[{"start":{"line":107,"column":8},"end":{"line":109,"column":9}},{"start":{},"end":{}}],"line":107},"13":{"loc":{"start":{"line":112,"column":8},"end":{"line":114,"column":9}},"type":"if","locations":[{"start":{"line":112,"column":8},"end":{"line":114,"column":9}},{"start":{},"end":{}}],"line":112},"14":{"loc":{"start":{"line":124,"column":4},"end":{"line":128,"column":5}},"type":"if","locations":[{"start":{"line":124,"column":4},"end":{"line":128,"column":5}},{"start":{},"end":{}}],"line":124},"15":{"loc":{"start":{"line":125,"column":26},"end":{"line":125,"column":65}},"type":"binary-expr","locations":[{"start":{"line":125,"column":26},"end":{"line":125,"column":59}},{"start":{"line":125,"column":63},"end":{"line":125,"column":65}}],"line":125},"16":{"loc":{"start":{"line":126,"column":33},"end":{"line":126,"column":76}},"type":"binary-expr","locations":[{"start":{"line":126,"column":33},"end":{"line":126,"column":70}},{"start":{"line":126,"column":74},"end":{"line":126,"column":76}}],"line":126},"17":{"loc":{"start":{"line":136,"column":4},"end":{"line":138,"column":5}},"type":"if","locations":[{"start":{"line":136,"column":4},"end":{"line":138,"column":5}},{"start":{},"end":{}}],"line":136},"18":{"loc":{"start":{"line":137,"column":28},"end":{"line":137,"column":64}},"type":"binary-expr","locations":[{"start":{"line":137,"column":28},"end":{"line":137,"column":58}},{"start":{"line":137,"column":62},"end":{"line":137,"column":64}}],"line":137},"19":{"loc":{"start":{"line":175,"column":56},"end":{"line":175,"column":72}},"type":"default-arg","locations":[{"start":{"line":175,"column":68},"end":{"line":175,"column":72}}],"line":175},"20":{"loc":{"start":{"line":179,"column":4},"end":{"line":181,"column":5}},"type":"if","locations":[{"start":{"line":179,"column":4},"end":{"line":181,"column":5}},{"start":{},"end":{}}],"line":179},"21":{"loc":{"start":{"line":186,"column":64},"end":{"line":186,"column":98}},"type":"cond-expr","locations":[{"start":{"line":186,"column":76},"end":{"line":186,"column":93}},{"start":{"line":186,"column":96},"end":{"line":186,"column":98}}],"line":186},"22":{"loc":{"start":{"line":190,"column":4},"end":{"line":196,"column":5}},"type":"if","locations":[{"start":{"line":190,"column":4},"end":{"line":196,"column":5}},{"start":{},"end":{}}],"line":190},"23":{"loc":{"start":{"line":203,"column":8},"end":{"line":203,"column":50}},"type":"if","locations":[{"start":{"line":203,"column":8},"end":{"line":203,"column":50}},{"start":{},"end":{}}],"line":203},"24":{"loc":{"start":{"line":214,"column":12},"end":{"line":226,"column":13}},"type":"if","locations":[{"start":{"line":214,"column":12},"end":{"line":226,"column":13}},{"start":{},"end":{}}],"line":214},"25":{"loc":{"start":{"line":217,"column":16},"end":{"line":225,"column":17}},"type":"if","locations":[{"start":{"line":217,"column":16},"end":{"line":225,"column":17}},{"start":{},"end":{}}],"line":217},"26":{"loc":{"start":{"line":232,"column":50},"end":{"line":232,"column":84}},"type":"cond-expr","locations":[{"start":{"line":232,"column":62},"end":{"line":232,"column":79}},{"start":{"line":232,"column":82},"end":{"line":232,"column":84}}],"line":232},"27":{"loc":{"start":{"line":245,"column":53},"end":{"line":245,"column":69}},"type":"default-arg","locations":[{"start":{"line":245,"column":65},"end":{"line":245,"column":69}}],"line":245},"28":{"loc":{"start":{"line":251,"column":8},"end":{"line":251,"column":34}},"type":"if","locations":[{"start":{"line":251,"column":8},"end":{"line":251,"column":34}},{"start":{},"end":{}}],"line":251},"29":{"loc":{"start":{"line":260,"column":8},"end":{"line":260,"column":37}},"type":"if","locations":[{"start":{"line":260,"column":8},"end":{"line":260,"column":37}},{"start":{},"end":{}}],"line":260},"30":{"loc":{"start":{"line":263,"column":8},"end":{"line":267,"column":9}},"type":"if","locations":[{"start":{"line":263,"column":8},"end":{"line":267,"column":9}},{"start":{},"end":{}}],"line":263},"31":{"loc":{"start":{"line":264,"column":45},"end":{"line":264,"column":58}},"type":"binary-expr","locations":[{"start":{"line":264,"column":45},"end":{"line":264,"column":52}},{"start":{"line":264,"column":56},"end":{"line":264,"column":58}}],"line":264},"32":{"loc":{"start":{"line":266,"column":12},"end":{"line":266,"column":58}},"type":"if","locations":[{"start":{"line":266,"column":12},"end":{"line":266,"column":58}},{"start":{},"end":{}}],"line":266},"33":{"loc":{"start":{"line":271,"column":4},"end":{"line":276,"column":5}},"type":"if","locations":[{"start":{"line":271,"column":4},"end":{"line":276,"column":5}},{"start":{},"end":{}}],"line":271},"34":{"loc":{"start":{"line":306,"column":4},"end":{"line":308,"column":5}},"type":"if","locations":[{"start":{"line":306,"column":4},"end":{"line":308,"column":5}},{"start":{},"end":{}}],"line":306},"35":{"loc":{"start":{"line":311,"column":82},"end":{"line":311,"column":134}},"type":"cond-expr","locations":[{"start":{"line":311,"column":103},"end":{"line":311,"column":129}},{"start":{"line":311,"column":132},"end":{"line":311,"column":134}}],"line":311},"36":{"loc":{"start":{"line":314,"column":4},"end":{"line":321,"column":5}},"type":"if","locations":[{"start":{"line":314,"column":4},"end":{"line":321,"column":5}},{"start":{},"end":{}}],"line":314},"37":{"loc":{"start":{"line":316,"column":8},"end":{"line":320,"column":9}},"type":"if","locations":[{"start":{"line":316,"column":8},"end":{"line":320,"column":9}},{"start":{},"end":{}}],"line":316},"38":{"loc":{"start":{"line":325,"column":4},"end":{"line":334,"column":5}},"type":"if","locations":[{"start":{"line":325,"column":4},"end":{"line":334,"column":5}},{"start":{},"end":{}}],"line":325},"39":{"loc":{"start":{"line":330,"column":8},"end":{"line":332,"column":9}},"type":"if","locations":[{"start":{"line":330,"column":8},"end":{"line":332,"column":9}},{"start":{},"end":{}}],"line":330},"40":{"loc":{"start":{"line":338,"column":4},"end":{"line":345,"column":5}},"type":"if","locations":[{"start":{"line":338,"column":4},"end":{"line":345,"column":5}},{"start":{},"end":{}}],"line":338},"41":{"loc":{"start":{"line":376,"column":4},"end":{"line":378,"column":5}},"type":"if","locations":[{"start":{"line":376,"column":4},"end":{"line":378,"column":5}},{"start":{},"end":{}}],"line":376},"42":{"loc":{"start":{"line":380,"column":70},"end":{"line":380,"column":122}},"type":"cond-expr","locations":[{"start":{"line":380,"column":91},"end":{"line":380,"column":117}},{"start":{"line":380,"column":120},"end":{"line":380,"column":122}}],"line":380},"43":{"loc":{"start":{"line":386,"column":44},"end":{"line":386,"column":120}},"type":"cond-expr","locations":[{"start":{"line":386,"column":52},"end":{"line":386,"column":71}},{"start":{"line":386,"column":74},"end":{"line":386,"column":120}}],"line":386},"44":{"loc":{"start":{"line":386,"column":74},"end":{"line":386,"column":120}},"type":"cond-expr","locations":[{"start":{"line":386,"column":82},"end":{"line":386,"column":108}},{"start":{"line":386,"column":111},"end":{"line":386,"column":120}}],"line":386},"45":{"loc":{"start":{"line":388,"column":4},"end":{"line":483,"column":5}},"type":"if","locations":[{"start":{"line":388,"column":4},"end":{"line":483,"column":5}},{"start":{"line":399,"column":11},"end":{"line":483,"column":5}}],"line":388},"46":{"loc":{"start":{"line":399,"column":11},"end":{"line":483,"column":5}},"type":"if","locations":[{"start":{"line":399,"column":11},"end":{"line":483,"column":5}},{"start":{"line":474,"column":11},"end":{"line":483,"column":5}}],"line":399},"47":{"loc":{"start":{"line":407,"column":8},"end":{"line":414,"column":9}},"type":"if","locations":[{"start":{"line":407,"column":8},"end":{"line":414,"column":9}},{"start":{},"end":{}}],"line":407},"48":{"loc":{"start":{"line":409,"column":49},"end":{"line":409,"column":62}},"type":"binary-expr","locations":[{"start":{"line":409,"column":49},"end":{"line":409,"column":56}},{"start":{"line":409,"column":60},"end":{"line":409,"column":62}}],"line":409},"49":{"loc":{"start":{"line":418,"column":12},"end":{"line":418,"column":38}},"type":"if","locations":[{"start":{"line":418,"column":12},"end":{"line":418,"column":38}},{"start":{},"end":{}}],"line":418},"50":{"loc":{"start":{"line":422,"column":8},"end":{"line":426,"column":9}},"type":"if","locations":[{"start":{"line":422,"column":8},"end":{"line":426,"column":9}},{"start":{},"end":{}}],"line":422},"51":{"loc":{"start":{"line":441,"column":8},"end":{"line":472,"column":9}},"type":"if","locations":[{"start":{"line":441,"column":8},"end":{"line":472,"column":9}},{"start":{"line":455,"column":15},"end":{"line":472,"column":9}}],"line":441},"52":{"loc":{"start":{"line":463,"column":12},"end":{"line":467,"column":13}},"type":"if","locations":[{"start":{"line":463,"column":12},"end":{"line":467,"column":13}},{"start":{},"end":{}}],"line":463},"53":{"loc":{"start":{"line":492,"column":4},"end":{"line":492,"column":25}},"type":"if","locations":[{"start":{"line":492,"column":4},"end":{"line":492,"column":25}},{"start":{},"end":{}}],"line":492},"54":{"loc":{"start":{"line":496,"column":4},"end":{"line":498,"column":5}},"type":"if","locations":[{"start":{"line":496,"column":4},"end":{"line":498,"column":5}},{"start":{},"end":{}}],"line":496},"55":{"loc":{"start":{"line":502,"column":4},"end":{"line":504,"column":5}},"type":"if","locations":[{"start":{"line":502,"column":4},"end":{"line":504,"column":5}},{"start":{},"end":{}}],"line":502},"56":{"loc":{"start":{"line":517,"column":4},"end":{"line":517,"column":34}},"type":"if","locations":[{"start":{"line":517,"column":4},"end":{"line":517,"column":34}},{"start":{},"end":{}}],"line":517},"57":{"loc":{"start":{"line":520,"column":4},"end":{"line":520,"column":62}},"type":"if","locations":[{"start":{"line":520,"column":4},"end":{"line":520,"column":62}},{"start":{},"end":{}}],"line":520},"58":{"loc":{"start":{"line":520,"column":8},"end":{"line":520,"column":48}},"type":"binary-expr","locations":[{"start":{"line":520,"column":8},"end":{"line":520,"column":21}},{"start":{"line":520,"column":25},"end":{"line":520,"column":48}}],"line":520},"59":{"loc":{"start":{"line":526,"column":4},"end":{"line":528,"column":5}},"type":"if","locations":[{"start":{"line":526,"column":4},"end":{"line":528,"column":5}},{"start":{},"end":{}}],"line":526},"60":{"loc":{"start":{"line":526,"column":8},"end":{"line":526,"column":84}},"type":"binary-expr","locations":[{"start":{"line":526,"column":8},"end":{"line":526,"column":43}},{"start":{"line":526,"column":47},"end":{"line":526,"column":84}}],"line":526},"61":{"loc":{"start":{"line":531,"column":4},"end":{"line":533,"column":5}},"type":"if","locations":[{"start":{"line":531,"column":4},"end":{"line":533,"column":5}},{"start":{},"end":{}}],"line":531},"62":{"loc":{"start":{"line":531,"column":8},"end":{"line":531,"column":55}},"type":"binary-expr","locations":[{"start":{"line":531,"column":8},"end":{"line":531,"column":32}},{"start":{"line":531,"column":36},"end":{"line":531,"column":55}}],"line":531},"63":{"loc":{"start":{"line":535,"column":11},"end":{"line":535,"column":57}},"type":"cond-expr","locations":[{"start":{"line":535,"column":44},"end":{"line":535,"column":50}},{"start":{"line":535,"column":53},"end":{"line":535,"column":57}}],"line":535},"64":{"loc":{"start":{"line":545,"column":4},"end":{"line":557,"column":5}},"type":"if","locations":[{"start":{"line":545,"column":4},"end":{"line":557,"column":5}},{"start":{"line":551,"column":11},"end":{"line":557,"column":5}}],"line":545},"65":{"loc":{"start":{"line":596,"column":29},"end":{"line":596,"column":47}},"type":"default-arg","locations":[{"start":{"line":596,"column":43},"end":{"line":596,"column":47}}],"line":596},"66":{"loc":{"start":{"line":597,"column":4},"end":{"line":597,"column":25}},"type":"if","locations":[{"start":{"line":597,"column":4},"end":{"line":597,"column":25}},{"start":{},"end":{}}],"line":597},"67":{"loc":{"start":{"line":601,"column":4},"end":{"line":609,"column":5}},"type":"if","locations":[{"start":{"line":601,"column":4},"end":{"line":609,"column":5}},{"start":{},"end":{}}],"line":601},"68":{"loc":{"start":{"line":605,"column":12},"end":{"line":607,"column":13}},"type":"if","locations":[{"start":{"line":605,"column":12},"end":{"line":607,"column":13}},{"start":{},"end":{}}],"line":605},"69":{"loc":{"start":{"line":620,"column":4},"end":{"line":620,"column":25}},"type":"if","locations":[{"start":{"line":620,"column":4},"end":{"line":620,"column":25}},{"start":{},"end":{}}],"line":620},"70":{"loc":{"start":{"line":631,"column":8},"end":{"line":633,"column":9}},"type":"if","locations":[{"start":{"line":631,"column":8},"end":{"line":633,"column":9}},{"start":{},"end":{}}],"line":631},"71":{"loc":{"start":{"line":645,"column":4},"end":{"line":645,"column":30}},"type":"if","locations":[{"start":{"line":645,"column":4},"end":{"line":645,"column":30}},{"start":{},"end":{}}],"line":645},"72":{"loc":{"start":{"line":656,"column":4},"end":{"line":656,"column":27}},"type":"if","locations":[{"start":{"line":656,"column":4},"end":{"line":656,"column":27}},{"start":{},"end":{}}],"line":656},"73":{"loc":{"start":{"line":667,"column":8},"end":{"line":672,"column":9}},"type":"if","locations":[{"start":{"line":667,"column":8},"end":{"line":672,"column":9}},{"start":{},"end":{}}],"line":667},"74":{"loc":{"start":{"line":686,"column":4},"end":{"line":686,"column":24}},"type":"if","locations":[{"start":{"line":686,"column":4},"end":{"line":686,"column":24}},{"start":{},"end":{}}],"line":686},"75":{"loc":{"start":{"line":690,"column":4},"end":{"line":690,"column":60}},"type":"if","locations":[{"start":{"line":690,"column":4},"end":{"line":690,"column":60}},{"start":{},"end":{}}],"line":690},"76":{"loc":{"start":{"line":690,"column":8},"end":{"line":690,"column":48}},"type":"binary-expr","locations":[{"start":{"line":690,"column":8},"end":{"line":690,"column":28}},{"start":{"line":690,"column":32},"end":{"line":690,"column":48}}],"line":690},"77":{"loc":{"start":{"line":693,"column":4},"end":{"line":693,"column":39}},"type":"if","locations":[{"start":{"line":693,"column":4},"end":{"line":693,"column":39}},{"start":{},"end":{}}],"line":693}},"s":{"0":2,"1":2,"2":2,"3":2,"4":2,"5":2,"6":2,"7":12,"8":2,"9":10,"10":34,"11":12,"12":2,"13":10,"14":10,"15":7,"16":2,"17":5,"18":5,"19":5,"20":3,"21":3,"22":3,"23":3,"24":2,"25":2,"26":0,"27":0,"28":0,"29":0,"30":2,"31":2,"32":0,"33":0,"34":0,"35":0,"36":0,"37":0,"38":0,"39":0,"40":0,"41":2,"42":2,"43":1,"44":1,"45":1,"46":2,"47":2,"48":1,"49":2,"50":4,"51":3,"52":3,"53":3,"54":1,"55":2,"56":2,"57":2,"58":2,"59":2,"60":1,"61":1,"62":1,"63":1,"64":1,"65":1,"66":1,"67":4,"68":1,"69":3,"70":7,"71":7,"72":17,"73":7,"74":0,"75":0,"76":0,"77":0,"78":0,"79":0,"80":0,"81":0,"82":0,"83":1,"84":1,"85":1,"86":5,"87":5,"88":5,"89":13,"90":0,"91":13,"92":13,"93":13,"94":13,"95":13,"96":10,"97":3,"98":1,"99":1,"100":1,"101":0,"102":3,"103":5,"104":2,"105":2,"106":5,"107":5,"108":0,"109":0,"110":0,"111":0,"112":0,"113":0,"114":0,"115":0,"116":0,"117":0,"118":0,"119":0,"120":0,"121":0,"122":0,"123":0,"124":0,"125":0,"126":0,"127":0,"128":0,"129":0,"130":0,"131":0,"132":0,"133":0,"134":0,"135":0,"136":0,"137":0,"138":0,"139":0,"140":0,"141":0,"142":0,"143":0,"144":0,"145":0,"146":0,"147":0,"148":0,"149":0,"150":0,"151":0,"152":0,"153":0,"154":0,"155":0,"156":0,"157":0,"158":0,"159":0,"160":0,"161":0,"162":0,"163":0,"164":0,"165":0,"166":0,"167":0,"168":0,"169":0,"170":0,"171":0,"172":0,"173":0,"174":0,"175":0,"176":0,"177":0,"178":0,"179":0,"180":0,"181":0,"182":0,"183":0,"184":0,"185":0,"186":0,"187":0,"188":0,"189":0,"190":0,"191":0,"192":0,"193":0,"194":0,"195":0,"196":0,"197":0,"198":0,"199":0,"200":0,"201":0,"202":3,"203":1,"204":2,"205":2,"206":0,"207":2,"208":2,"209":2,"210":0,"211":2,"212":1,"213":2,"214":2,"215":1,"216":1,"217":2,"218":2,"219":68,"220":3,"221":65,"222":65,"223":65,"224":325,"225":3,"226":65,"227":18,"228":0,"229":18,"230":18,"231":18,"232":18,"233":18,"234":90,"235":0,"236":18,"237":8,"238":2,"239":6,"240":6,"241":2,"242":4,"243":4,"244":10,"245":10,"246":3,"247":1,"248":6,"249":2,"250":4,"251":4,"252":1,"253":3,"254":2,"255":1,"256":2},"f":{"0":12,"1":34,"2":12,"3":7,"4":2,"5":2,"6":4,"7":3,"8":17,"9":5,"10":13,"11":13,"12":13,"13":5,"14":0,"15":0,"16":0,"17":0,"18":0,"19":0,"20":0,"21":3,"22":2,"23":68,"24":18,"25":8,"26":6,"27":6},"b":{"0":[2,10],"1":[2,10],"2":[10,7,5,2],"3":[2,5],"4":[3,2],"5":[3,0],"6":[3,0],"7":[0,2],"8":[0,0],"9":[0,0],"10":[0,2],"11":[0,0],"12":[0,0],"13":[0,0],"14":[1,1],"15":[1,0],"16":[1,0],"17":[1,1],"18":[1,0],"19":[3],"20":[1,2],"21":[0,2],"22":[1,1],"23":[1,3],"24":[0,7],"25":[0,0],"26":[0,1],"27":[2],"28":[0,13],"29":[10,3],"30":[1,2],"31":[1,0],"32":[0,1],"33":[2,3],"34":[0,0],"35":[0,0],"36":[0,0],"37":[0,0],"38":[0,0],"39":[0,0],"40":[0,0],"41":[0,0],"42":[0,0],"43":[0,0],"44":[0,0],"45":[0,0],"46":[0,0],"47":[0,0],"48":[0,0],"49":[0,0],"50":[0,0],"51":[0,0],"52":[0,0],"53":[0,0],"54":[0,0],"55":[0,0],"56":[1,2],"57":[0,2],"58":[2,2],"59":[0,2],"60":[2,0],"61":[1,1],"62":[2,1],"63":[1,1],"64":[1,1],"65":[50],"66":[3,65],"67":[65,0],"68":[3,322],"69":[0,18],"70":[0,90],"71":[2,6],"72":[2,4],"73":[3,7],"74":[2,4],"75":[1,3],"76":[4,3],"77":[2,1]},"_coverageSchema":"1a1c01bbd47fc00a2c39e90264f33305004495a9","hash":"bbbf85e49ee1b741a2d16587d5a7d06a39d1f350"}
,"C:\\Users\\jerry_c\\.gemini\\antigravity\\scratch\\liqui-moly-chatbot\\lib\\constants.js": {"path":"C:\\Users\\jerry_c\\.gemini\\antigravity\\scratch\\liqui-moly-chatbot\\lib\\constants.js","statementMap":{"0":{"start":{"line":23,"column":20},"end":{"line":23,"column":62}},"1":{"start":{"line":28,"column":25},"end":{"line":28,"column":66}},"2":{"start":{"line":33,"column":23},"end":{"line":33,"column":80}},"3":{"start":{"line":38,"column":20},"end":{"line":38,"column":49}},"4":{"start":{"line":47,"column":21},"end":{"line":47,"column":39}},"5":{"start":{"line":52,"column":24},"end":{"line":52,"column":75}},"6":{"start":{"line":57,"column":21},"end":{"line":73,"column":1}},"7":{"start":{"line":82,"column":23},"end":{"line":89,"column":1}},"8":{"start":{"line":98,"column":22},"end":{"line":107,"column":1}},"9":{"start":{"line":119,"column":22},"end":{"line":131,"column":1}},"10":{"start":{"line":140,"column":21},"end":{"line":145,"column":1}},"11":{"start":{"line":154,"column":17},"end":{"line":166,"column":1}},"12":{"start":{"line":175,"column":24},"end":{"line":186,"column":1}},"13":{"start":{"line":195,"column":21},"end":{"line":203,"column":1}},"14":{"start":{"line":208,"column":27},"end":{"line":222,"column":1}},"15":{"start":{"line":227,"column":22},"end":{"line":233,"column":1}},"16":{"start":{"line":245,"column":4},"end":{"line":245,"column":38}},"17":{"start":{"line":245,"column":14},"end":{"line":245,"column":38}},"18":{"start":{"line":246,"column":4},"end":{"line":246,"column":53}},"19":{"start":{"line":255,"column":4},"end":{"line":255,"column":46}},"20":{"start":{"line":263,"column":4},"end":{"line":265,"column":7}},"21":{"start":{"line":264,"column":8},"end":{"line":264,"column":46}},"22":{"start":{"line":275,"column":4},"end":{"line":275,"column":31}},"23":{"start":{"line":281,"column":0},"end":{"line":321,"column":2}}},"fnMap":{"0":{"name":"getProductUrl","decl":{"start":{"line":244,"column":9},"end":{"line":244,"column":22}},"loc":{"start":{"line":244,"column":28},"end":{"line":247,"column":1}},"line":244},"1":{"name":"getGeminiUrl","decl":{"start":{"line":254,"column":9},"end":{"line":254,"column":21}},"loc":{"start":{"line":254,"column":30},"end":{"line":256,"column":1}},"line":254},"2":{"name":"applyCorsHeaders","decl":{"start":{"line":262,"column":9},"end":{"line":262,"column":25}},"loc":{"start":{"line":262,"column":31},"end":{"line":266,"column":1}},"line":262},"3":{"name":"(anonymous_3)","decl":{"start":{"line":263,"column":38},"end":{"line":263,"column":39}},"loc":{"start":{"line":263,"column":45},"end":{"line":265,"column":5}},"line":263},"4":{"name":"log","decl":{"start":{"line":274,"column":9},"end":{"line":274,"column":12}},"loc":{"start":{"line":27
[...]
0,"column":5}},"type":"if","locations":[{"start":{"line":38,"column":4},"end":{"line":40,"column":5}},{"start":{},"end":{}}],"line":38},"4":{"loc":{"start":{"line":87,"column":31},"end":{"line":87,"column":47}},"type":"default-arg","locations":[{"start":{"line":87,"column":45},"end":{"line":87,"column":47}}],"line":87},"5":{"loc":{"start":{"line":95,"column":4},"end":{"line":99,"column":5}},"type":"if","locations":[{"start":{"line":95,"column":4},"end":{"line":99,"column":5}},{"start":{},"end":{}}],"line":95},"6":{"loc":{"start":{"line":102,"column":4},"end":{"line":110,"column":5}},"type":"if","locations":[{"start":{"line":102,"column":4},"end":{"line":110,"column":5}},{"start":{},"end":{}}],"line":102},"7":{"loc":{"start":{"line":104,"column":8},"end":{"line":109,"column":9}},"type":"if","locations":[{"start":{"line":104,"column":8},"end":{"line":109,"column":9}},{"start":{},"end":{}}],"line":104},"8":{"loc":{"start":{"line":120,"column":4},"end":{"line":122,"column":5}},"type":"if","locations":[{"start":{"line":120,"column":4},"end":{"line":122,"column":5}},{"start":{},"end":{}}],"line":120},"9":{"loc":{"start":{"line":124,"column":4},"end":{"line":126,"column":5}},"type":"if","locations":[{"start":{"line":124,"column":4},"end":{"line":126,"column":5}},{"start":{},"end":{}}],"line":124},"10":{"loc":{"start":{"line":144,"column":8},"end":{"line":144,"column":44}},"type":"if","locations":[{"start":{"line":144,"column":8},"end":{"line":144,"column":44}},{"start":{},"end":{}}],"line":144},"11":{"loc":{"start":{"line":145,"column":8},"end":{"line":145,"column":60}},"type":"if","locations":[{"start":{"line":145,"column":8},"end":{"line":145,"column":60}},{"start":{},"end":{}}],"line":145},"12":{"loc":{"start":{"line":145,"column":12},"end":{"line":145,"column":49}},"type":"binary-expr","locations":[{"start":{"line":145,"column":12},"end":{"line":145,"column":19}},{"start":{"line":145,"column":23},"end":{"line":145,"column":49}}],"line":145},"13":{"loc":{"start":{"line":149,"column":12},"end":{"line":149,"column":52}},"type":"if","locations":[{"start":{"line":149,"column":12},"end":{"line":149,"column":52}},{"start":{},"end":{}}],"line":149},"14":{"loc":{"start":{"line":151,"column":12},"end":{"line":151,"column":48}},"type":"if","locations":[{"start":{"line":151,"column":12},"end":{"line":151,"column":48}},{"start":{},"end":{}}],"line":151},"15":{"loc":{"start":{"line":155,"column":16},"end":{"line":210,"column":17}},"type":"if","locations":[{"start":{"line":155,"column":16},"end":{"line":210,"column":17}},{"start":{},"end":{}}],"line":155},"16":{"loc":{"start":{"line":155,"column":20},"end":{"line":155,"column":63}},"type":"binary-expr","locations":[{"start":{"line":155,"column":20},"end":{"line":155,"column":32}},{"start":{"line":155,"column":36},"end":{"line":155,"column":63}}],"line":155},"17":{"loc":{"start":{"line":157,"column":24},"end":{"line":208,"column":25}},"type":"if","locations":[{"start":{"line":157,"column":24},"end":{"line":208,"column":25}},{"start":{},"end":{}}],"line":157},"18":{"loc":{"start":{"line":165,"column":28},"end":{"line":180,"column":29}},"type":"if","locations":[{"start":{"line":165,"column":28},"end":{"line":180,"column":29}},{"start":{"line":171,"column":35},"end":{"line":180,"column":29}}],"line":165},"19":{"loc":{"start":{"line":171,"column":35},"end":{"line":180,"column":29}},"type":"if","locations":[{"start":{"line":171,"column":35},"end":{"line":180,"column":29}},{"start":{"line":178,"column":35},"end":{"line":180,"column":29}}],"line":171},"20":{"loc":{"start":{"line":171,"column":39},"end":{"line":173,"column":59}},"type":"binary-expr","locations":[{"start":{"line":171,"column":39},"end":{"line":171,"column":66}},{"start":{"line":172,"column":32},"end":{"line":172,"column":135}},{"start":{"line":173,"column":32},"end":{"line":173,"column":59}}],"line":171},"21":{"loc":{"start":{"line":183,"column":28},"end":{"line":187,"column":29}},"type":"if","locations":[{"start":{"line":183,"column":28},"end":{"line":187,"column":29}},{"start":{},"end":{}}],"line":183},"22":{"loc":{"start":{"line":184,"column":56},"end":{"line":186,"column":58}},"type":"cond-expr","locations":[{"start":{"line":185,"column":38},"end":{"line":185,"column":56}},{"start":{"line":186,"column":38},"end":{"line":186,"column":58}}],"line":184},"23":{"loc":{"start":{"line":188,"column":28},"end":{"line":190,"column":29}},"type":"if","locations":[{"start":{"line":188,"column":28},"end":{"line":190,"column":29}},{"start":{},"end":{}}],"line":188},"24":{"loc":{"start":{"line":191,"column":28},"end":{"line":195,"column":29}},"type":"if","locations":[{"start":{"line":191,"column":28},"end":{"line":195,"column":29}},{"start":{},"end":{}}],"line":191},"25":{"loc":{"start":{"line":192,"column":56},"end":{"line":194,"column":59}},"type":"cond-expr","locations":[{"start":{"line":193,"column":38},"end":{"line":193,"column":57}},{"start":{"line":194,"column":38},"end":{"line":194,"column":59}}],"line":192},"26":{"loc":{"start":{"line":196,"column":28},"end":{"line":198,"column":29}},"type":"if","locations":[{"start":{"line":196,"column":28},"end":{"line":198,"column":29}},{"start":{},"end":{}}],"line":196},"27":{"loc":{"start":{"line":199,"column":28},"end":{"line":201,"column":29}},"type":"if","locations":[{"start":{"line":199,"column":28},"end":{"line":201,"column":29}},{"start":{},"end":{}}],"line":199},"28":{"loc":{"start":{"line":202,"column":28},"end":{"line":204,"column":29}},"type":"if","locations":[{"start":{"line":202,"column":28},"end":{"line":204,"column":29}},{"start":{},"end":{}}],"line":202},"29":{"loc":{"start":{"line":229,"column":25},"end":{"line":229,"column":53}},"type":"binary-expr","locations":[{"start":{"line":229,"column":25},"end":{"line":229,"column":47}},{"start":{"line":229,"column":51},"end":{"line":229,"column":53}}],"line":229},"30":{"loc":{"start":{"line":232,"column":27},"end":{"line":232,"column":56}},"type":"binary-expr","locations":[{"start":{"line":232,"column":27},"end":{"line":232,"column":50}},{"start":{"line":232,"column":54},"end":{"line":232,"column":56}}],"line":232},"31":{"loc":{"start":{"line":233,"column":31},"end":{"line":235,"column":5}},"type":"binary-expr","locations":[{"start":{"line":233,"column":31},"end":{"line":233,"column":54}},{"start":{"line":233,"column":58},"end":{"line":235,"column":5}}],"line":233},"32":{"loc":{"start":{"line":236,"column":29},"end":{"line":236,"column":65}},"type":"binary-expr","locations":[{"start":{"line":236,"column":29},"end":{"line":236,"column":59}},{"start":{"line":236,"column":63},"end":{"line":236,"column":65}}],"line":236},"33":{"loc":{"start":{"line":240,"column":8},"end":{"line":247,"column":9}},"type":"if","locations":[{"start":{"line":240,"column":8},"end":{"line":247,"column":9}},{"start":{},"end":{}}],"line":240},"34":{"loc":{"start":{"line":254,"column":12},"end":{"line":263,"column":13}},"type":"if","locations":[{"start":{"line":254,"column":12},"end":{"line":263,"column":13}},{"start":{},"end":{}}],"line":254},"35":{"loc":{"start":{"line":265,"column":8},"end":{"line":265,"column":39}},"type":"if","locations":[{"start":{"line":265,"column":8},"end":{"line":265,"column":39}},{"start":{},"end":{}}],"line":265},"36":{"loc":{"start":{"line":271,"column":8},"end":{"line":278,"column":9}},"type":"if","locations":[{"start":{"line":271,"column":8},"end":{"line":278,"column":9}},{"start":{},"end":{}}],"line":271},"37":{"loc":{"start":{"line":274,"column":12},"end":{"line":276,"column":13}},"type":"if","locations":[{"start":{"line":274,"column":12},"end":{"line":276,"column":13}},{"start":{},"end":{}}],"line":274},"38":{"loc":{"start":{"line":283,"column":4},"end":{"line":293,"column":5}},"type":"if","locations":[{"start":{"line":283,"column":4},"end":{"line":293,"column":5}},{"start":{},"end":{}}],"line":283},"39":{"loc":{"start":{"line":285,"column":12},"end":{"line":291,"column":13}},"type":"if","locations":[{"start":{"line":285,"column":12},"end":{"line":291,"column":13}},{"start":{},"end":{}}],"line":285},"40":{"loc":{"start":{"line":287,"column":16},"end":{"line":289,"column":17}},"type":"if","locations":[{"start":{"line":287,"column":16},"end":{"line":289,"column":17}},{"start":{},"end":{}}],"line":287},"41":{"loc":{"start":{"line":296,"column":4},"end":{"line":298,"column":5}},"type":"if","locations":[{"start":{"line":296,"column":4},"end":{"line":298,"column":5}},{"start":{},"end":{}}],"line":296},"42":{"loc":{"start":{"line":301,"column":20},"end":{"line":301,"column":42}},"type":"binary-expr","locations":[{"start":{"line":301,"column":20},"end":{"line":301,"column":36}},{"start":{"line":301,"column":40},"end":{"line":301,"column":42}}],"line":301},"43":{"loc":{"start":{"line":302,"column":24},"end":{"line":302,"column":70}},"type":"binary-expr","locations":[{"start":{"line":302,"column":24},"end":{"line":302,"column":40}},{"start":{"line":302,"column":44},"end":{"line":302,"column":70}}],"line":302},"44":{"loc":{"start":{"line":303,"column":22},"end":{"line":307,"column":5}},"type":"binary-expr","locations":[{"start":{"line":303,"column":22},"end":{"line":303,"column":45}},{"start":{"line":303,"column":49},"end":{"line":307,"column":5}}],"line":303},"45":{"loc":{"start":{"line":310,"column":8},"end":{"line":316,"column":9}},"type":"if","locations":[{"start":{"line":310,"column":8},"end":{"line":316,"column":9}},{"start":{},"end":{}}],"line":310},"46":{"loc":{"start":{"line":320,"column":8},"end":{"line":327,"column":9}},"type":"if","locations":[{"start":{"line":320,"column":8},"end":{"line":327,"column":9}},{"start":{},"end":{}}],"line":320},"47":{"loc":{"start":{"line":331,"column":27},"end":{"line":331,"column":100}},"type":"binary-expr","locations":[{"start":{"line":331,"column":27},"end":{"line":331,"column":56}},{"start":{"line":331,"column":60},"end":{"line":331,"column":100}}],"line":331},"48":{"loc":{"start":{"line":333,"column":8},"end":{"line":339,"column":9}},"type":"if","locations":[{"start":{"line":333,"column":8},"end":{"line":339,"column":9}},{"start":{},"end":{}}],"line":333},"49":{"loc":{"start":{"line":343,"column":28},"end":{"line":343,"column":101}},"type":"binary-expr","locations":[{"start":{"line":343,"column":28},"end":{"line":343,"column":58}},{"start":{"line":343,"column":62},"end":{"line":343,"column":101}}],"line":343},"50":{"loc":{"start":{"line":345,"column":8},"end":{"line":351,"column":9}},"type":"if","locations":[{"start":{"line":345,"column":8},"end":{"line":351,"column":9}},{"start":{},"end":{}}],"line":345},"51":{"loc":{"start":{"line":366,"column":19},"end":{"line":366,"column":69}},"type":"binary-expr","locations":[{"start":{"line":366,"column":19},"end":{"line":366,"column":63}},{"start":{"line":366,"column":67},"end":{"line":366,"column":69}}],"line":366},"52":{"loc":{"start":{"line":369,"column":33},"end":{"line":370,"column":63}},"type":"binary-expr","locations":[{"start":{"line":369,"column":33},"end":{"line":369,"column":69}},{"start":{"line":370,"column":8},"end":{"line":370,"column":63}}],"line":369},"53":{"loc":{"start":{"line":372,"column":8},"end":{"line":379,"column":9}},"type":"if","locations":[{"start":{"line":372,"column":8},"end":{"line":379,"column":9}},{"start":{},"end":{}}],"line":372},"54":{"loc":{"start":{"line":383,"column":26},"end":{"line":384,"column":80}},"type":"binary-expr","locations":[{"start":{"line":383,"column":26},"end":{"line":383,"column":55}},{"start":{"line":384,"column":8},"end":{"line":384,"column":80}}],"line":383},"55":{"loc":{"start":{"line":386,"column":8},"end":{"line":392,"column":9}},"type":"if","locations":[{"start":{"line":386,"column":8},"end":{"line":392,"column":9}},{"start":{},"end":{}}],"line":386},"56":{"loc":{"start":{"line":396,"column":27},"end":{"line":396,"column":87}},"type":"binary-expr","locations":[{"start":{"line":396,"column":27},"end":{"line":396,"column":50}},{"start":{"line":396,"column":54},"end":{"line":396,"column":87}}],"line":396},"57":{"loc":{"start":{"line":398,"column":8},"end":{"line":402,"column":9}},"type":"if","locations":[{"start":{"line":398,"column":8},"end":{"line":402,"column":9}},{"start":{},"end":{}}],"line":398},"58":{"loc":{"start":{"line":417,"column":31},"end":{"line":417,"column":43}},"type":"default-arg","locations":[{"start":{"line":417,"column":39},"end":{"line":417,"column":43}}],"line":417},"59":{"loc":{"start":{"line":419,"column":4},"end":{"line":419,"column":31}},"type":"if","locations":[{"start":{"line":419,"column":4},"end":{"line":419,"column":31}},{"start":{},"end":{}}],"line":419},"60":{"loc":{"start":{"line":422,"column":4},"end":{"line":422,"column":33}},"type":"if","locations":[{"start":{"line":422,"column":4},"end":{"line":422,"column":33}},{"start":{},"end":{}}],"line":422},"61":{"loc":{"start":{"line":424,"column":4},"end":{"line":451,"column":5}},"type":"if","locations":[{"start":{"line":424,"column":4},"end":{"line":451,"column":5}},{"start":{},"end":{}}],"line":424},"62":{"loc":{"start":{"line":429,"column":8},"end":{"line":431,"column":9}},"type":"if","locations":[{"start":{"line":429,"column":8},"end":{"line":431,"column":9}},{"start":{},"end":{}}],"line":429},"63":{"loc":{"start":{"line":435,"column":12},"end":{"line":435,"column":52}},"type":"if","locations":[{"start":{"line":435,"column":12},"end":{"line":435,"column":52}},{"start":{},"end":{}}],"line":435},"64":{"loc":{"start":{"line":440,"column":12},"end":{"line":445,"column":13}},"type":"if","locations":[{"start":{"line":440,"column":12},"end":{"line":445,"column":13}},{"start":{},"end":{}}],"line":440},"65":{"loc":{"start":{"line":440,"column":16},"end":{"line":440,"column":90}},"type":"binary-expr","locations":[{"start":{"line":440,"column":16},"end":{"line":440,"column":51}},{"start":{"line":440,"column":55},"end":{"line":440,"column":90}}],"line":440},"66":{"loc":{"start":{"line":442,"column":16},"end":{"line":444,"column":17}},"type":"if","locations":[{"start":{"line":442,"column":16},"end":{"line":444,"column":17}},{"start":{},"end":{}}],"line":442},"67":{"loc":{"start":{"line":448,"column":8},"end":{"line":450,"column":9}},"type":"if","locations":[{"start":{"line":448,"column":8},"end":{"line":450,"column":9}},{"start":{},"end":{}}],"line":448},"68":{"loc":{"start":{"line":465,"column":4},"end":{"line":465,"column":35}},"type":"if","locations":[{"start":{"line":465,"column":4},"end":{"line":465,"column":35}},{"start":{},"end":{}}],"line":465},"69":{"loc":{"start":{"line":468,"column":4},"end":{"line":468,"column":58}},"type":"if","locations":[{"start":{"line":468,"column":4},"end":{"line":468,"column":58}},{"start":{},"end":{}}],"line":468},"70":{"loc":{"start":{"line":469,"column":4},"end":{"line":469,"column":43}},"type":"if","locations":[{"start":{"line":469,"column":4},"end":{"line":469,"column":43}},{"start":{},"end":{}}],"line":469},"71":{"loc":{"start":{"line":472,"column":18},"end":{"line":472,"column":50}},"type":"binary-expr","locations":[{"start":{"line":472,"column":18},"end":{"line":472,"column":44}},{"start":{"line":472,"column":48},"end":{"line":472,"column":50}}],"line":472},"72":{"loc":{"start":{"line":473,"column":4},"end":{"line":473,"column":47}},"type":"if","locations":[{"start":{"line":473,"column":4},"end":{"line":473,"column":47}},{"start":{},"end":{}}],"line":473},"73":{"loc":{"start":{"line":477,"column":23},"end":{"line":477,"column":80}},"type":"binary-expr","locations":[{"start":{"line":477,"column":23},"end":{"line":477,"column":47}},{"start":{"line":477,"column":51},"end":{"line":477,"column":74}},{"start":{"line":477,"column":78},"end":{"line":477,"column":80}}],"line":477},"74":{"loc":{"start":{"line":489,"column":4},"end":{"line":489,"column":31}},"type":"if","locations":[{"start":{"line":489,"column":4},"end":{"line":489,"column":31}},{"start":{},"end":{}}],"line":489},"75":{"loc":{"start":{"line":490,"column":19},"end":{"line":490,"column":38}},"type":"binary-expr","locations":[{"start":{"line":490,"column":19},"end":{"line":490,"column":32}},{"start":{"line":490,"column":36},"end":{"line":490,"column":38}}],"line":490},"76":{"loc":{"start":{"line":491,"column":18},"end":{"line":491,"column":36}},"type":"binary-expr","locations":[{"start":{"line":491,"column":18},"end":{"line":491,"column":30}},{"start":{"line":491,"column":34},"end":{"line":491,"column":36}}],"line":491},"77":{"loc":{"start":{"line":492,"column":11},"end":{"line":495,"column":32}},"type":"binary-expr","locations":[{"start":{"line":492,"column":11},"end":{"line":492,"column":38}},{"start":{"line":493,"column":8},"end":{"line":493,"column":28}},{"start":{"line":494,"column":8},"end":{"line":494,"column":34}},{"start":{"line":495,"column":8},"end":{"line":495,"column":32}}],"line":492},"78":{"loc":{"start":{"line":504,"column":11},"end":{"line":507,"column":5}},"type":"binary-expr","locations":[{"start":{"line":504,"column":11},"end":{"line":504,"column":37}},{"start":{"line":504,"column":41},"end":{"line":507,"column":5}}],"line":504},"79":{"loc":{"start":{"line":516,"column":11},"end":{"line":516,"column":79}},"type":"binary-expr","locations":[{"start":{"line":516,"column":11},"end":{"line":516,"column":34}},{"start":{"line":516,"column":38},"end":{"line":516,"column":79}}],"line":516}},"s":{"0":0,"1":0,"2":0,"3":0,"4":0,"5":0,"6":0,"7":0,"8":0,"9":0,"10":0,"11":0,"12":0,"13":0,"14":0,"15":0,"16":0,"17":0,"18":0,"19":0,"20":0,"21":0,"22":0,"23":0,"24":0,"25":0,"26":0,"27":0,"28":0,"29":0,"30":0,"31":0,"32":0,"33":0,"34":0,"35":0,"36":0,"37":0,"38":0,"39":0,"40":0,"41":0,"42":0,"43":0,"44":0,"45":0,"46":0,"47":0,"48":0,"49":0,"50":0,"51":0,"52":0,"53":0,"54":0,"55":0,"56":0,"57":0,"58":0,"59":0,"60":0,"61":0,"62":0,"63":0,"64":0,"65":0,"66":0,"67":0,"68":0,"69":0,"70":0,"71":0,"72":0,"73":0,"74":0,"75":0,"76":0,"77":0,"78":0,"79":0,"80":0,"81":0,"82":0,"83":0,"84":0,"85":0,"86":0,"87":0,"88":0,"89":0,"90":0,"91":0,"92":0,"93":0,"94":0,"95":0,"96":0,"97":0,"98":0,"99":0,"100":0,"101":0,"102":0,"103":0,"104":0,"105":0,"106":0,"107":0,"108":0,"109":0,"110":0,"111":0,"112":0,"113":0,"114":0,"115":0,"116":0,"117":0,"118":0,"119":0,"120":0,"121":0,"122":0,"123":0,"124":0,"125":0,"126":0,"127":0,"128":0,"129":0,"130":0,"131":0,"132":0,"133":0,"134":0,"135":0,"136":0,"137":0,"138":0,"139":0,"140":0,"141":0,"142":0,"143":0,"144":0,"145":0,"146":0,"147":0,"148":0,"149":0,"150":0,"151":0,"152":0,"153":0,"154":0,"155":0,"156":0,"157":0,"158":0,"159":0,"160":0,"161":0,"162":0,"163":0,"164":0,"165":0,"166":0,"167":0,"168":0,"169":0,"170":0,"171":0,"172":0,"173":0,"174":0,"175":0,"176":0,"177":0,"178":0,"179":0,"180":0,"181":0,"182":0,"183":0,"184":0,"185":0,"186":0,"187":0,"188":0,"189":0,"190":0,"191":0,"192":0,"193":0,"194":0,"195":0,"196":0,"197":0,"198":0,"199":0,"200":0,"201":0,"202":0,"203":0,"204":0,"205":0,"206":0,"207":0,"208":0,"209":0,"210":0,"211":0,"212":0,"213":0,"214":0,"215":0,"216":0,"217":0,"218":0,"219":0,"220":0,"221":0,"222":0,"223":0,"224":0,"225":0,"226":0,"227":0,"228":0,"229":0,"230":0,"231":0,"232":0,"233":0,"234":0,"235":0,"236":0,"237":0},"f":{"0":0,"1":0,"2":0,"3":0,"4":0,"5":0,"6":0,"7":0,"8":0,"9":0,"10":0,"11":0,"12":0,"13":0},"b":{"0":[0,0],"1":[0,0],"2":[0,0],"3":[0,0],"4":[0],"5":[0,0],"6":[0,0],"7":[0,0],"8":[0,0],"9":[0,0],"10":[0,0],"11":[0,0],"12":[0,0],"13":[0,0],"14":[0,0],"15":[0,0],"16":[0,0],"17":[0,0],"18":[0,0],"19":[0,0],"20":[0,0,0],"21":[0,0],"22":[0,0],"23":[0,0],"24":[0,0],"25":[0,0],"26":[0,0],"27":[0,0],"28":[0,0],"29":[0,0],"30":[0,0],"31":[0,0],"32":[0,0],"33":[0,0],"34":[0,0],"35":[0,0],"36":[0,0],"37":[0,0],"38":[0,0],"39":[0,0],"40":[0,0],"41":[0,0],"42":[0,0],"43":[0,0],"44":[0,0],"45":[0,0],"46":[0,0],"47":[0,0],"48":[0,0],"49":[0,0],"50":[0,0],"51":[0,0],"52":[0,0],"53":[0,0],"54":[0,0],"55":[0,0],"56":[0,0],"57":[0,0],"58":[0],"59":[0,0],"60":[0,0],"61":[0,0],"62":[0,0],"63":[0,0],"64":[0,0],"65":[0,0],"66":[0,0],"67":[0,0],"68":[0,0],"69":[0,0],"70":[0,0],"71":[0,0],"72":[0,0],"73":[0,0,0],"74":[0,0],"75":[0,0],"76":[0,0],"77":[0,0,0,0],"78":[0,0],"79":[0,0]}}
}
