TN:
SF:lib\agent-prompts.js
FN:50,selectAgent
FN:112,getLanguageRule
FN:119,getCoreIdentity
FN:131,buildGreetingPrompt
FN:218,buildOilPrompt
FN:237,(anonymous_5)
FN:249,(anonymous_6)
FN:261,(anonymous_7)
FN:274,(anonymous_8)
FN:299,(anonymous_9)
FN:309,buildAdditivePrompt
FN:371,(anonymous_11)
FN:378,buildPurchasePrompt
FN:395,buildCooperationPrompt
FN:429,buildPricePrompt
FN:445,(anonymous_15)
FN:454,buildGeneralPrompt
FN:503,(anonymous_17)
FN:509,buildCategorySpecSection
FN:540,buildCertificationCompact
FN:565,buildAdditiveMatchSection
FN:568,(anonymous_21)
FN:586,buildAgentPrompt
FNF:23
FNH:0
FNDA:0,selectAgent
FNDA:0,getLanguageRule
FNDA:0,getCoreIdentity
FNDA:0,buildGreetingPrompt
FNDA:0,buildOilPrompt
FNDA:0,(anonymous_5)
FNDA:0,(anonymous_6)
FNDA:0,(anonymous_7)
FNDA:0,(anonymous_8)
FNDA:0,(anonymous_9)
FNDA:0,buildAdditivePrompt
FNDA:0,(anonymous_11)
FNDA:0,buildPurchasePrompt
FNDA:0,buildCooperationPrompt
FNDA:0,buildPricePrompt
FNDA:0,(anonymous_15)
FNDA:0,buildGeneralPrompt
FNDA:0,(anonymous_17)
FNDA:0,buildCategorySpecSection
FNDA:0,buildCertificationCompact
FNDA:0,buildAdditiveMatchSection
FNDA:0,(anonymous_21)
FNDA:0,buildAgentPrompt
DA:31,0
DA:34,0
DA:51,0
DA:52,0
DA:53,0
DA:58,0
DA:60,0
DA:63,0
DA:64,0
DA:68,0
DA:69,0
DA:73,0
DA:74,0
DA:78,0
DA:79,0
DA:83,0
DA:84,0
DA:88,0
DA:89,0
DA:90,0
DA:94,0
DA:95,0
DA:96,0
DA:99,0
DA:100,0
DA:102,0
DA:106,0
DA:113,0
DA:120,0
DA:132,0
DA:133,0
DA:134,0
DA:135,0
DA:138,0
DA:139,0
DA:140,0
DA:180,0
DA:219,0
DA:221,0
DA:222,0
DA:226,0
DA:227,0
DA:229,0
DA:231,0
DA:232,0
DA:233,0
DA:237,0
DA:238,0
DA:239,0
DA:240,0
DA:243,0
DA:245,0
DA:249,0
DA:263,0
DA:264,0
DA:266,0
DA:273,0
DA:274,0
DA:278,0
DA:279,0
DA:280,0
DA:284,0
DA:287,0
DA:288,0
DA:292,0
DA:293,0
DA:297,0
DA:299,0
DA:310,0
DA:312,0
DA:313,0
DA:316,0
DA:317,0
DA:320,0
DA:327,0
DA:328,0
DA:334,0
DA:341,0
DA:342,0
DA:343,0
DA:347,0
DA:354,0
DA:355,0
DA:356,0
DA:360,0
DA:361,0
DA:366,0
DA:371,0
DA:380,0
DA:396,0
DA:397,0
DA:398,0
DA:401,0
DA:430,0
DA:432,0
DA:433,0
DA:436,0
DA:441,0
DA:442,0
DA:445,0
DA:455,0
DA:457,0
DA:458,0
DA:461,0
DA:462,0
DA:463,0
DA:467,0
DA:468,0
DA:469,0
DA:473,0
DA:474,0
DA:477,0
DA:485,0
DA:487,0
DA:488,0
DA:490,0
DA:493,0
DA:500,0
DA:503,0
DA:510,0
DA:512,0
DA:514,0
DA:515,0
DA:518,0
DA:519,0
DA:522,0
DA:523,0
DA:524,0
DA:525,0
DA:529,0
DA:541,0
DA:543,0
DA:545,0
DA:546,0
DA:547,0
DA:548,0
DA:552,0
DA:553,0
DA:554,0
DA:555,0
DA:559,0
DA:566,0
DA:568,0
DA:569,0
DA:572,0
DA:587,0
DA:589,0
DA:592,0
DA:595,0
DA:598,0
DA:601,0
DA:604,0
DA:608,0
DA:612,0
LF:154
LH:0
BRDA:53,0,0,0
BRDA:53,0,1,0
BRDA:58,1,0,0
BRDA:58,1,1,0
BRDA:63,2,0,0
BRDA:63,2,1,0
BRDA:68,3,0,0
BRDA:68,3,1,0
BRDA:73,4,0,0
BRDA:73,4,1,0
BRDA:78,5,0,0
BRDA:78,5,1,0
BRDA:78,6,0,0
BRDA:78,6,1,0
BRDA:83,7,0,0
BRDA:83,7,1,0
BRDA:83,8,0,0
BRDA:83,8,1,0
BRDA:83,8,2,0
BRDA:88,9,0,0
BRDA:88,9,1,0
BRDA:94,10,0,0
BRDA:94,10,1,0
BRDA:94,11,0,0
BRDA:94,11,1,0
BRDA:95,12,0,0
BRDA:95,12,1,0
BRDA:99,13,0,0
BRDA:99,13,1,0
BRDA:99,14,0,0
BRDA:99,14,1,0
BRDA:131,15,0,0
BRDA:135,16,0,0
BRDA:135,16,1,0
BRDA:138,17,0,0
BRDA:138,17,1,0
BRDA:139,18,0,0
BRDA:139,18,1,0
BRDA:139,18,2,0
BRDA:201,19,0,0
BRDA:201,19,1,0
BRDA:226,20,0,0
BRDA:226,20,1,0
BRDA:226,20,2,0
BRDA:229,21,0,0
BRDA:229,21,1,0
BRDA:229,22,0,0
BRDA:229,22,1,0
BRDA:232,23,0,0
BRDA:232,23,1,0
BRDA:238,24,0,0
BRDA:238,24,1,0
BRDA:240,25,0,0
BRDA:240,25,1,0
BRDA:243,26,0,0
BRDA:243,26,1,0
BRDA:260,27,0,0
BRDA:260,27,1,0
BRDA:263,28,0,0
BRDA:263,28,1,0
BRDA:263,29,0,0
BRDA:263,29,1,0
BRDA:263,29,2,0
BRDA:279,30,0,0
BRDA:279,30,1,0
BRDA:287,31,0,0
BRDA:287,31,1,0
BRDA:292,32,0,0
BRDA:292,32,1,0
BRDA:321,33,0,0
BRDA:321,33,1,0
BRDA:321,33,2,0
BRDA:327,34,0,0
BRDA:327,34,1,0
BRDA:328,35,0,0
BRDA:328,35,1,0
BRDA:329,36,0,0
BRDA:329,36,1,0
BRDA:334,37,0,0
BRDA:334,37,1,0
BRDA:334,37,2,0
BRDA:334,37,3,0
BRDA:334,37,4,0
BRDA:342,38,0,0
BRDA:342,38,1,0
BRDA:354,39,0,0
BRDA:354,39,1,0
BRDA:355,40,0,0
BRDA:355,40,1,0
BRDA:355,41,0,0
BRDA:355,41,1,0
BRDA:360,42,0,0
BRDA:360,42,1,0
BRDA:360,43,0,0
BRDA:360,43,1,0
BRDA:415,44,0,0
BRDA:415,44,1,0
BRDA:441,45,0,0
BRDA:441,45,1,0
BRDA:462,46,0,0
BRDA:462,46,1,0
BRDA:468,47,0,0
BRDA:468,47,1,0
BRDA:468,48,0,0
BRDA:468,48,1,0
BRDA:473,49,0,0
BRDA:473,49,1,0
BRDA:485,50,0,0
BRDA:485,50,1,0
BRDA:487,51,0,0
BRDA:487,51,1,0
BRDA:510,52,0,0
BRDA:510,52,1,0
BRDA:512,53,0,0
BRDA:512,53,1,0
BRDA:514,54,0,0
BRDA:514,54,1,0
BRDA:518,55,0,0
BRDA:518,55,1,0
BRDA:522,56,0,0
BRDA:522,56,1,0
BRDA:541,57,0,0
BRDA:541,57,1,0
BRDA:545,58,0,0
BRDA:545,58,1,0
BRDA:552,59,0,0
BRDA:552,59,1,0
BRDA:555,60,0,0
BRDA:555,60,1,0
BRDA:566,61,0,0
BRDA:566,61,1,0
BRDA:569,62,0,0
BRDA:569,62,1,0
BRDA:587,63,0,0
BRDA:587,63,1,0
BRDA:587,63,2,0
BRDA:587,63,3,0
BRDA:587,63,4,0
BRDA:587,63,5,0
BRDA:587,63,6,0
BRDA:587,63,7,0
BRF:141
BRH:0
end_of_record
TN:
SF:lib\certification-matcher.js
FN:48,isOEMCertification
FN:50,(anonymous_1)
FN:59,isAPICertification
FN:74,getAPICertPriority
FN:123,getCertCompatibility
FN:135,getVehicleSpecs
FN:150,createCertMatchResult
FN:175,searchWithCertUpgrade
FN:210,(anonymous_8)
FN:245,filterProductsByCert
FN:250,(anonymous_10)
FN:257,(anonymous_11)
FN:258,(anonymous_12)
FN:273,(anonymous_13)
FN:296,searchWithViscosityFallback
FN:365,searchWithCertPriority
FN:408,(anonymous_16)
FN:417,(anonymous_17)
FN:429,(anonymous_18)
FN:457,(anonymous_19)
FN:491,extractAPICertName
FN:516,getCertificationForVehicle
FN:544,getJasoCertification
FN:596,normalizeCert
FN:619,getCertVariants
FN:644,normalizeViscosity
FN:655,detectCertification
FN:685,getScooterCertScore
FNF:28
FNH:21
FNDA:12,isOEMCertification
FNDA:34,(anonymous_1)
FNDA:12,isAPICertification
FNDA:7,getAPICertPriority
FNDA:2,getCertCompatibility
FNDA:2,getVehicleSpecs
FNDA:4,createCertMatchResult
FNDA:3,searchWithCertUpgrade
FNDA:17,(anonymous_8)
FNDA:5,filterProductsByCert
FNDA:13,(anonymous_10)
FNDA:13,(anonymous_11)
FNDA:13,(anonymous_12)
FNDA:5,(anonymous_13)
FNDA:0,searchWithViscosityFallback
FNDA:0,searchWithCertPriority
FNDA:0,(anonymous_16)
FNDA:0,(anonymous_17)
FNDA:0,(anonymous_18)
FNDA:0,(anonymous_19)
FNDA:0,extractAPICertName
FNDA:3,getCertificationForVehicle
FNDA:2,getJasoCertification
FNDA:68,normalizeCert
FNDA:18,getCertVariants
FNDA:8,normalizeViscosity
FNDA:6,detectCertification
FNDA:6,getScooterCertScore
DA:15,2
DA:18,2
DA:19,2
DA:27,2
DA:28,2
DA:30,2
DA:33,2
DA:49,12
DA:50,34
DA:60,12
DA:61,10
DA:63,10
DA:75,7
DA:76,5
DA:80,5
DA:81,5
DA:82,3
DA:83,3
DA:84,3
DA:85,3
DA:90,2
DA:91,2
DA:92,0
DA:93,0
DA:94,0
DA:95,0
DA:100,2
DA:101,2
DA:102,0
DA:103,0
DA:104,0
DA:106,0
DA:107,0
DA:108,0
DA:111,0
DA:112,0
DA:113,0
DA:117,2
DA:124,2
DA:125,1
DA:126,1
DA:127,1
DA:129,2
DA:136,2
DA:137,1
DA:139,2
DA:151,4
DA:176,3
DA:177,3
DA:179,3
DA:180,1
DA:183,2
DA:184,2
DA:186,2
DA:189,2
DA:190,2
DA:191,1
DA:192,1
DA:193,1
DA:194,1
DA:195,1
DA:199,1
DA:202,1
DA:203,4
DA:206,3
DA:207,7
DA:210,7
DA:211,17
DA:214,7
DA:216,0
DA:217,0
DA:218,0
DA:219,0
DA:220,0
DA:221,0
DA:222,0
DA:223,0
DA:224,0
DA:231,1
DA:232,1
DA:233,1
DA:247,5
DA:248,5
DA:250,5
DA:251,13
DA:254,13
DA:257,13
DA:258,13
DA:260,13
DA:263,3
DA:264,1
DA:265,1
DA:266,1
DA:268,3
DA:271,5
DA:272,2
DA:273,2
DA:274,5
DA:278,5
DA:297,0
DA:306,0
DA:307,0
DA:310,0
DA:311,0
DA:314,0
DA:315,0
DA:316,0
DA:317,0
DA:318,0
DA:319,0
DA:324,0
DA:325,0
DA:326,0
DA:327,0
DA:328,0
DA:329,0
DA:330,0
DA:331,0
DA:333,0
DA:337,0
DA:338,0
DA:339,0
DA:340,0
DA:341,0
DA:342,0
DA:343,0
DA:344,0
DA:348,0
DA:349,0
DA:350,0
DA:366,0
DA:376,0
DA:377,0
DA:380,0
DA:383,0
DA:384,0
DA:386,0
DA:388,0
DA:392,0
DA:394,0
DA:399,0
DA:403,0
DA:406,0
DA:407,0
DA:408,0
DA:409,0
DA:410,0
DA:411,0
DA:413,0
DA:417,0
DA:418,0
DA:419,0
DA:422,0
DA:423,0
DA:425,0
DA:429,0
DA:430,0
DA:431,0
DA:432,0
DA:436,0
DA:437,0
DA:439,0
DA:441,0
DA:443,0
DA:444,0
DA:445,0
DA:448,0
DA:449,0
DA:450,0
DA:452,0
DA:453,0
DA:457,0
DA:458,0
DA:459,0
DA:460,0
DA:463,0
DA:464,0
DA:465,0
DA:466,0
DA:470,0
DA:471,0
DA:478,0
DA:479,0
DA:492,0
DA:495,0
DA:496,0
DA:497,0
DA:501,0
DA:502,0
DA:503,0
DA:506,0
DA:517,3
DA:519,2
DA:520,2
DA:522,2
DA:523,2
DA:526,2
DA:527,0
DA:531,2
DA:532,1
DA:535,2
DA:545,2
DA:546,1
DA:552,1
DA:566,2
DA:578,2
DA:597,68
DA:598,65
DA:601,65
DA:602,65
DA:605,325
DA:606,3
DA:611,65
DA:620,18
DA:622,18
DA:623,18
DA:626,18
DA:627,18
DA:630,18
DA:631,90
DA:632,0
DA:636,18
DA:645,8
DA:646,6
DA:656,6
DA:658,4
DA:665,4
DA:666,10
DA:667,10
DA:668,3
DA:675,1
DA:686,6
DA:687,4
DA:690,4
DA:693,3
DA:695,1
DA:701,2
LF:237
LH:121
BRDA:49,0,0,2
BRDA:49,0,1,10
BRDA:60,1,0,2
BRDA:60,1,1,10
BRDA:63,2,0,10
BRDA:63,2,1,7
BRDA:63,2,2,5
BRDA:63,2,3,2
BRDA:75,3,0,2
BRDA:75,3,1,5
BRDA:81,4,0,3
BRDA:81,4,1,2
BRDA:82,5,0,3
BRDA:82,5,1,0
BRDA:84,6,0,3
BRDA:84,6,1,0
BRDA:91,7,0,0
BRDA:91,7,1,2
BRDA:92,8,0,0
BRDA:92,8,1,0
BRDA:94,9,0,0
BRDA:94,9,1,0
BRDA:101,10,0,0
BRDA:101,10,1,2
BRDA:103,11,0,0
BRDA:103,11,1,0
BRDA:107,12,0,0
BRDA:107,12,1,0
BRDA:112,13,0,0
BRDA:112,13,1,0
BRDA:124,14,0,1
BRDA:124,14,1,1
BRDA:125,15,0,1
BRDA:125,15,1,0
BRDA:126,16,0,1
BRDA:126,16,1,0
BRDA:136,17,0,1
BRDA:136,17,1,1
BRDA:137,18,0,1
BRDA:137,18,1,0
BRDA:175,19,0,3
BRDA:179,20,0,1
BRDA:179,20,1,2
BRDA:186,21,0,0
BRDA:186,21,1,2
BRDA:190,22,0,1
BRDA:190,22,1,1
BRDA:203,23,0,1
BRDA:203,23,1,3
BRDA:214,24,0,0
BRDA:214,24,1,7
BRDA:217,25,0,0
BRDA:217,25,1,0
BRDA:232,26,0,0
BRDA:232,26,1,1
BRDA:245,27,0,2
BRDA:251,28,0,0
BRDA:251,28,1,13
BRDA:260,29,0,10
BRDA:260,29,1,3
BRDA:263,30,0,1
BRDA:263,30,1,2
BRDA:264,31,0,1
BRDA:264,31,1,0
BRDA:266,32,0,0
BRDA:266,32,1,1
BRDA:271,33,0,2
BRDA:271,33,1,3
BRDA:306,34,0,0
BRDA:306,34,1,0
BRDA:311,35,0,0
BRDA:311,35,1,0
BRDA:314,36,0,0
BRDA:314,36,1,0
BRDA:316,37,0,0
BRDA:316,37,1,0
BRDA:325,38,0,0
BRDA:325,38,1,0
BRDA:330,39,0,0
BRDA:330,39,1,0
BRDA:338,40,0,0
BRDA:338,40,1,0
BRDA:376,41,0,0
BRDA:376,41,1,0
BRDA:380,42,0,0
BRDA:380,42,1,0
BRDA:386,43,0,0
BRDA:386,43,1,0
BRDA:386,44,0,0
BRDA:386,44,1,0
BRDA:388,45,0,0
BRDA:388,45,1,0
BRDA:399,46,0,0
BRDA:399,46,1,0
BRDA:407,47,0,0
BRDA:407,47,1,0
BRDA:409,48,0,0
BRDA:409,48,1,0
BRDA:418,49,0,0
BRDA:418,49,1,0
BRDA:422,50,0,0
BRDA:422,50,1,0
BRDA:441,51,0,0
BRDA:441,51,1,0
BRDA:463,52,0,0
BRDA:463,52,1,0
BRDA:492,53,0,0
BRDA:492,53,1,0
BRDA:496,54,0,0
BRDA:496,54,1,0
BRDA:502,55,0,0
BRDA:502,55,1,0
BRDA:517,56,0,1
BRDA:517,56,1,2
BRDA:520,57,0,0
BRDA:520,57,1,2
BRDA:520,58,0,2
BRDA:520,58,1,2
BRDA:526,59,0,0
BRDA:526,59,1,2
BRDA:526,60,0,2
BRDA:526,60,1,0
BRDA:531,61,0,1
BRDA:531,61,1,1
BRDA:531,62,0,2
BRDA:531,62,1,1
BRDA:535,63,0,1
BRDA:535,63,1,1
BRDA:545,64,0,1
BRDA:545,64,1,1
BRDA:596,65,0,50
BRDA:597,66,0,3
BRDA:597,66,1,65
BRDA:601,67,0,65
BRDA:601,67,1,0
BRDA:605,68,0,3
BRDA:605,68,1,322
BRDA:620,69,0,0
BRDA:620,69,1,18
BRDA:631,70,0,0
BRDA:631,70,1,90
BRDA:645,71,0,2
BRDA:645,71,1,6
BRDA:656,72,0,2
BRDA:656,72,1,4
BRDA:667,73,0,3
BRDA:667,73,1,7
BRDA:686,74,0,2
BRDA:686,74,1,4
BRDA:690,75,0,1
BRDA:690,75,1,3
BRDA:690,76,0,4
BRDA:690,76,1,3
BRDA:693,77,0,2
BRDA:693,77,1,1
BRF:155
BRH:80
end_of_record
TN:
SF:lib\constants.js
FN:244,getProductUrl
FN:254,getGeminiUrl
FN:262,applyCorsHeaders
FN:263,(anonymous_3)
FN:274,log
FNF:5
FNH:0
FNDA:0,getProductUrl
FNDA:0,getGeminiUrl
FNDA:0,applyCorsHeaders
FNDA:0,(anonymous_3)
FNDA:0,log
DA:23,0
DA:28,0
DA:33,0
DA:38,0
DA:47,0
DA:52,0
DA:57,0
DA:82,0
DA:98,0
DA:119,0
DA:140,0
DA:154,0
DA:175,0
DA:195,0
DA:208,0
DA:227,0
DA:245,0
DA:246,0
DA:255,0
DA:263,0
DA:264,0
DA:275,0
DA:281,0
LF:23
LH:0
BRDA:245,0,0,0
BRDA:245,0,1,0
BRF:2
BRH:0
end_of_record
TN:
SF:lib\intent-classifier.js
FN:35,classifyIntent
FN:37,(anonymous_1)
FN:101,detectVehicleType
FN:186,detectElectricVehicle
FN:223,detectProductCategory
FN:246,detectIntentType
FN:280,detectSpecialScenario
FN:305,determineRequiredKnowledge
FNF:8
FNH:0
FNDA:0,classifyIntent
FNDA:0,(anonymous_1)
FNDA:0,detectVehicleType
FNDA:0,detectElectricVehicle
FNDA:0,detectProductCategory
FNDA:0,detectIntentType
FNDA:0,detectSpecialScenario
FNDA:0,determineRequiredKnowledge
DA:11,0
DA:12,0
DA:13,0
DA:14,0
DA:17,0
DA:18,0
DA:20,0
DA:21,0
DA:22,0
DA:23,0
DA:24,0
DA:26,0
DA:36,0
DA:37,0
DA:38,0
DA:40,0
DA:60,0
DA:61,0
DA:62,0
DA:63,0
DA:64,0
DA:65,0
DA:66,0
DA:67,0
DA:68,0
DA:69,0
DA:70,0
DA:73,0
DA:74,0
DA:78,0
DA:79,0
DA:83,0
DA:86,0
DA:89,0
DA:92,0
DA:94,0
DA:95,0
DA:102,0
DA:105,0
DA:106,0
DA:107,0
DA:110,0
DA:111,0
DA:112,0
DA:113,0
DA:114,0
DA:115,0
DA:120,0
DA:121,0
DA:122,0
DA:123,0
DA:124,0
DA:125,0
DA:126,0
DA:127,0
DA:128,0
DA:129,0
DA:130,0
DA:136,0
DA:137,0
DA:138,0
DA:140,0
DA:141,0
DA:142,0
DA:143,0
DA:144,0
DA:148,0
DA:149,0
DA:150,0
DA:151,0
DA:152,0
DA:153,0
DA:158,0
DA:159,0
DA:160,0
DA:161,0
DA:162,0
DA:163,0
DA:168,0
DA:169,0
DA:170,0
DA:171,0
DA:172,0
DA:173,0
DA:178,0
DA:179,0
DA:187,0
DA:190,0
DA:191,0
DA:192,0
DA:193,0
DA:194,0
DA:195,0
DA:200,0
DA:201,0
DA:202,0
DA:203,0
DA:204,0
DA:205,0
DA:210,0
DA:211,0
DA:212,0
DA:213,0
DA:214,0
DA:224,0
DA:226,0
DA:227,0
DA:228,0
DA:229,0
DA:230,0
DA:231,0
DA:232,0
DA:248,0
DA:249,0
DA:257,0
DA:259,0
DA:260,0
DA:261,0
DA:263,0
DA:264,0
DA:265,0
DA:266,0
DA:267,0
DA:273,0
DA:274,0
DA:282,0
DA:283,0
DA:284,0
DA:285,0
DA:286,0
DA:291,0
DA:292,0
DA:293,0
DA:294,0
DA:295,0
DA:296,0
DA:297,0
DA:307,0
DA:310,0
DA:314,0
DA:315,0
DA:319,0
DA:320,0
DA:324,0
LF:144
LH:0
BRDA:23,0,0,0
BRDA:23,0,1,0
BRDA:35,1,0,0
BRDA:61,2,0,0
BRDA:61,2,1,0
BRDA:73,3,0,0
BRDA:73,3,1,0
BRDA:102,4,0,0
BRDA:102,4,1,0
BRDA:105,5,0,0
BRDA:105,5,1,0
BRDA:106,6,0,0
BRDA:106,6,1,0
BRDA:107,7,0,0
BRDA:107,7,1,0
BRDA:111,8,0,0
BRDA:111,8,1,0
BRDA:124,9,0,0
BRDA:124,9,1,0
BRDA:136,10,0,0
BRDA:136,10,1,0
BRDA:137,11,0,0
BRDA:137,11,1,0
BRDA:138,12,0,0
BRDA:138,12,1,0
BRDA:141,13,0,0
BRDA:141,13,1,0
BRDA:149,14,0,0
BRDA:149,14,1,0
BRDA:158,15,0,0
BRDA:158,15,1,0
BRDA:160,16,0,0
BRDA:160,16,1,0
BRDA:168,17,0,0
BRDA:168,17,1,0
BRDA:170,18,0,0
BRDA:170,18,1,0
BRDA:178,19,0,0
BRDA:178,19,1,0
BRDA:187,20,0,0
BRDA:187,20,1,0
BRDA:190,21,0,0
BRDA:190,21,1,0
BRDA:192,22,0,0
BRDA:192,22,1,0
BRDA:200,23,0,0
BRDA:200,23,1,0
BRDA:202,24,0,0
BRDA:202,24,1,0
BRDA:210,25,0,0
BRDA:210,25,1,0
BRDA:212,26,0,0
BRDA:212,26,1,0
BRDA:224,27,0,0
BRDA:224,27,1,0
BRDA:227,28,0,0
BRDA:227,28,1,0
BRDA:229,29,0,0
BRDA:229,29,1,0
BRDA:249,30,0,0
BRDA:249,30,1,0
BRDA:261,31,0,0
BRDA:261,31,1,0
BRDA:261,32,0,0
BRDA:261,32,1,0
BRDA:264,33,0,0
BRDA:264,33,1,0
BRDA:266,34,0,0
BRDA:266,34,1,0
BRDA:282,35,0,0
BRDA:282,35,1,0
BRDA:284,36,0,0
BRDA:284,36,1,0
BRDA:291,37,0,0
BRDA:291,37,1,0
BRDA:293,38,0,0
BRDA:293,38,1,0
BRDA:307,39,0,0
BRDA:307,39,1,0
BRDA:307,40,0,0
BRDA:307,40,1,0
BRDA:307,40,2,0
BRDA:314,41,0,0
BRDA:314,41,1,0
BRDA:319,42,0,0
BRDA:319,42,1,0
BRDA:319,43,0,0
BRDA:319,43,1,0
BRF:88
BRH:0
end_of_record
TN:
SF:lib\intent-converter.js
FN:20,getIntentKeywords
FN:32,convertAIResultToIntent
FN:164,extractBrandFromVehicleName
FN:187,isValidAIResult
FN:220,enhanceIntentWithRules
FN:255,applyKnowledgeToIntent
FN:272,(anonymous_6)
FN:282,(anonymous_7)
FN:305,(anonymous_8)
FN:308,(anonymous_9)
FNF:10
FNH:0
FNDA:0,getIntentKeywords
FNDA:0,convertAIResultToIntent
FNDA:0,extractBrandFromVehicleName
FNDA:0,isValidAIResult
FNDA:0,enhanceIntentWithRules
FNDA:0,applyKnowledgeToIntent
FNDA:0,(anonymous_6)
FNDA:0,(anonymous_7)
FNDA:0,(anonymous_8)
FNDA:0,(anonymous_9)
DA:10,0
DA:15,0
DA:21,0
DA:22,0
DA:24,0
DA:33,0
DA:34,0
DA:37,0
DA:42,0
DA:45,0
DA:48,0
DA:50,0
DA:53,0
DA:56,0
DA:57,0
DA:58,0
DA:61,0
DA:66,0
DA:74,0
DA:77,0
DA:78,0
DA:79,0
DA:82,0
DA:83,0
DA:84,0
DA:88,0
DA:114,0
DA:115,0
DA:119,0
DA:120,0
DA:124,0
DA:125,0
DA:129,0
DA:130,0
DA:134,0
DA:135,0
DA:139,0
DA:140,0
DA:144,0
DA:145,0
DA:149,0
DA:152,0
DA:154,0
DA:155,0
DA:165,0
DA:167,0
DA:170,0
DA:171,0
DA:173,0
DA:174,0
DA:175,0
DA:179,0
DA:188,0
DA:191,0
DA:192,0
DA:196,0
DA:198,0
DA:199,0
DA:200,0
DA:202,0
DA:203,0
DA:204,0
DA:206,0
DA:209,0
DA:221,0
DA:223,0
DA:226,0
DA:227,0
DA:231,0
DA:233,0
DA:234,0
DA:235,0
DA:237,0
DA:238,0
DA:239,0
DA:240,0
DA:241,0
DA:242,0
DA:247,0
DA:256,0
DA:259,0
DA:260,0
DA:262,0
DA:265,0
DA:266,0
DA:267,0
DA:269,0
DA:271,0
DA:272,0
DA:273,0
DA:276,0
DA:277,0
DA:278,0
DA:281,0
DA:282,0
DA:283,0
DA:286,0
DA:289,0
DA:290,0
DA:291,0
DA:297,0
DA:298,0
DA:300,0
DA:302,0
DA:303,0
DA:305,0
DA:308,0
DA:309,0
DA:310,0
DA:311,0
DA:315,0
DA:316,0
DA:319,0
DA:320,0
DA:321,0
DA:324,0
DA:325,0
DA:328,0
DA:329,0
DA:332,0
DA:333,0
DA:337,0
DA:340,0
DA:343,0
LF:124
LH:0
BRDA:21,0,0,0
BRDA:21,0,1,0
BRDA:22,1,0,0
BRDA:22,1,1,0
BRDA:33,2,0,0
BRDA:33,2,1,0
BRDA:37,3,0,0
BRDA:37,3,1,0
BRDA:42,4,0,0
BRDA:42,4,1,0
BRDA:42,4,2,0
BRDA:45,5,0,0
BRDA:45,5,1,0
BRDA:48,6,0,0
BRDA:48,6,1,0
BRDA:56,7,0,0
BRDA:56,7,1,0
BRDA:57,8,0,0
BRDA:57,8,1,0
BRDA:74,9,0,0
BRDA:74,9,1,0
BRDA:78,10,0,0
BRDA:78,10,1,0
BRDA:79,11,0,0
BRDA:79,11,1,0
BRDA:82,12,0,0
BRDA:82,12,1,0
BRDA:83,13,0,0
BRDA:83,13,1,0
BRDA:83,14,0,0
BRDA:83,14,1,0
BRDA:90,15,0,0
BRDA:90,15,1,0
BRDA:91,16,0,0
BRDA:91,16,1,0
BRDA:94,17,0,0
BRDA:94,17,1,0
BRDA:96,18,0,0
BRDA:96,18,1,0
BRDA:97,19,0,0
BRDA:97,19,1,0
BRDA:101,20,0,0
BRDA:101,20,1,0
BRDA:104,21,0,0
BRDA:104,21,1,0
BRDA:114,22,0,0
BRDA:114,22,1,0
BRDA:114,23,0,0
BRDA:114,23,1,0
BRDA:119,24,0,0
BRDA:119,24,1,0
BRDA:124,25,0,0
BRDA:124,25,1,0
BRDA:129,26,0,0
BRDA:129,26,1,0
BRDA:134,27,0,0
BRDA:134,27,1,0
BRDA:139,28,0,0
BRDA:139,28,1,0
BRDA:144,29,0,0
BRDA:144,29,1,0
BRDA:149,30,0,0
BRDA:149,30,1,0
BRDA:152,31,0,0
BRDA:152,31,1,0
BRDA:165,32,0,0
BRDA:165,32,1,0
BRDA:171,33,0,0
BRDA:171,33,1,0
BRDA:174,34,0,0
BRDA:174,34,1,0
BRDA:188,35,0,0
BRDA:188,35,1,0
BRDA:191,36,0,0
BRDA:191,36,1,0
BRDA:191,37,0,0
BRDA:191,37,1,0
BRDA:196,38,0,0
BRDA:196,38,1,0
BRDA:196,39,0,0
BRDA:196,39,1,0
BRDA:198,40,0,0
BRDA:198,40,1,0
BRDA:198,41,0,0
BRDA:198,41,1,0
BRDA:202,42,0,0
BRDA:202,42,1,0
BRDA:202,43,0,0
BRDA:202,43,1,0
BRDA:221,44,0,0
BRDA:221,44,1,0
BRDA:221,45,0,0
BRDA:221,45,1,0
BRDA:227,46,0,0
BRDA:227,46,1,0
BRDA:235,47,0,0
BRDA:235,47,1,0
BRDA:235,48,0,0
BRDA:235,48,1,0
BRDA:238,49,0,0
BRDA:238,49,1,0
BRDA:240,50,0,0
BRDA:240,50,1,0
BRDA:256,51,0,0
BRDA:256,51,1,0
BRDA:256,52,0,0
BRDA:256,52,1,0
BRDA:256,52,2,0
BRDA:259,53,0,0
BRDA:259,53,1,0
BRDA:260,54,0,0
BRDA:260,54,1,0
BRDA:260,55,0,0
BRDA:260,55,1,0
BRDA:260,55,2,0
BRDA:265,56,0,0
BRDA:265,56,1,0
BRDA:267,57,0,0
BRDA:267,57,1,0
BRDA:271,58,0,0
BRDA:271,58,1,0
BRDA:273,59,0,0
BRDA:273,59,1,0
BRDA:273,60,0,0
BRDA:273,60,1,0
BRDA:276,61,0,0
BRDA:276,61,1,0
BRDA:281,62,0,0
BRDA:281,62,1,0
BRDA:283,63,0,0
BRDA:283,63,1,0
BRDA:283,64,0,0
BRDA:283,64,1,0
BRDA:289,65,0,0
BRDA:289,65,1,0
BRDA:300,66,0,0
BRDA:300,66,1,0
BRDA:303,67,0,0
BRDA:303,67,1,0
BRDA:305,68,0,0
BRDA:305,68,1,0
BRDA:305,68,2,0
BRDA:305,68,3,0
BRDA:309,69,0,0
BRDA:309,69,1,0
BRDA:315,70,0,0
BRDA:315,70,1,0
BRDA:324,71,0,0
BRDA:324,71,1,0
BRDA:324,72,0,0
BRDA:324,72,1,0
BRDA:324,72,2,0
BRDA:332,73,0,0
BRDA:332,73,1,0
BRF:154
BRH:0
end_of_record
TN:
SF:lib\knowledge-cache.js
FN:22,loadJSON
FN:45,getCachedFiles
FN:52,clearCache
FN:62,preloadAll
FNF:4
FNH:1
FNDA:4,loadJSON
FNDA:0,getCachedFiles
FNDA:0,clearCache
FNDA:0,preloadAll
DA:11,3
DA:12,3
DA:15,3
DA:24,4
DA:25,0
DA:29,4
DA:30,4
DA:31,4
DA:32,4
DA:33,4
DA:34,4
DA:36,0
DA:37,0
DA:46,0
DA:53,0
DA:54,0
DA:56,0
DA:63,0
DA:73,0
DA:74,0
DA:76,0
DA:79,3
LF:22
LH:11
BRDA:24,0,0,0
BRDA:24,0,1,4
BRF:2
BRH:1
end_of_record
TN:
SF:lib\knowledge-retriever.js
FN:22,retrieveKnowledge
FN:89,(anonymous_1)
FN:98,getSpecialScenarioData
FNF:3
FNH:0
FNDA:0,retrieveKnowledge
FNDA:0,(anonymous_1)
FNDA:0,getSpecialScenarioData
DA:11,0
DA:12,0
DA:13,0
DA:14,0
DA:23,0
DA:35,0
DA:38,0
DA:41,0
DA:42,0
DA:46,0
DA:47,0
DA:50,0
DA:51,0
DA:56,0
DA:57,0
DA:61,0
DA:62,0
DA:63,0
DA:64,0
DA:69,0
DA:70,0
DA:74,0
DA:77,0
DA:80,0
DA:81,0
DA:82,0
DA:83,0
DA:84,0
DA:85,0
DA:89,0
DA:90,0
DA:99,0
DA:100,0
DA:101,0
DA:103,0
DA:104,0
DA:107,0
DA:110,0
LF:38
LH:0
BRDA:41,0,0,0
BRDA:41,0,1,0
BRDA:41,1,0,0
BRDA:41,1,1,0
BRDA:46,2,0,0
BRDA:46,2,1,0
BRDA:50,3,0,0
BRDA:50,3,1,0
BRDA:56,4,0,0
BRDA:56,4,1,0
BRDA:63,5,0,0
BRDA:63,5,1,0
BRDA:63,6,0,0
BRDA:63,6,1,0
BRDA:69,7,0,0
BRDA:69,7,1,0
BRDA:81,8,0,0
BRDA:81,8,1,0
BRDA:81,9,0,0
BRDA:81,9,1,0
BRDA:83,10,0,0
BRDA:83,10,1,0
BRDA:83,11,0,0
BRDA:83,11,1,0
BRDA:101,12,0,0
BRDA:101,12,1,0
BRDA:103,13,0,0
BRDA:103,13,1,0
BRDA:103,14,0,0
BRDA:103,14,1,0
BRF:30
BRH:0
end_of_record
TN:
SF:lib\logger.js
FN:35,getLogLevel
FN:48,patchConsole
FN:52,(anonymous_2)
FN:59,(anonymous_3)
FN:66,(anonymous_4)
FN:76,restoreConsole
FN:85,debug
FN:91,info
FN:97,warn
FN:103,error
FNF:10
FNH:0
FNDA:0,getLogLevel
FNDA:0,patchConsole
FNDA:0,(anonymous_2)
FNDA:0,(anonymous_3)
FNDA:0,(anonymous_4)
FNDA:0,restoreConsole
FNDA:0,debug
FNDA:0,info
FNDA:0,warn
FNDA:0,error
DA:19,0
DA:28,0
DA:36,0
DA:37,0
DA:38,0
DA:41,0
DA:49,0
DA:52,0
DA:53,0
DA:54,0
DA:59,0
DA:60,0
DA:61,0
DA:66,0
DA:67,0
DA:68,0
DA:77,0
DA:78,0
DA:79,0
DA:83,0
DA:86,0
DA:87,0
DA:92,0
DA:93,0
DA:98,0
DA:99,0
DA:104,0
DA:105,0
DA:109,0
LF:29
LH:0
BRDA:37,0,0,0
BRDA:37,0,1,0
BRDA:37,1,0,0
BRDA:37,1,1,0
BRDA:41,2,0,0
BRDA:41,2,1,0
BRDA:53,3,0,0
BRDA:53,3,1,0
BRDA:60,4,0,0
BRDA:60,4,1,0
BRDA:67,5,0,0
BRDA:67,5,1,0
BRDA:86,6,0,0
BRDA:86,6,1,0
BRDA:92,7,0,0
BRDA:92,7,1,0
BRDA:98,8,0,0
BRDA:98,8,1,0
BRDA:104,9,0,0
BRDA:104,9,1,0
BRF:20
BRH:0
end_of_record
TN:
SF:lib\motorcycle-rules.js
FN:26,getAiAnalysisRules
FN:41,getScooterModels
FN:52,getManualMotorcycleBrands
FN:61,getManualMotorcycleSeries
FN:76,isScooter
FN:98,(anonymous_5)
FN:115,searchMotorcycleOil
FN:123,(anonymous_7)
FN:165,filterMotorcycleProducts
FN:168,(anonymous_9)
FN:213,getSyntheticScore
FN:252,sortMotorcycleProducts
FN:255,(anonymous_12)
FN:284,buildJasoRulesPrompt
FN:326,buildSearchKeywordRulesPrompt
FNF:15
FNH:13
FNDA:16,getAiAnalysisRules
FNDA:10,getScooterModels
FNDA:0,getManualMotorcycleBrands
FNDA:0,getManualMotorcycleSeries
FNDA:15,isScooter
FNDA:211,(anonymous_5)
FNDA:7,searchMotorcycleOil
FNDA:12,(anonymous_7)
FNDA:3,filterMotorcycleProducts
FNDA:8,(anonymous_9)
FNDA:26,getSyntheticScore
FNDA:2,sortMotorcycleProducts
FNDA:8,(anonymous_12)
FNDA:3,buildJasoRulesPrompt
FNDA:3,buildSearchKeywordRulesPrompt
DA:17,1
DA:18,1
DA:21,1
DA:27,16
DA:28,1
DA:30,16
DA:42,10
DA:43,10
DA:53,0
DA:54,0
DA:62,0
DA:63,0
DA:77,15
DA:79,13
DA:81,13
DA:82,4
DA:83,9
DA:85,9
DA:86,5
DA:89,4
DA:90,4
DA:93,3
DA:97,7
DA:98,211
DA:116,7
DA:118,5
DA:119,5
DA:121,5
DA:123,5
DA:125,12
DA:128,8
DA:129,8
DA:131,8
DA:133,6
DA:134,6
DA:135,6
DA:136,3
DA:139,2
DA:140,2
DA:144,4
DA:145,2
DA:146,2
DA:147,2
DA:150,3
DA:153,5
DA:154,5
DA:166,3
DA:168,3
DA:169,8
DA:170,8
DA:173,8
DA:177,8
DA:180,6
DA:181,2
DA:183,2
DA:185,2
DA:186,2
DA:187,2
DA:192,5
DA:193,2
DA:194,2
DA:195,2
DA:198,4
DA:214,26
DA:215,24
DA:218,24
DA:223,8
DA:227,16
DA:234,10
DA:238,6
DA:239,5
DA:242,1
DA:253,2
DA:255,2
DA:257,8
DA:258,8
DA:259,8
DA:260,8
DA:264,0
DA:265,0
DA:266,0
DA:267,0
DA:270,0
DA:285,3
DA:286,3
DA:289,3
DA:290,3
DA:291,3
DA:299,3
DA:300,3
DA:308,3
DA:309,3
DA:310,3
DA:311,3
DA:318,3
DA:327,3
DA:328,3
DA:330,3
DA:331,0
DA:339,3
DA:346,3
DA:347,0
DA:349,0
DA:350,0
DA:355,3
DA:367,1
LF:106
LH:93
BRDA:27,0,0,1
BRDA:27,0,1,15
BRDA:28,1,0,1
BRDA:28,1,1,0
BRDA:43,2,0,10
BRDA:43,2,1,0
BRDA:54,3,0,0
BRDA:54,3,1,0
BRDA:63,4,0,0
BRDA:63,4,1,0
BRDA:77,5,0,2
BRDA:77,5,1,13
BRDA:81,6,0,4
BRDA:81,6,1,9
BRDA:83,7,0,9
BRDA:83,7,1,0
BRDA:85,8,0,4
BRDA:85,8,1,5
BRDA:86,9,0,1
BRDA:86,9,1,4
BRDA:89,10,0,4
BRDA:89,10,1,3
BRDA:90,11,0,1
BRDA:90,11,1,3
BRDA:93,12,0,3
BRDA:93,12,1,3
BRDA:93,12,2,3
BRDA:116,13,0,2
BRDA:116,13,1,5
BRDA:116,14,0,7
BRDA:116,14,1,6
BRDA:121,15,0,3
BRDA:121,15,1,2
BRDA:121,16,0,5
BRDA:121,16,1,3
BRDA:125,17,0,4
BRDA:125,17,1,8
BRDA:125,18,0,12
BRDA:125,18,1,12
BRDA:128,19,0,8
BRDA:128,19,1,0
BRDA:129,20,0,8
BRDA:129,20,1,0
BRDA:131,21,0,6
BRDA:131,21,1,2
BRDA:133,22,0,6
BRDA:133,22,1,3
BRDA:133,22,2,3
BRDA:134,23,0,6
BRDA:134,23,1,3
BRDA:134,23,2,3
BRDA:134,23,3,0
BRDA:135,24,0,3
BRDA:135,24,1,3
BRDA:135,25,0,6
BRDA:135,25,1,3
BRDA:136,26,0,0
BRDA:136,26,1,3
BRDA:136,27,0,3
BRDA:136,27,1,0
BRDA:139,28,0,2
BRDA:139,28,1,1
BRDA:139,28,2,1
BRDA:139,28,3,1
BRDA:140,29,0,1
BRDA:140,29,1,1
BRDA:144,30,0,2
BRDA:144,30,1,2
BRDA:145,31,0,2
BRDA:145,31,1,0
BRDA:147,32,0,1
BRDA:147,32,1,1
BRDA:165,33,0,1
BRDA:169,34,0,8
BRDA:169,34,1,0
BRDA:170,35,0,8
BRDA:170,35,1,0
BRDA:173,36,0,8
BRDA:173,36,1,2
BRDA:173,36,2,2
BRDA:173,36,3,2
BRDA:177,37,0,2
BRDA:177,37,1,6
BRDA:180,38,0,2
BRDA:180,38,1,4
BRDA:181,39,0,2
BRDA:181,39,1,0
BRDA:183,40,0,2
BRDA:183,40,1,0
BRDA:185,41,0,2
BRDA:185,41,1,1
BRDA:185,41,2,1
BRDA:186,42,0,2
BRDA:186,42,1,1
BRDA:186,42,2,1
BRDA:187,43,0,1
BRDA:187,43,1,1
BRDA:192,44,0,2
BRDA:192,44,1,3
BRDA:193,45,0,2
BRDA:193,45,1,0
BRDA:195,46,0,1
BRDA:195,46,1,1
BRDA:214,47,0,2
BRDA:214,47,1,24
BRDA:218,48,0,8
BRDA:218,48,1,16
BRDA:218,49,0,24
BRDA:218,49,1,17
BRDA:218,49,2,17
BRDA:218,49,3,16
BRDA:218,49,4,16
BRDA:227,50,0,10
BRDA:227,50,1,6
BRDA:227,51,0,16
BRDA:227,51,1,15
BRDA:227,51,2,14
BRDA:227,51,3,13
BRDA:227,51,4,13
BRDA:227,51,5,13
BRDA:227,51,6,6
BRDA:238,52,0,5
BRDA:238,52,1,1
BRDA:238,53,0,6
BRDA:238,53,1,1
BRDA:252,54,0,0
BRDA:257,55,0,8
BRDA:257,55,1,0
BRDA:260,56,0,8
BRDA:260,56,1,0
BRDA:264,57,0,0
BRDA:264,57,1,0
BRDA:267,58,0,0
BRDA:267,58,1,0
BRDA:289,59,0,3
BRDA:289,59,1,0
BRDA:290,60,0,3
BRDA:290,60,1,0
BRDA:294,61,0,3
BRDA:294,61,1,0
BRDA:294,62,0,3
BRDA:294,62,1,0
BRDA:299,63,0,3
BRDA:299,63,1,0
BRDA:302,64,0,3
BRDA:302,64,1,0
BRDA:302,65,0,3
BRDA:302,65,1,0
BRDA:303,66,0,3
BRDA:303,66,1,0
BRDA:303,67,0,3
BRDA:303,67,1,0
BRDA:308,68,0,3
BRDA:308,68,1,0
BRDA:309,69,0,3
BRDA:309,69,1,0
BRDA:310,70,0,3
BRDA:310,70,1,0
BRDA:330,71,0,0
BRDA:330,71,1,3
BRDA:341,72,0,3
BRDA:341,72,1,0
BRDA:342,73,0,3
BRDA:342,73,1,0
BRDA:343,74,0,3
BRDA:343,74,1,0
BRDA:346,75,0,0
BRDA:346,75,1,3
BRDA:346,76,0,3
BRDA:346,76,1,0
BRF:170
BRH:127
end_of_record
TN:
SF:lib\prompt-builder.js
FN:21,buildPrompt
FN:46,buildFullPrompt
FN:107,(anonymous_2)
FN:108,(anonymous_3)
FN:116,buildLanguageRule
FN:155,buildIntentInstructions
FN:266,(anonymous_6)
FN:270,(anonymous_7)
FN:296,(anonymous_8)
FN:297,(anonymous_9)
FN:348,(anonymous_10)
FN:377,(anonymous_11)
FN:388,(anonymous_12)
FN:398,buildConfirmedVehicleInfo
FN:511,buildCoreIdentityCompact
FN:543,buildCoreIdentity
FN:557,(anonymous_16)
FN:599,(anonymous_17)
FN:713,(anonymous_18)
FN:777,buildVehicleSpec
FN:786,(anonymous_20)
FN:810,buildCertificationSection
FN:849,buildSpecialScenario
FN:878,(anonymous_23)
FN:892,buildTemplates
FN:911,buildFinalReminder
FN:942,buildAntiHallucinationRules
FN:956,(anonymous_27)
FN:989,buildCategorySpec
FNF:29
FNH:0
FNDA:0,buildPrompt
FNDA:0,buildFullPrompt
FNDA:0,(anonymous_2)
FNDA:0,(anonymous_3)
FNDA:0,buildLanguageRule
FNDA:0,buildIntentInstructions
FNDA:0,(anonymous_6)
FNDA:0,(anonymous_7)
FNDA:0,(anonymous_8)
FNDA:0,(anonymous_9)
FNDA:0,(anonymous_10)
FNDA:0,(anonymous_11)
FNDA:0,(anonymous_12)
FNDA:0,buildConfirmedVehicleInfo
FNDA:0,buildCoreIdentityCompact
FNDA:0,buildCoreIdentity
FNDA:0,(anonymous_16)
FNDA:0,(anonymous_17)
FNDA:0,(anonymous_18)
FNDA:0,buildVehicleSpec
FNDA:0,(anonymous_20)
FNDA:0,buildCertificationSection
FNDA:0,buildSpecialScenario
FNDA:0,(anonymous_23)
FNDA:0,buildTemplates
FNDA:0,buildFinalReminder
FNDA:0,buildAntiHallucinationRules
FNDA:0,(anonymous_27)
FNDA:0,buildCategorySpec
DA:10,0
DA:22,0
DA:25,0
DA:26,0
DA:27,0
DA:29,0
DA:31,0
DA:35,0
DA:36,0
DA:47,0
DA:54,0
DA:57,0
DA:64,0
DA:65,0
DA:66,0
DA:70,0
DA:71,0
DA:75,0
DA:76,0
DA:80,0
DA:81,0
DA:85,0
DA:86,0
DA:90,0
DA:91,0
DA:92,0
DA:98,0
DA:99,0
DA:105,0
DA:107,0
DA:108,0
DA:110,0
DA:117,0
DA:157,0
DA:158,0
DA:162,0
DA:163,0
DA:176,0
DA:177,0
DA:190,0
DA:191,0
DA:211,0
DA:212,0
DA:233,0
DA:234,0
DA:262,0
DA:265,0
DA:266,0
DA:268,0
DA:270,0
DA:272,0
DA:294,0
DA:296,0
DA:297,0
DA:299,0
DA:318,0
DA:319,0
DA:320,0
DA:321,0
DA:338,0
DA:341,0
DA:342,0
DA:343,0
DA:344,0
DA:348,0
DA:349,0
DA:350,0
DA:352,0
DA:353,0
DA:354,0
DA:356,0
DA:359,0
DA:360,0
DA:363,0
DA:364,0
DA:365,0
DA:367,0
DA:368,0
DA:370,0
DA:373,0
DA:377,0
DA:388,0
DA:392,0
DA:399,0
DA:400,0
DA:401,0
DA:404,0
DA:405,0
DA:406,0
DA:407,0
DA:408,0
DA:409,0
DA:412,0
DA:413,0
DA:416,0
DA:422,0
DA:423,0
DA:425,0
DA:426,0
DA:428,0
DA:429,0
DA:434,0
DA:435,0
DA:436,0
DA:441,0
DA:442,0
DA:447,0
DA:448,0
DA:450,0
DA:451,0
DA:454,0
DA:455,0
DA:458,0
DA:459,0
DA:461,0
DA:462,0
DA:463,0
DA:464,0
DA:468,0
DA:469,0
DA:470,0
DA:471,0
DA:472,0
DA:473,0
DA:478,0
DA:479,0
DA:486,0
DA:487,0
DA:488,0
DA:489,0
DA:490,0
DA:491,0
DA:494,0
DA:501,0
DA:505,0
DA:512,0
DA:513,0
DA:524,0
DA:544,0
DA:545,0
DA:550,0
DA:557,0
DA:599,0
DA:607,0
DA:608,0
DA:614,0
DA:615,0
DA:616,0
DA:628,0
DA:633,0
DA:634,0
DA:635,0
DA:655,0
DA:656,0
DA:671,0
DA:672,0
DA:673,0
DA:692,0
DA:693,0
DA:694,0
DA:703,0
DA:704,0
DA:705,0
DA:713,0
DA:723,0
DA:724,0
DA:732,0
DA:733,0
DA:734,0
DA:765,0
DA:778,0
DA:780,0
DA:782,0
DA:784,0
DA:787,0
DA:788,0
DA:792,0
DA:794,0
DA:795,0
DA:796,0
DA:797,0
DA:798,0
DA:799,0
DA:804,0
DA:811,0
DA:813,0
DA:815,0
DA:816,0
DA:817,0
DA:818,0
DA:822,0
DA:823,0
DA:824,0
DA:825,0
DA:829,0
DA:830,0
DA:831,0
DA:832,0
DA:836,0
DA:837,0
DA:838,0
DA:839,0
DA:843,0
DA:850,0
DA:852,0
DA:854,0
DA:855,0
DA:873,0
DA:874,0
DA:876,0
DA:877,0
DA:878,0
DA:879,0
DA:880,0
DA:886,0
DA:893,0
DA:895,0
DA:897,0
DA:898,0
DA:899,0
DA:900,0
DA:901,0
DA:905,0
DA:912,0
DA:943,0
DA:945,0
DA:948,0
DA:949,0
DA:950,0
DA:956,0
DA:964,0
DA:965,0
DA:966,0
DA:973,0
DA:974,0
DA:980,0
DA:990,0
DA:992,0
DA:995,0
DA:996,0
DA:1000,0
DA:1001,0
DA:1005,0
DA:1006,0
DA:1007,0
DA:1008,0
DA:1009,0
DA:1010,0
DA:1012,0
DA:1017,0
DA:1018,0
DA:1021,0
DA:1025,0
LF:253
LH:0
BRDA:21,0,0,0
BRDA:21,1,0,0
BRDA:22,2,0,0
BRDA:25,3,0,0
BRDA:25,3,1,0
BRDA:46,4,0,0
BRDA:65,5,0,0
BRDA:65,5,1,0
BRDA:70,6,0,0
BRDA:70,6,1,0
BRDA:75,7,0,0
BRDA:75,7,1,0
BRDA:80,8,0,0
BRDA:80,8,1,0
BRDA:85,9,0,0
BRDA:85,9,1,0
BRDA:91,10,0,0
BRDA:91,10,1,0
BRDA:98,11,0,0
BRDA:98,11,1,0
BRDA:158,12,0,0
BRDA:158,12,1,0
BRDA:162,13,0,0
BRDA:162,13,1,0
BRDA:162,14,0,0
BRDA:162,14,1,0
BRDA:176,15,0,0
BRDA:176,15,1,0
BRDA:176,16,0,0
BRDA:176,16,1,0
BRDA:176,16,2,0
BRDA:190,17,0,0
BRDA:190,17,1,0
BRDA:190,18,0,0
BRDA:190,18,1,0
BRDA:202,19,0,0
BRDA:202,19,1,0
BRDA:211,20,0,0
BRDA:211,20,1,0
BRDA:233,21,0,0
BRDA:233,21,1,0
BRDA:262,22,0,0
BRDA:262,22,1,0
BRDA:265,23,0,0
BRDA:265,23,1,0
BRDA:265,24,0,0
BRDA:265,24,1,0
BRDA:268,25,0,0
BRDA:268,25,1,0
BRDA:268,26,0,0
BRDA:268,26,1,0
BRDA:294,27,0,0
BRDA:294,27,1,0
BRDA:294,28,0,0
BRDA:294,28,1,0
BRDA:318,29,0,0
BRDA:318,29,1,0
BRDA:318,30,0,0
BRDA:318,30,1,0
BRDA:319,31,0,0
BRDA:319,31,1,0
BRDA:320,32,0,0
BRDA:320,32,1,0
BRDA:338,33,0,0
BRDA:338,33,1,0
BRDA:338,33,2,0
BRDA:341,34,0,0
BRDA:341,34,1,0
BRDA:341,35,0,0
BRDA:341,35,1,0
BRDA:343,36,0,0
BRDA:343,36,1,0
BRDA:349,37,0,0
BRDA:349,37,1,0
BRDA:352,38,0,0
BRDA:352,38,1,0
BRDA:352,39,0,0
BRDA:352,39,1,0
BRDA:359,40,0,0
BRDA:359,40,1,0
BRDA:359,41,0,0
BRDA:359,41,1,0
BRDA:360,42,0,0
BRDA:360,42,1,0
BRDA:364,43,0,0
BRDA:364,43,1,0
BRDA:367,44,0,0
BRDA:367,44,1,0
BRDA:387,45,0,0
BRDA:387,45,1,0
BRDA:400,46,0,0
BRDA:400,46,1,0
BRDA:400,47,0,0
BRDA:400,47,1,0
BRDA:400,47,2,0
BRDA:412,48,0,0
BRDA:412,48,1,0
BRDA:419,49,0,0
BRDA:419,49,1,0
BRDA:422,50,0,0
BRDA:422,50,1,0
BRDA:422,51,0,0
BRDA:422,51,1,0
BRDA:425,52,0,0
BRDA:425,52,1,0
BRDA:428,53,0,0
BRDA:428,53,1,0
BRDA:428,54,0,0
BRDA:428,54,1,0
BRDA:434,55,0,0
BRDA:434,55,1,0
BRDA:435,56,0,0
BRDA:435,56,1,0
BRDA:441,57,0,0
BRDA:441,57,1,0
BRDA:441,58,0,0
BRDA:441,58,1,0
BRDA:448,59,0,0
BRDA:448,59,1,0
BRDA:450,60,0,0
BRDA:450,60,1,0
BRDA:455,61,0,0
BRDA:455,61,1,0
BRDA:461,62,0,0
BRDA:461,62,1,0
BRDA:463,63,0,0
BRDA:463,63,1,0
BRDA:468,64,0,0
BRDA:468,64,1,0
BRDA:470,65,0,0
BRDA:470,65,1,0
BRDA:471,66,0,0
BRDA:471,66,1,0
BRDA:471,67,0,0
BRDA:471,67,1,0
BRDA:478,68,0,0
BRDA:478,68,1,0
BRDA:487,69,0,0
BRDA:487,69,1,0
BRDA:487,70,0,0
BRDA:487,70,1,0
BRDA:487,70,2,0
BRDA:489,71,0,0
BRDA:489,71,1,0
BRDA:491,72,0,0
BRDA:491,72,1,0
BRDA:496,73,0,0
BRDA:496,73,1,0
BRDA:512,74,0,0
BRDA:512,74,1,0
BRDA:544,75,0,0
BRDA:544,75,1,0
BRDA:569,76,0,0
BRDA:569,76,1,0
BRDA:570,77,0,0
BRDA:570,77,1,0
BRDA:571,78,0,0
BRDA:571,78,1,0
BRDA:574,79,0,0
BRDA:574,79,1,0
BRDA:578,80,0,0
BRDA:578,80,1,0
BRDA:582,81,0,0
BRDA:582,81,1,0
BRDA:583,82,0,0
BRDA:583,82,1,0
BRDA:588,83,0,0
BRDA:588,83,1,0
BRDA:591,84,0,0
BRDA:591,84,1,0
BRDA:592,85,0,0
BRDA:592,85,1,0
BRDA:595,86,0,0
BRDA:595,86,1,0
BRDA:596,87,0,0
BRDA:596,87,1,0
BRDA:602,88,0,0
BRDA:602,88,1,0
BRDA:603,89,0,0
BRDA:603,89,1,0
BRDA:604,90,0,0
BRDA:604,90,1,0
BRDA:607,91,0,0
BRDA:607,91,1,0
BRDA:614,92,0,0
BRDA:614,92,1,0
BRDA:633,93,0,0
BRDA:633,93,1,0
BRDA:655,94,0,0
BRDA:655,94,1,0
BRDA:671,95,0,0
BRDA:671,95,1,0
BRDA:686,96,0,0
BRDA:686,96,1,0
BRDA:692,97,0,0
BRDA:692,97,1,0
BRDA:703,98,0,0
BRDA:703,98,1,0
BRDA:713,99,0,0
BRDA:713,99,1,0
BRDA:716,100,0,0
BRDA:716,100,1,0
BRDA:719,101,0,0
BRDA:719,101,1,0
BRDA:723,102,0,0
BRDA:723,102,1,0
BRDA:732,103,0,0
BRDA:732,103,1,0
BRDA:739,104,0,0
BRDA:739,104,1,0
BRDA:740,105,0,0
BRDA:740,105,1,0
BRDA:743,106,0,0
BRDA:743,106,1,0
BRDA:744,107,0,0
BRDA:744,107,1,0
BRDA:747,108,0,0
BRDA:747,108,1,0
BRDA:748,109,0,0
BRDA:748,109,1,0
BRDA:749,110,0,0
BRDA:749,110,1,0
BRDA:752,111,0,0
BRDA:752,111,1,0
BRDA:753,112,0,0
BRDA:753,112,1,0
BRDA:754,113,0,0
BRDA:754,113,1,0
BRDA:757,114,0,0
BRDA:757,114,1,0
BRDA:758,115,0,0
BRDA:758,115,1,0
BRDA:761,116,0,0
BRDA:761,116,1,0
BRDA:762,117,0,0
BRDA:762,117,1,0
BRDA:778,118,0,0
BRDA:778,118,1,0
BRDA:782,119,0,0
BRDA:782,119,1,0
BRDA:787,120,0,0
BRDA:787,120,1,0
BRDA:787,120,2,0
BRDA:790,121,0,0
BRDA:790,121,1,0
BRDA:790,122,0,0
BRDA:790,122,1,0
BRDA:792,123,0,0
BRDA:792,123,1,0
BRDA:798,124,0,0
BRDA:798,124,1,0
BRDA:798,124,2,0
BRDA:799,125,0,0
BRDA:799,125,1,0
BRDA:799,126,0,0
BRDA:799,126,1,0
BRDA:799,127,0,0
BRDA:799,127,1,0
BRDA:811,128,0,0
BRDA:811,128,1,0
BRDA:815,129,0,0
BRDA:815,129,1,0
BRDA:818,130,0,0
BRDA:818,130,1,0
BRDA:822,131,0,0
BRDA:822,131,1,0
BRDA:829,132,0,0
BRDA:829,132,1,0
BRDA:836,133,0,0
BRDA:836,133,1,0
BRDA:839,134,0,0
BRDA:839,134,1,0
BRDA:850,135,0,0
BRDA:850,135,1,0
BRDA:854,136,0,0
BRDA:854,136,1,0
BRDA:854,137,0,0
BRDA:854,137,1,0
BRDA:873,138,0,0
BRDA:873,138,1,0
BRDA:876,139,0,0
BRDA:876,139,1,0
BRDA:879,140,0,0
BRDA:879,140,1,0
BRDA:893,141,0,0
BRDA:893,141,1,0
BRDA:893,142,0,0
BRDA:893,142,1,0
BRDA:898,143,0,0
BRDA:898,143,1,0
BRDA:900,144,0,0
BRDA:900,144,1,0
BRDA:943,145,0,0
BRDA:943,145,1,0
BRDA:948,146,0,0
BRDA:948,146,1,0
BRDA:953,147,0,0
BRDA:953,147,1,0
BRDA:956,148,0,0
BRDA:956,148,1,0
BRDA:959,149,0,0
BRDA:959,149,1,0
BRDA:960,150,0,0
BRDA:960,150,1,0
BRDA:964,151,0,0
BRDA:964,151,1,0
BRDA:969,152,0,0
BRDA:969,152,1,0
BRDA:973,153,0,0
BRDA:973,153,1,0
BRDA:977,154,0,0
BRDA:977,154,1,0
BRDA:990,155,0,0
BRDA:990,155,1,0
BRDA:995,156,0,0
BRDA:995,156,1,0
BRDA:1000,157,0,0
BRDA:1000,157,1,0
BRDA:1005,158,0,0
BRDA:1005,158,1,0
BRDA:1009,159,0,0
BRDA:1009,159,1,0
BRDA:1017,160,0,0
BRDA:1017,160,1,0
BRF:324
BRH:0
end_of_record
TN:
SF:lib\prompt-components.js
FN:19,buildLanguageRule
FN:73,buildCoreIdentity
FN:119,buildFinalReminder
FN:246,buildVehicleInfo
FN:275,buildElectricVehicleRule
FN:297,buildCooperationTemplate
FN:319,buildPurchaseTemplate
FN:364,buildPriceTemplate
FN:379,buildOilRecommendationRules
FN:440,buildAdditiveRecommendationRules
FNF:10
FNH:0
FNDA:0,buildLanguageRule
FNDA:0,buildCoreIdentity
FNDA:0,buildFinalReminder
FNDA:0,buildVehicleInfo
FNDA:0,buildElectricVehicleRule
FNDA:0,buildCooperationTemplate
FNDA:0,buildPurchaseTemplate
FNDA:0,buildPriceTemplate
FNDA:0,buildOilRecommendationRules
FNDA:0,buildAdditiveRecommendationRules
DA:21,0
DA:24,0
DA:25,0
DA:33,0
DA:74,0
DA:75,0
DA:83,0
DA:84,0
DA:95,0
DA:120,0
DA:123,0
DA:124,0
DA:130,0
DA:131,0
DA:138,0
DA:139,0
DA:152,0
DA:155,0
DA:194,0
DA:195,0
DA:203,0
DA:204,0
DA:222,0
DA:235,0
DA:247,0
DA:248,0
DA:250,0
DA:251,0
DA:253,0
DA:257,0
DA:258,0
DA:261,0
DA:262,0
DA:265,0
DA:266,0
DA:269,0
DA:276,0
DA:298,0
DA:299,0
DA:300,0
DA:303,0
DA:311,0
DA:320,0
DA:321,0
DA:322,0
DA:325,0
DA:330,0
DA:331,0
DA:332,0
DA:333,0
DA:341,0
DA:358,0
DA:365,0
DA:380,0
DA:381,0
DA:382,0
DA:383,0
DA:386,0
DA:402,0
DA:403,0
DA:404,0
DA:405,0
DA:407,0
DA:430,0
DA:441,0
DA:444,0
DA:445,0
DA:479,0
DA:480,0
DA:497,0
DA:519,0
LF:71
LH:0
BRDA:19,0,0,0
BRDA:19,1,0,0
BRDA:21,2,0,0
BRDA:21,2,1,0
BRDA:24,3,0,0
BRDA:24,3,1,0
BRDA:73,4,0,0
BRDA:73,5,0,0
BRDA:74,6,0,0
BRDA:74,6,1,0
BRDA:83,7,0,0
BRDA:83,7,1,0
BRDA:119,8,0,0
BRDA:119,9,0,0
BRDA:120,10,0,0
BRDA:120,11,0,0
BRDA:123,12,0,0
BRDA:123,12,1,0
BRDA:130,13,0,0
BRDA:130,13,1,0
BRDA:138,14,0,0
BRDA:138,14,1,0
BRDA:194,15,0,0
BRDA:194,15,1,0
BRDA:203,16,0,0
BRDA:203,16,1,0
BRDA:248,17,0,0
BRDA:248,17,1,0
BRDA:251,18,0,0
BRDA:251,18,1,0
BRDA:254,19,0,0
BRDA:254,19,1,0
BRDA:257,20,0,0
BRDA:257,20,1,0
BRDA:257,21,0,0
BRDA:257,21,1,0
BRDA:258,22,0,0
BRDA:258,22,1,0
BRDA:261,23,0,0
BRDA:261,23,1,0
BRDA:261,24,0,0
BRDA:261,24,1,0
BRDA:265,25,0,0
BRDA:265,25,1,0
BRDA:303,26,0,0
BRDA:303,26,1,0
BRDA:330,27,0,0
BRDA:330,27,1,0
BRDA:332,28,0,0
BRDA:332,28,1,0
BRDA:337,29,0,0
BRDA:337,29,1,0
BRDA:398,30,0,0
BRDA:398,30,1,0
BRDA:399,31,0,0
BRDA:399,31,1,0
BRDA:402,32,0,0
BRDA:402,32,1,0
BRDA:409,33,0,0
BRDA:409,33,1,0
BRDA:412,34,0,0
BRDA:412,34,1,0
BRDA:413,35,0,0
BRDA:413,35,1,0
BRDA:414,36,0,0
BRDA:414,36,1,0
BRDA:415,37,0,0
BRDA:415,37,1,0
BRDA:417,38,0,0
BRDA:417,38,1,0
BRDA:418,39,0,0
BRDA:418,39,1,0
BRDA:419,40,0,0
BRDA:419,40,1,0
BRDA:421,41,0,0
BRDA:421,41,1,0
BRDA:422,42,0,0
BRDA:422,42,1,0
BRDA:423,43,0,0
BRDA:423,43,1,0
BRDA:427,44,0,0
BRDA:427,44,1,0
BRDA:440,45,0,0
BRDA:441,46,0,0
BRDA:441,47,0,0
BRDA:441,48,0,0
BRDA:444,49,0,0
BRDA:444,49,1,0
BRDA:448,50,0,0
BRDA:448,50,1,0
BRDA:465,51,0,0
BRDA:465,51,1,0
BRDA:468,52,0,0
BRDA:468,52,1,0
BRDA:479,53,0,0
BRDA:479,53,1,0
BRDA:479,54,0,0
BRDA:479,54,1,0
BRF:98
BRH:0
end_of_record
TN:
SF:lib\rag-pipeline.js
FN:40,loadAnalyzeFunction
FN:68,processWithRAG
FN:143,(anonymous_2)
FN:144,(anonymous_3)
FN:147,(anonymous_4)
FN:184,(anonymous_5)
FN:185,(anonymous_6)
FN:189,(anonymous_7)
FN:192,(anonymous_8)
FNF:9
FNH:0
FNDA:0,loadAnalyzeFunction
FNDA:0,processWithRAG
FNDA:0,(anonymous_2)
FNDA:0,(anonymous_3)
FNDA:0,(anonymous_4)
FNDA:0,(anonymous_5)
FNDA:0,(anonymous_6)
FNDA:0,(anonymous_7)
FNDA:0,(anonymous_8)
DA:17,0
DA:18,0
DA:19,0
DA:20,0
DA:21,0
DA:22,0
DA:25,0
DA:26,0
DA:27,0
DA:30,0
DA:35,0
DA:41,0
DA:42,0
DA:44,0
DA:45,0
DA:46,0
DA:47,0
DA:49,0
DA:52,0
DA:55,0
DA:69,0
DA:72,0
DA:74,0
DA:75,0
DA:76,0
DA:79,0
DA:80,0
DA:81,0
DA:82,0
DA:83,0
DA:84,0
DA:85,0
DA:87,0
DA:88,0
DA:90,0
DA:91,0
DA:92,0
DA:94,0
DA:98,0
DA:101,0
DA:105,0
DA:106,0
DA:107,0
DA:108,0
DA:111,0
DA:114,0
DA:117,0
DA:119,0
DA:123,0
DA:126,0
DA:127,0
DA:128,0
DA:129,0
DA:133,0
DA:134,0
DA:136,0
DA:137,0
DA:138,0
DA:139,0
DA:140,0
DA:142,0
DA:143,0
DA:144,0
DA:146,0
DA:147,0
DA:148,0
DA:149,0
DA:152,0
DA:162,0
DA:166,0
DA:171,0
DA:172,0
DA:173,0
DA:174,0
DA:175,0
DA:176,0
DA:179,0
DA:180,0
DA:181,0
DA:182,0
DA:183,0
DA:184,0
DA:185,0
DA:187,0
DA:189,0
DA:190,0
DA:192,0
DA:193,0
DA:194,0
DA:197,0
DA:198,0
DA:202,0
DA:207,0
DA:208,0
DA:212,0
DA:213,0
DA:214,0
DA:215,0
DA:218,0
DA:227,0
DA:228,0
DA:231,0
DA:232,0
DA:237,0
DA:238,0
DA:241,0
DA:242,0
DA:244,0
DA:261,0
LF:109
LH:0
BRDA:25,0,0,0
BRDA:25,0,1,0
BRDA:26,1,0,0
BRDA:26,1,1,0
BRDA:27,2,0,0
BRDA:27,2,1,0
BRDA:41,3,0,0
BRDA:41,3,1,0
BRDA:45,4,0,0
BRDA:45,4,1,0
BRDA:45,5,0,0
BRDA:45,5,1,0
BRDA:68,6,0,0
BRDA:68,7,0,0
BRDA:68,8,0,0
BRDA:69,9,0,0
BRDA:72,10,0,0
BRDA:72,10,1,0
BRDA:72,11,0,0
BRDA:72,11,1,0
BRDA:80,12,0,0
BRDA:80,12,1,0
BRDA:83,13,0,0
BRDA:83,13,1,0
BRDA:87,14,0,0
BRDA:87,14,1,0
BRDA:105,15,0,0
BRDA:105,15,1,0
BRDA:111,16,0,0
BRDA:111,16,1,0
BRDA:126,17,0,0
BRDA:126,17,1,0
BRDA:126,18,0,0
BRDA:126,18,1,0
BRDA:126,18,2,0
BRDA:128,19,0,0
BRDA:128,19,1,0
BRDA:128,20,0,0
BRDA:128,20,1,0
BRDA:136,21,0,0
BRDA:136,21,1,0
BRDA:136,22,0,0
BRDA:136,22,1,0
BRDA:140,23,0,0
BRDA:140,23,1,0
BRDA:140,24,0,0
BRDA:140,24,1,0
BRDA:142,25,0,0
BRDA:142,25,1,0
BRDA:144,26,0,0
BRDA:144,26,1,0
BRDA:146,27,0,0
BRDA:146,27,1,0
BRDA:148,28,0,0
BRDA:148,28,1,0
BRDA:148,29,0,0
BRDA:148,29,1,0
BRDA:149,30,0,0
BRDA:149,30,1,0
BRDA:149,30,2,0
BRDA:172,31,0,0
BRDA:172,31,1,0
BRDA:172,32,0,0
BRDA:172,32,1,0
BRDA:175,33,0,0
BRDA:175,33,1,0
BRDA:175,34,0,0
BRDA:175,34,1,0
BRDA:179,35,0,0
BRDA:179,35,1,0
BRDA:183,36,0,0
BRDA:183,36,1,0
BRDA:183,37,0,0
BRDA:183,37,1,0
BRDA:185,38,0,0
BRDA:185,38,1,0
BRDA:187,39,0,0
BRDA:187,39,1,0
BRDA:193,40,0,0
BRDA:193,40,1,0
BRDA:193,41,0,0
BRDA:193,41,1,0
BRDA:194,42,0,0
BRDA:194,42,1,0
BRDA:213,43,0,0
BRDA:213,43,1,0
BRDA:213,44,0,0
BRDA:213,44,1,0
BRDA:221,45,0,0
BRDA:221,45,1,0
BRDA:222,46,0,0
BRDA:222,46,1,0
BRDA:223,47,0,0
BRDA:223,47,1,0
BRDA:242,48,0,0
BRDA:242,48,1,0
BRF:96
BRH:0
end_of_record
TN:
SF:lib\response-validator.js
FN:22,extractSKUs
FN:33,(anonymous_1)
FN:46,(anonymous_2)
FN:58,validateSKU
FN:65,(anonymous_4)
FN:78,validateAIResponse
FNF:6
FNH:0
FNDA:0,extractSKUs
FNDA:0,(anonymous_1)
FNDA:0,(anonymous_2)
FNDA:0,validateSKU
FNDA:0,(anonymous_4)
FNDA:0,validateAIResponse
DA:11,0
DA:14,0
DA:15,0
DA:23,0
DA:26,0
DA:27,0
DA:29,0
DA:33,0
DA:34,0
DA:35,0
DA:38,0
DA:39,0
DA:40,0
DA:42,0
DA:46,0
DA:48,0
DA:49,0
DA:59,0
DA:60,0
DA:61,0
DA:64,0
DA:65,0
DA:66,0
DA:69,0
DA:79,0
DA:80,0
DA:84,0
DA:86,0
DA:88,0
DA:92,0
DA:93,0
DA:95,0
DA:96,0
DA:97,0
DA:99,0
DA:103,0
DA:105,0
DA:107,0
DA:111,0
DA:112,0
DA:114,0
DA:116,0
DA:119,0
DA:120,0
DA:123,0
DA:124,0
DA:128,0
DA:131,0
DA:132,0
DA:133,0
DA:138,0
DA:139,0
DA:141,0
DA:144,0
DA:146,0
DA:153,0
LF:56
LH:0
BRDA:14,0,0,0
BRDA:14,0,1,0
BRDA:15,1,0,0
BRDA:15,1,1,0
BRDA:23,2,0,0
BRDA:23,2,1,0
BRDA:26,3,0,0
BRDA:26,3,1,0
BRDA:29,4,0,0
BRDA:29,4,1,0
BRDA:38,5,0,0
BRDA:38,5,1,0
BRDA:38,6,0,0
BRDA:38,6,1,0
BRDA:38,6,2,0
BRDA:59,7,0,0
BRDA:59,7,1,0
BRDA:59,8,0,0
BRDA:59,8,1,0
BRDA:66,9,0,0
BRDA:66,9,1,0
BRDA:79,10,0,0
BRDA:79,10,1,0
BRDA:86,11,0,0
BRDA:86,11,1,0
BRDA:96,12,0,0
BRDA:96,12,1,0
BRDA:105,13,0,0
BRDA:105,13,1,0
BRDA:112,14,0,0
BRDA:112,14,1,0
BRDA:114,15,0,0
BRDA:114,15,1,0
BRDA:131,16,0,0
BRDA:131,16,1,0
BRDA:132,17,0,0
BRDA:132,17,1,0
BRDA:132,18,0,0
BRDA:132,18,1,0
BRDA:138,19,0,0
BRDA:138,19,1,0
BRDA:138,20,0,0
BRDA:138,20,1,0
BRDA:139,21,0,0
BRDA:139,21,1,0
BRF:45
BRH:0
end_of_record
TN:
SF:lib\search-helper.js
FN:24,getSearchReference
FN:35,getCategoryToSort
FN:52,getOilOnlyKeywords
FNF:3
FNH:3
FNDA:8,getSearchReference
FNDA:3,getCategoryToSort
FNDA:2,getOilOnlyKeywords
DA:15,1
DA:18,1
DA:25,8
DA:26,1
DA:28,8
DA:36,3
DA:37,3
DA:39,3
DA:40,3
DA:41,48
DA:42,45
DA:45,3
DA:53,2
DA:54,2
DA:59,1
LF:15
LH:15
BRDA:25,0,0,1
BRDA:25,0,1,7
BRDA:26,1,0,1
BRDA:26,1,1,0
BRDA:37,2,0,3
BRDA:37,2,1,0
BRDA:41,3,0,45
BRDA:41,3,1,3
BRDA:54,4,0,2
BRDA:54,4,1,0
BRF:10
BRH:7
end_of_record
TN:
SF:lib\vehicle-matcher.js
FN:25,getVehicleSpecs
FN:37,getMetadata
FN:52,createEmptyMatchResult
FN:87,matchVehicle
FN:138,matchByAlias
FN:226,matchByKeywords
FN:364,detectElectricVehicle
FN:417,getVehicleSpec
FN:464,isScooterVehicle
FN:478,(anonymous_9)
FN:488,isMotorcycleProduct
FN:502,getMotorcycleBrands
FN:514,getScooterBrands
FN:522,clearCache
FNF:14
FNH:0
FNDA:0,getVehicleSpecs
FNDA:0,getMetadata
FNDA:0,createEmptyMatchResult
FNDA:0,matchVehicle
FNDA:0,matchByAlias
FNDA:0,matchByKeywords
FNDA:0,detectElectricVehicle
FNDA:0,getVehicleSpec
FNDA:0,isScooterVehicle
FNDA:0,(anonymous_9)
FNDA:0,isMotorcycleProduct
FNDA:0,getMotorcycleBrands
FNDA:0,getScooterBrands
FNDA:0,clearCache
DA:16,0
DA:19,0
DA:20,0
DA:26,0
DA:27,0
DA:28,0
DA:29,0
DA:31,0
DA:38,0
DA:39,0
DA:41,0
DA:53,0
DA:88,0
DA:89,0
DA:90,0
DA:91,0
DA:94,0
DA:95,0
DA:96,0
DA:97,0
DA:98,0
DA:102,0
DA:103,0
DA:104,0
DA:105,0
DA:106,0
DA:107,0
DA:108,0
DA:113,0
DA:114,0
DA:117,0
DA:120,0
DA:121,0
DA:124,0
DA:125,0
DA:128,0
DA:139,0
DA:140,0
DA:142,0
DA:144,0
DA:145,0
DA:147,0
DA:149,0
DA:151,0
DA:153,0
DA:155,0
DA:156,0
DA:157,0
DA:158,0
DA:159,0
DA:160,0
DA:161,0
DA:162,0
DA:165,0
DA:166,0
DA:167,0
DA:168,0
DA:169,0
DA:170,0
DA:171,0
DA:174,0
DA:175,0
DA:176,0
DA:177,0
DA:179,0
DA:183,0
DA:184,0
DA:188,0
DA:189,0
DA:191,0
DA:192,0
DA:196,0
DA:197,0
DA:199,0
DA:200,0
DA:202,0
DA:203,0
DA:206,0
DA:207,0
DA:215,0
DA:227,0
DA:228,0
DA:229,0
DA:232,0
DA:233,0
DA:236,0
DA:239,0
DA:240,0
DA:241,0
DA:242,0
DA:243,0
DA:244,0
DA:245,0
DA:246,0
DA:251,0
DA:252,0
DA:253,0
DA:254,0
DA:255,0
DA:256,0
DA:257,0
DA:258,0
DA:259,0
DA:260,0
DA:261,0
DA:262,0
DA:265,0
DA:269,0
DA:270,0
DA:271,0
DA:272,0
DA:273,0
DA:274,0
DA:275,0
DA:277,0
DA:282,0
DA:283,0
DA:284,0
DA:285,0
DA:286,0
DA:287,0
DA:288,0
DA:290,0
DA:296,0
DA:297,0
DA:301,0
DA:302,0
DA:303,0
DA:309,0
DA:310,0
DA:311,0
DA:312,0
DA:313,0
DA:314,0
DA:315,0
DA:319,0
DA:320,0
DA:321,0
DA:322,0
DA:323,0
DA:324,0
DA:325,0
DA:326,0
DA:331,0
DA:332,0
DA:333,0
DA:334,0
DA:335,0
DA:336,0
DA:337,0
DA:338,0
DA:343,0
DA:344,0
DA:345,0
DA:346,0
DA:347,0
DA:348,0
DA:349,0
DA:350,0
DA:354,0
DA:365,0
DA:366,0
DA:369,0
DA:371,0
DA:372,0
DA:373,0
DA:374,0
DA:375,0
DA:376,0
DA:377,0
DA:378,0
DA:383,0
DA:385,0
DA:386,0
DA:387,0
DA:388,0
DA:389,0
DA:390,0
DA:391,0
DA:396,0
DA:397,0
DA:398,0
DA:399,0
DA:400,0
DA:401,0
DA:418,0
DA:419,0
DA:421,0
DA:422,0
DA:424,0
DA:426,0
DA:428,0
DA:429,0
DA:430,0
DA:432,0
DA:434,0
DA:435,0
DA:438,0
DA:440,0
DA:442,0
DA:443,0
DA:448,0
DA:449,0
DA:454,0
DA:465,0
DA:468,0
DA:469,0
DA:472,0
DA:473,0
DA:476,0
DA:477,0
DA:478,0
DA:489,0
DA:490,0
DA:491,0
DA:492,0
DA:503,0
DA:504,0
DA:515,0
DA:516,0
DA:523,0
DA:524,0
DA:525,0
DA:531,0
LF:224
LH:0
BRDA:26,0,0,0
BRDA:26,0,1,0
BRDA:27,1,0,0
BRDA:27,1,1,0
BRDA:28,2,0,0
BRDA:28,2,1,0
BRDA:38,3,0,0
BRDA:38,3,1,0
BRDA:87,4,0,0
BRDA:95,5,0,0
BRDA:95,5,1,0
BRDA:102,6,0,0
BRDA:102,6,1,0
BRDA:104,7,0,0
BRDA:104,7,1,0
BRDA:120,8,0,0
BRDA:120,8,1,0
BRDA:124,9,0,0
BRDA:124,9,1,0
BRDA:144,10,0,0
BRDA:144,10,1,0
BRDA:145,11,0,0
BRDA:145,11,1,0
BRDA:145,12,0,0
BRDA:145,12,1,0
BRDA:149,13,0,0
BRDA:149,13,1,0
BRDA:151,14,0,0
BRDA:151,14,1,0
BRDA:155,15,0,0
BRDA:155,15,1,0
BRDA:155,16,0,0
BRDA:155,16,1,0
BRDA:157,17,0,0
BRDA:157,17,1,0
BRDA:165,18,0,0
BRDA:165,18,1,0
BRDA:171,19,0,0
BRDA:171,19,1,0
BRDA:171,20,0,0
BRDA:171,20,1,0
BRDA:171,20,2,0
BRDA:183,21,0,0
BRDA:183,21,1,0
BRDA:184,22,0,0
BRDA:184,22,1,0
BRDA:188,23,0,0
BRDA:188,23,1,0
BRDA:191,24,0,0
BRDA:191,24,1,0
BRDA:192,25,0,0
BRDA:192,25,1,0
BRDA:196,26,0,0
BRDA:196,26,1,0
BRDA:199,27,0,0
BRDA:199,27,1,0
BRDA:202,28,0,0
BRDA:202,28,1,0
BRDA:229,29,0,0
BRDA:229,29,1,0
BRDA:232,30,0,0
BRDA:232,30,1,0
BRDA:233,31,0,0
BRDA:233,31,1,0
BRDA:236,32,0,0
BRDA:236,32,1,0
BRDA:240,33,0,0
BRDA:240,33,1,0
BRDA:254,34,0,0
BRDA:254,34,1,0
BRDA:265,35,0,0
BRDA:265,35,1,0
BRDA:271,36,0,0
BRDA:271,36,1,0
BRDA:274,37,0,0
BRDA:274,37,1,0
BRDA:283,38,0,0
BRDA:283,38,1,0
BRDA:285,39,0,0
BRDA:285,39,1,0
BRDA:287,40,0,0
BRDA:287,40,1,0
BRDA:296,41,0,0
BRDA:296,41,1,0
BRDA:301,42,0,0
BRDA:301,42,1,0
BRDA:302,43,0,0
BRDA:302,43,1,0
BRDA:303,44,0,0
BRDA:303,44,1,0
BRDA:310,45,0,0
BRDA:310,45,1,0
BRDA:320,46,0,0
BRDA:320,46,1,0
BRDA:331,47,0,0
BRDA:331,47,1,0
BRDA:333,48,0,0
BRDA:333,48,1,0
BRDA:343,49,0,0
BRDA:343,49,1,0
BRDA:345,50,0,0
BRDA:345,50,1,0
BRDA:366,51,0,0
BRDA:366,51,1,0
BRDA:369,52,0,0
BRDA:369,52,1,0
BRDA:372,53,0,0
BRDA:372,53,1,0
BRDA:383,54,0,0
BRDA:383,54,1,0
BRDA:386,55,0,0
BRDA:386,55,1,0
BRDA:396,56,0,0
BRDA:396,56,1,0
BRDA:398,57,0,0
BRDA:398,57,1,0
BRDA:417,58,0,0
BRDA:419,59,0,0
BRDA:419,59,1,0
BRDA:422,60,0,0
BRDA:422,60,1,0
BRDA:424,61,0,0
BRDA:424,61,1,0
BRDA:429,62,0,0
BRDA:429,62,1,0
BRDA:435,63,0,0
BRDA:435,63,1,0
BRDA:440,64,0,0
BRDA:440,64,1,0
BRDA:440,65,0,0
BRDA:440,65,1,0
BRDA:442,66,0,0
BRDA:442,66,1,0
BRDA:448,67,0,0
BRDA:448,67,1,0
BRDA:465,68,0,0
BRDA:465,68,1,0
BRDA:468,69,0,0
BRDA:468,69,1,0
BRDA:469,70,0,0
BRDA:469,70,1,0
BRDA:472,71,0,0
BRDA:472,71,1,0
BRDA:473,72,0,0
BRDA:473,72,1,0
BRDA:477,73,0,0
BRDA:477,73,1,0
BRDA:477,73,2,0
BRDA:489,74,0,0
BRDA:489,74,1,0
BRDA:490,75,0,0
BRDA:490,75,1,0
BRDA:491,76,0,0
BRDA:491,76,1,0
BRDA:492,77,0,0
BRDA:492,77,1,0
BRDA:492,77,2,0
BRDA:492,77,3,0
BRDA:504,78,0,0
BRDA:504,78,1,0
BRDA:516,79,0,0
BRDA:516,79,1,0
BRF:162
BRH:0
end_of_record
